<?xml version="1.0" encoding="UTF-8"?>
<robot generator="Robot 3.2.1 (Python 3.7.2 on win32)" generated="20200615 23:56:17.295" rpa="false">
<suite id="s1" name="robotbase" source="F:\work\project\ui-api-robotframework\uitest_base">
<suite id="s1-s1" name="Parallel Test" source="F:\work\project\ui-api-robotframework\uitest_base\parallel_test">
<suite id="s1-s1-s1" name="Suite1" source="F:\work\project\ui-api-robotframework\uitest_base\parallel_test\suite1.robot">
<kw name="Ui Suite Setup" library="autotest" type="setup">
<kw name="Run Only Once" library="pabot.PabotLib">
<doc>Runs a keyword only once in one of the parallel processes.
[https://pabot.org/PabotLib.html?ref=log#run-only-once|Open online docs.]</doc>
<arguments>
<arg>Init Resource</arg>
</arguments>
<msg timestamp="20200615 23:57:01.911" level="INFO">Skipped in this item</msg>
<msg timestamp="20200615 23:57:01.914" level="INFO">#############in log_message
{'timestamp': '20200615 23:57:01.911', 'message': 'Skipped in this item', 'level': 'INFO', 'html': 'no'}
xxxxxxxxxxxxxxxx</msg>
<status status="PASS" starttime="20200615 23:57:01.895" endtime="20200615 23:57:01.915"></status>
</kw>
<kw name="Log" library="BuiltIn">
<doc>Logs the given message with the given level.</doc>
<arguments>
<arg>${DEVICE_LIST}</arg>
</arguments>
<msg timestamp="20200615 23:57:01.916" level="INFO">['ui', 'ui']</msg>
<msg timestamp="20200615 23:57:01.917" level="INFO">#############in log_message
{'timestamp': '20200615 23:57:01.916', 'message': "['ui', 'ui']", 'level': 'INFO', 'html': 'no'}
xxxxxxxxxxxxxxxx</msg>
<status status="PASS" starttime="20200615 23:57:01.916" endtime="20200615 23:57:01.917"></status>
</kw>
<kw name="Return Randint" library="Compute">
<arguments>
<arg>3</arg>
<arg>10</arg>
</arguments>
<assign>
<var>${interval}</var>
</assign>
<msg timestamp="20200615 23:57:01.918" level="INFO">${interval} = 7</msg>
<status status="PASS" starttime="20200615 23:57:01.918" endtime="20200615 23:57:01.919"></status>
</kw>
<kw name="Wait Until Keyword Succeeds" library="BuiltIn">
<doc>Runs the specified keyword and retries if it fails.</doc>
<arguments>
<arg>2min</arg>
<arg>${interval}s</arg>
<arg>Acquire Device</arg>
</arguments>
<kw name="Acquire Device" library="ResourcesSyn">
<kw name="Acquire Lock" library="pabot.PabotLib">
<doc>Wait for a lock with name.
[https://pabot.org/PabotLib.html?ref=log#acquire-lock|Open online docs.]</doc>
<arguments>
<arg>'DeviceLock'</arg>
</arguments>
<status status="PASS" starttime="20200615 23:57:01.921" endtime="20200615 23:57:01.926"></status>
</kw>
<kw name="Get Parallel Value For Key" library="pabot.PabotLib">
<doc>Get the value for a key. If there is no value for the key then empty
string is returned.
[https://pabot.org/PabotLib.html?ref=log#get-parallel-value-for-key|Open online docs.]</doc>
<arguments>
<arg>'avialable_devices'</arg>
</arguments>
<assign>
<var>${avialable}</var>
</assign>
<msg timestamp="20200615 23:57:01.932" level="INFO">${avialable} = [{'type': 'api', 'ip': '192.168.100.2', 'health': '1'}, {'type': 'api', 'ip': '192.168.100.1', 'health': '1'}]</msg>
<status status="PASS" starttime="20200615 23:57:01.927" endtime="20200615 23:57:01.932"></status>
</kw>
<kw name="Log" library="BuiltIn">
<doc>Logs the given message with the given level.</doc>
<arguments>
<arg>${avialable}</arg>
</arguments>
<msg timestamp="20200615 23:57:01.933" level="INFO">[{'type': 'api', 'ip': '192.168.100.2', 'health': '1'}, {'type': 'api', 'ip': '192.168.100.1', 'health': '1'}]</msg>
<msg timestamp="20200615 23:57:01.934" level="INFO">#############in log_message
{'timestamp': '20200615 23:57:01.933', 'message': "[{'type': 'api', 'ip': '192.168.100.2', 'health': '1'}, {'type': 'api', 'ip': '192.168.100.1', 'health': '1'}]", 'level': 'INFO', 'html': 'no'}
xxxxxxxxxxxxxxxx</msg>
<status status="PASS" starttime="20200615 23:57:01.933" endtime="20200615 23:57:01.934"></status>
</kw>
<kw name="Run Keyword And Return Status" library="BuiltIn">
<doc>Runs the given keyword with given arguments and returns the status as a Boolean value.</doc>
<arguments>
<arg>Variable Should Exist</arg>
<arg>${DEVICE_LIST}</arg>
</arguments>
<assign>
<var>${dev}</var>
</assign>
<kw name="Variable Should Exist" library="BuiltIn">
<doc>Fails unless the given variable exists within the current scope.</doc>
<arguments>
<arg>${DEVICE_LIST}</arg>
</arguments>
<status status="PASS" starttime="20200615 23:57:01.936" endtime="20200615 23:57:01.937"></status>
</kw>
<msg timestamp="20200615 23:57:01.937" level="INFO">${dev} = True</msg>
<status status="PASS" starttime="20200615 23:57:01.935" endtime="20200615 23:57:01.937"></status>
</kw>
<kw name="Return From Keyword If" library="BuiltIn">
<doc>Returns from the enclosing user keyword if ``condition`` is true.</doc>
<arguments>
<arg>${dev}==${False}</arg>
<arg>'devicelist is null'</arg>
</arguments>
<status status="PASS" starttime="20200615 23:57:01.938" endtime="20200615 23:57:01.939"></status>
</kw>
<kw name="Search Device" library="ResourcesSyn">
<arguments>
<arg>${DEVICE_LIST}</arg>
<arg>${avialable}</arg>
</arguments>
<assign>
<var>${result}</var>
</assign>
<msg timestamp="20200615 23:57:01.941" level="INFO">${result} = False</msg>
<status status="PASS" starttime="20200615 23:57:01.939" endtime="20200615 23:57:01.941"></status>
</kw>
<kw name="Run Keyword If" library="BuiltIn">
<doc>Runs the given keyword with the given arguments, if ``condition`` is true.</doc>
<arguments>
<arg>${result}==${False}</arg>
<arg>Release Lock</arg>
<arg>'DeviceLock'</arg>
</arguments>
<kw name="Release Lock" library="pabot.PabotLib">
<doc>Release a lock with name.
[https://pabot.org/PabotLib.html?ref=log#release-lock|Open online docs.]</doc>
<arguments>
<arg>'DeviceLock'</arg>
</arguments>
<status status="PASS" starttime="20200615 23:57:01.943" endtime="20200615 23:57:01.947"></status>
</kw>
<status status="PASS" starttime="20200615 23:57:01.942" endtime="20200615 23:57:01.948"></status>
</kw>
<kw name="Run Keyword If" library="BuiltIn">
<doc>Runs the given keyword with the given arguments, if ``condition`` is true.</doc>
<arguments>
<arg>${result}==${False}</arg>
<arg>Should Be True</arg>
<arg>${1} == ${0}</arg>
</arguments>
<kw name="Should Be True" library="BuiltIn">
<doc>Fails if the given condition is not true.</doc>
<arguments>
<arg>${1} == ${0}</arg>
</arguments>
<msg timestamp="20200615 23:57:01.951" level="FAIL">'1 == 0' should be true.</msg>
<status status="FAIL" starttime="20200615 23:57:01.950" endtime="20200615 23:57:01.951"></status>
</kw>
<status status="FAIL" starttime="20200615 23:57:01.948" endtime="20200615 23:57:01.952"></status>
</kw>
<status status="FAIL" starttime="20200615 23:57:01.920" endtime="20200615 23:57:01.952"></status>
</kw>
<kw name="Acquire Device" library="ResourcesSyn">
<kw name="Acquire Lock" library="pabot.PabotLib">
<doc>Wait for a lock with name.
[https://pabot.org/PabotLib.html?ref=log#acquire-lock|Open online docs.]</doc>
<arguments>
<arg>'DeviceLock'</arg>
</arguments>
<status status="PASS" starttime="20200615 23:57:08.955" endtime="20200615 23:57:08.964"></status>
</kw>
<kw name="Get Parallel Value For Key" library="pabot.PabotLib">
<doc>Get the value for a key. If there is no value for the key then empty
string is returned.
[https://pabot.org/PabotLib.html?ref=log#get-parallel-value-for-key|Open online docs.]</doc>
<arguments>
<arg>'avialable_devices'</arg>
</arguments>
<assign>
<var>${avialable}</var>
</assign>
<msg timestamp="20200615 23:57:08.975" level="INFO">${avialable} = [{'type': 'api', 'ip': '192.168.100.2', 'health': '1'}, {'type': 'api', 'ip': '192.168.100.1', 'health': '1'}]</msg>
<status status="PASS" starttime="20200615 23:57:08.965" endtime="20200615 23:57:08.976"></status>
</kw>
<kw name="Log" library="BuiltIn">
<doc>Logs the given message with the given level.</doc>
<arguments>
<arg>${avialable}</arg>
</arguments>
<msg timestamp="20200615 23:57:08.979" level="INFO">[{'type': 'api', 'ip': '192.168.100.2', 'health': '1'}, {'type': 'api', 'ip': '192.168.100.1', 'health': '1'}]</msg>
<msg timestamp="20200615 23:57:08.979" level="INFO">#############in log_message
{'timestamp': '20200615 23:57:08.979', 'message': "[{'type': 'api', 'ip': '192.168.100.2', 'health': '1'}, {'type': 'api', 'ip': '192.168.100.1', 'health': '1'}]", 'level': 'INFO', 'html': 'no'}
xxxxxxxxxxxxxxxx</msg>
<status status="PASS" starttime="20200615 23:57:08.977" endtime="20200615 23:57:08.980"></status>
</kw>
<kw name="Run Keyword And Return Status" library="BuiltIn">
<doc>Runs the given keyword with given arguments and returns the status as a Boolean value.</doc>
<arguments>
<arg>Variable Should Exist</arg>
<arg>${DEVICE_LIST}</arg>
</arguments>
<assign>
<var>${dev}</var>
</assign>
<kw name="Variable Should Exist" library="BuiltIn">
<doc>Fails unless the given variable exists within the current scope.</doc>
<arguments>
<arg>${DEVICE_LIST}</arg>
</arguments>
<status status="PASS" starttime="20200615 23:57:08.984" endtime="20200615 23:57:08.986"></status>
</kw>
<msg timestamp="20200615 23:57:08.987" level="INFO">${dev} = True</msg>
<status status="PASS" starttime="20200615 23:57:08.981" endtime="20200615 23:57:08.987"></status>
</kw>
<kw name="Return From Keyword If" library="BuiltIn">
<doc>Returns from the enclosing user keyword if ``condition`` is true.</doc>
<arguments>
<arg>${dev}==${False}</arg>
<arg>'devicelist is null'</arg>
</arguments>
<status status="PASS" starttime="20200615 23:57:08.988" endtime="20200615 23:57:08.989"></status>
</kw>
<kw name="Search Device" library="ResourcesSyn">
<arguments>
<arg>${DEVICE_LIST}</arg>
<arg>${avialable}</arg>
</arguments>
<assign>
<var>${result}</var>
</assign>
<msg timestamp="20200615 23:57:08.991" level="INFO">${result} = False</msg>
<status status="PASS" starttime="20200615 23:57:08.989" endtime="20200615 23:57:08.991"></status>
</kw>
<kw name="Run Keyword If" library="BuiltIn">
<doc>Runs the given keyword with the given arguments, if ``condition`` is true.</doc>
<arguments>
<arg>${result}==${False}</arg>
<arg>Release Lock</arg>
<arg>'DeviceLock'</arg>
</arguments>
<kw name="Release Lock" library="pabot.PabotLib">
<doc>Release a lock with name.
[https://pabot.org/PabotLib.html?ref=log#release-lock|Open online docs.]</doc>
<arguments>
<arg>'DeviceLock'</arg>
</arguments>
<status status="PASS" starttime="20200615 23:57:08.993" endtime="20200615 23:57:08.998"></status>
</kw>
<status status="PASS" starttime="20200615 23:57:08.992" endtime="20200615 23:57:08.999"></status>
</kw>
<kw name="Run Keyword If" library="BuiltIn">
<doc>Runs the given keyword with the given arguments, if ``condition`` is true.</doc>
<arguments>
<arg>${result}==${False}</arg>
<arg>Should Be True</arg>
<arg>${1} == ${0}</arg>
</arguments>
<kw name="Should Be True" library="BuiltIn">
<doc>Fails if the given condition is not true.</doc>
<arguments>
<arg>${1} == ${0}</arg>
</arguments>
<msg timestamp="20200615 23:57:09.003" level="FAIL">'1 == 0' should be true.</msg>
<status status="FAIL" starttime="20200615 23:57:09.002" endtime="20200615 23:57:09.004"></status>
</kw>
<status status="FAIL" starttime="20200615 23:57:09.000" endtime="20200615 23:57:09.004"></status>
</kw>
<status status="FAIL" starttime="20200615 23:57:08.953" endtime="20200615 23:57:09.005"></status>
</kw>
<kw name="Acquire Device" library="ResourcesSyn">
<kw name="Acquire Lock" library="pabot.PabotLib">
<doc>Wait for a lock with name.
[https://pabot.org/PabotLib.html?ref=log#acquire-lock|Open online docs.]</doc>
<arguments>
<arg>'DeviceLock'</arg>
</arguments>
<status status="PASS" starttime="20200615 23:57:16.009" endtime="20200615 23:57:16.018"></status>
</kw>
<kw name="Get Parallel Value For Key" library="pabot.PabotLib">
<doc>Get the value for a key. If there is no value for the key then empty
string is returned.
[https://pabot.org/PabotLib.html?ref=log#get-parallel-value-for-key|Open online docs.]</doc>
<arguments>
<arg>'avialable_devices'</arg>
</arguments>
<assign>
<var>${avialable}</var>
</assign>
<msg timestamp="20200615 23:57:16.029" level="INFO">${avialable} = [{'type': 'api', 'ip': '192.168.100.2', 'health': '1'}, {'type': 'api', 'ip': '192.168.100.1', 'health': '1'}]</msg>
<status status="PASS" starttime="20200615 23:57:16.019" endtime="20200615 23:57:16.029"></status>
</kw>
<kw name="Log" library="BuiltIn">
<doc>Logs the given message with the given level.</doc>
<arguments>
<arg>${avialable}</arg>
</arguments>
<msg timestamp="20200615 23:57:16.032" level="INFO">[{'type': 'api', 'ip': '192.168.100.2', 'health': '1'}, {'type': 'api', 'ip': '192.168.100.1', 'health': '1'}]</msg>
<msg timestamp="20200615 23:57:16.032" level="INFO">#############in log_message
{'timestamp': '20200615 23:57:16.032', 'message': "[{'type': 'api', 'ip': '192.168.100.2', 'health': '1'}, {'type': 'api', 'ip': '192.168.100.1', 'health': '1'}]", 'level': 'INFO', 'html': 'no'}
xxxxxxxxxxxxxxxx</msg>
<status status="PASS" starttime="20200615 23:57:16.031" endtime="20200615 23:57:16.033"></status>
</kw>
<kw name="Run Keyword And Return Status" library="BuiltIn">
<doc>Runs the given keyword with given arguments and returns the status as a Boolean value.</doc>
<arguments>
<arg>Variable Should Exist</arg>
<arg>${DEVICE_LIST}</arg>
</arguments>
<assign>
<var>${dev}</var>
</assign>
<kw name="Variable Should Exist" library="BuiltIn">
<doc>Fails unless the given variable exists within the current scope.</doc>
<arguments>
<arg>${DEVICE_LIST}</arg>
</arguments>
<status status="PASS" starttime="20200615 23:57:16.037" endtime="20200615 23:57:16.039"></status>
</kw>
<msg timestamp="20200615 23:57:16.040" level="INFO">${dev} = True</msg>
<status status="PASS" starttime="20200615 23:57:16.035" endtime="20200615 23:57:16.040"></status>
</kw>
<kw name="Return From Keyword If" library="BuiltIn">
<doc>Returns from the enclosing user keyword if ``condition`` is true.</doc>
<arguments>
<arg>${dev}==${False}</arg>
<arg>'devicelist is null'</arg>
</arguments>
<status status="PASS" starttime="20200615 23:57:16.041" endtime="20200615 23:57:16.042"></status>
</kw>
<kw name="Search Device" library="ResourcesSyn">
<arguments>
<arg>${DEVICE_LIST}</arg>
<arg>${avialable}</arg>
</arguments>
<assign>
<var>${result}</var>
</assign>
<msg timestamp="20200615 23:57:16.046" level="INFO">${result} = False</msg>
<status status="PASS" starttime="20200615 23:57:16.044" endtime="20200615 23:57:16.046"></status>
</kw>
<kw name="Run Keyword If" library="BuiltIn">
<doc>Runs the given keyword with the given arguments, if ``condition`` is true.</doc>
<arguments>
<arg>${result}==${False}</arg>
<arg>Release Lock</arg>
<arg>'DeviceLock'</arg>
</arguments>
<kw name="Release Lock" library="pabot.PabotLib">
<doc>Release a lock with name.
[https://pabot.org/PabotLib.html?ref=log#release-lock|Open online docs.]</doc>
<arguments>
<arg>'DeviceLock'</arg>
</arguments>
<status status="PASS" starttime="20200615 23:57:16.050" endtime="20200615 23:57:16.057"></status>
</kw>
<status status="PASS" starttime="20200615 23:57:16.048" endtime="20200615 23:57:16.058"></status>
</kw>
<kw name="Run Keyword If" library="BuiltIn">
<doc>Runs the given keyword with the given arguments, if ``condition`` is true.</doc>
<arguments>
<arg>${result}==${False}</arg>
<arg>Should Be True</arg>
<arg>${1} == ${0}</arg>
</arguments>
<kw name="Should Be True" library="BuiltIn">
<doc>Fails if the given condition is not true.</doc>
<arguments>
<arg>${1} == ${0}</arg>
</arguments>
<msg timestamp="20200615 23:57:16.065" level="FAIL">'1 == 0' should be true.</msg>
<status status="FAIL" starttime="20200615 23:57:16.061" endtime="20200615 23:57:16.065"></status>
</kw>
<status status="FAIL" starttime="20200615 23:57:16.059" endtime="20200615 23:57:16.066"></status>
</kw>
<status status="FAIL" starttime="20200615 23:57:16.007" endtime="20200615 23:57:16.067"></status>
</kw>
<kw name="Acquire Device" library="ResourcesSyn">
<kw name="Acquire Lock" library="pabot.PabotLib">
<doc>Wait for a lock with name.
[https://pabot.org/PabotLib.html?ref=log#acquire-lock|Open online docs.]</doc>
<arguments>
<arg>'DeviceLock'</arg>
</arguments>
<status status="PASS" starttime="20200615 23:57:23.070" endtime="20200615 23:57:23.079"></status>
</kw>
<kw name="Get Parallel Value For Key" library="pabot.PabotLib">
<doc>Get the value for a key. If there is no value for the key then empty
string is returned.
[https://pabot.org/PabotLib.html?ref=log#get-parallel-value-for-key|Open online docs.]</doc>
<arguments>
<arg>'avialable_devices'</arg>
</arguments>
<assign>
<var>${avialable}</var>
</assign>
<msg timestamp="20200615 23:57:23.090" level="INFO">${avialable} = [{'type': 'api', 'ip': '192.168.100.2', 'health': '1'}, {'type': 'api', 'ip': '192.168.100.1', 'health': '1'}]</msg>
<status status="PASS" starttime="20200615 23:57:23.081" endtime="20200615 23:57:23.091"></status>
</kw>
<kw name="Log" library="BuiltIn">
<doc>Logs the given message with the given level.</doc>
<arguments>
<arg>${avialable}</arg>
</arguments>
<msg timestamp="20200615 23:57:23.094" level="INFO">[{'type': 'api', 'ip': '192.168.100.2', 'health': '1'}, {'type': 'api', 'ip': '192.168.100.1', 'health': '1'}]</msg>
<msg timestamp="20200615 23:57:23.094" level="INFO">#############in log_message
{'timestamp': '20200615 23:57:23.094', 'message': "[{'type': 'api', 'ip': '192.168.100.2', 'health': '1'}, {'type': 'api', 'ip': '192.168.100.1', 'health': '1'}]", 'level': 'INFO', 'html': 'no'}
xxxxxxxxxxxxxxxx</msg>
<status status="PASS" starttime="20200615 23:57:23.092" endtime="20200615 23:57:23.095"></status>
</kw>
<kw name="Run Keyword And Return Status" library="BuiltIn">
<doc>Runs the given keyword with given arguments and returns the status as a Boolean value.</doc>
<arguments>
<arg>Variable Should Exist</arg>
<arg>${DEVICE_LIST}</arg>
</arguments>
<assign>
<var>${dev}</var>
</assign>
<kw name="Variable Should Exist" library="BuiltIn">
<doc>Fails unless the given variable exists within the current scope.</doc>
<arguments>
<arg>${DEVICE_LIST}</arg>
</arguments>
<status status="PASS" starttime="20200615 23:57:23.098" endtime="20200615 23:57:23.100"></status>
</kw>
<msg timestamp="20200615 23:57:23.101" level="INFO">${dev} = True</msg>
<status status="PASS" starttime="20200615 23:57:23.096" endtime="20200615 23:57:23.102"></status>
</kw>
<kw name="Return From Keyword If" library="BuiltIn">
<doc>Returns from the enclosing user keyword if ``condition`` is true.</doc>
<arguments>
<arg>${dev}==${False}</arg>
<arg>'devicelist is null'</arg>
</arguments>
<status status="PASS" starttime="20200615 23:57:23.103" endtime="20200615 23:57:23.105"></status>
</kw>
<kw name="Search Device" library="ResourcesSyn">
<arguments>
<arg>${DEVICE_LIST}</arg>
<arg>${avialable}</arg>
</arguments>
<assign>
<var>${result}</var>
</assign>
<msg timestamp="20200615 23:57:23.109" level="INFO">${result} = False</msg>
<status status="PASS" starttime="20200615 23:57:23.106" endtime="20200615 23:57:23.110"></status>
</kw>
<kw name="Run Keyword If" library="BuiltIn">
<doc>Runs the given keyword with the given arguments, if ``condition`` is true.</doc>
<arguments>
<arg>${result}==${False}</arg>
<arg>Release Lock</arg>
<arg>'DeviceLock'</arg>
</arguments>
<kw name="Release Lock" library="pabot.PabotLib">
<doc>Release a lock with name.
[https://pabot.org/PabotLib.html?ref=log#release-lock|Open online docs.]</doc>
<arguments>
<arg>'DeviceLock'</arg>
</arguments>
<status status="PASS" starttime="20200615 23:57:23.113" endtime="20200615 23:57:23.120"></status>
</kw>
<status status="PASS" starttime="20200615 23:57:23.111" endtime="20200615 23:57:23.121"></status>
</kw>
<kw name="Run Keyword If" library="BuiltIn">
<doc>Runs the given keyword with the given arguments, if ``condition`` is true.</doc>
<arguments>
<arg>${result}==${False}</arg>
<arg>Should Be True</arg>
<arg>${1} == ${0}</arg>
</arguments>
<kw name="Should Be True" library="BuiltIn">
<doc>Fails if the given condition is not true.</doc>
<arguments>
<arg>${1} == ${0}</arg>
</arguments>
<msg timestamp="20200615 23:57:23.125" level="FAIL">'1 == 0' should be true.</msg>
<status status="FAIL" starttime="20200615 23:57:23.123" endtime="20200615 23:57:23.125"></status>
</kw>
<status status="FAIL" starttime="20200615 23:57:23.122" endtime="20200615 23:57:23.125"></status>
</kw>
<status status="FAIL" starttime="20200615 23:57:23.068" endtime="20200615 23:57:23.126"></status>
</kw>
<kw name="Acquire Device" library="ResourcesSyn">
<kw name="Acquire Lock" library="pabot.PabotLib">
<doc>Wait for a lock with name.
[https://pabot.org/PabotLib.html?ref=log#acquire-lock|Open online docs.]</doc>
<arguments>
<arg>'DeviceLock'</arg>
</arguments>
<status status="PASS" starttime="20200615 23:57:30.128" endtime="20200615 23:57:30.134"></status>
</kw>
<kw name="Get Parallel Value For Key" library="pabot.PabotLib">
<doc>Get the value for a key. If there is no value for the key then empty
string is returned.
[https://pabot.org/PabotLib.html?ref=log#get-parallel-value-for-key|Open online docs.]</doc>
<arguments>
<arg>'avialable_devices'</arg>
</arguments>
<assign>
<var>${avialable}</var>
</assign>
<msg timestamp="20200615 23:57:30.141" level="INFO">${avialable} = [{'type': 'api', 'ip': '192.168.100.2', 'health': '1'}, {'type': 'api', 'ip': '192.168.100.1', 'health': '1'}]</msg>
<status status="PASS" starttime="20200615 23:57:30.134" endtime="20200615 23:57:30.141"></status>
</kw>
<kw name="Log" library="BuiltIn">
<doc>Logs the given message with the given level.</doc>
<arguments>
<arg>${avialable}</arg>
</arguments>
<msg timestamp="20200615 23:57:30.142" level="INFO">[{'type': 'api', 'ip': '192.168.100.2', 'health': '1'}, {'type': 'api', 'ip': '192.168.100.1', 'health': '1'}]</msg>
<msg timestamp="20200615 23:57:30.143" level="INFO">#############in log_message
{'timestamp': '20200615 23:57:30.142', 'message': "[{'type': 'api', 'ip': '192.168.100.2', 'health': '1'}, {'type': 'api', 'ip': '192.168.100.1', 'health': '1'}]", 'level': 'INFO', 'html': 'no'}
xxxxxxxxxxxxxxxx</msg>
<status status="PASS" starttime="20200615 23:57:30.142" endtime="20200615 23:57:30.143"></status>
</kw>
<kw name="Run Keyword And Return Status" library="BuiltIn">
<doc>Runs the given keyword with given arguments and returns the status as a Boolean value.</doc>
<arguments>
<arg>Variable Should Exist</arg>
<arg>${DEVICE_LIST}</arg>
</arguments>
<assign>
<var>${dev}</var>
</assign>
<kw name="Variable Should Exist" library="BuiltIn">
<doc>Fails unless the given variable exists within the current scope.</doc>
<arguments>
<arg>${DEVICE_LIST}</arg>
</arguments>
<status status="PASS" starttime="20200615 23:57:30.146" endtime="20200615 23:57:30.147"></status>
</kw>
<msg timestamp="20200615 23:57:30.147" level="INFO">${dev} = True</msg>
<status status="PASS" starttime="20200615 23:57:30.144" endtime="20200615 23:57:30.148"></status>
</kw>
<kw name="Return From Keyword If" library="BuiltIn">
<doc>Returns from the enclosing user keyword if ``condition`` is true.</doc>
<arguments>
<arg>${dev}==${False}</arg>
<arg>'devicelist is null'</arg>
</arguments>
<status status="PASS" starttime="20200615 23:57:30.149" endtime="20200615 23:57:30.150"></status>
</kw>
<kw name="Search Device" library="ResourcesSyn">
<arguments>
<arg>${DEVICE_LIST}</arg>
<arg>${avialable}</arg>
</arguments>
<assign>
<var>${result}</var>
</assign>
<msg timestamp="20200615 23:57:30.153" level="INFO">${result} = False</msg>
<status status="PASS" starttime="20200615 23:57:30.151" endtime="20200615 23:57:30.153"></status>
</kw>
<kw name="Run Keyword If" library="BuiltIn">
<doc>Runs the given keyword with the given arguments, if ``condition`` is true.</doc>
<arguments>
<arg>${result}==${False}</arg>
<arg>Release Lock</arg>
<arg>'DeviceLock'</arg>
</arguments>
<kw name="Release Lock" library="pabot.PabotLib">
<doc>Release a lock with name.
[https://pabot.org/PabotLib.html?ref=log#release-lock|Open online docs.]</doc>
<arguments>
<arg>'DeviceLock'</arg>
</arguments>
<status status="PASS" starttime="20200615 23:57:30.156" endtime="20200615 23:57:30.161"></status>
</kw>
<status status="PASS" starttime="20200615 23:57:30.154" endtime="20200615 23:57:30.162"></status>
</kw>
<kw name="Run Keyword If" library="BuiltIn">
<doc>Runs the given keyword with the given arguments, if ``condition`` is true.</doc>
<arguments>
<arg>${result}==${False}</arg>
<arg>Should Be True</arg>
<arg>${1} == ${0}</arg>
</arguments>
<kw name="Should Be True" library="BuiltIn">
<doc>Fails if the given condition is not true.</doc>
<arguments>
<arg>${1} == ${0}</arg>
</arguments>
<msg timestamp="20200615 23:57:30.166" level="FAIL">'1 == 0' should be true.</msg>
<status status="FAIL" starttime="20200615 23:57:30.164" endtime="20200615 23:57:30.167"></status>
</kw>
<status status="FAIL" starttime="20200615 23:57:30.163" endtime="20200615 23:57:30.167"></status>
</kw>
<status status="FAIL" starttime="20200615 23:57:30.127" endtime="20200615 23:57:30.167"></status>
</kw>
<kw name="Acquire Device" library="ResourcesSyn">
<kw name="Acquire Lock" library="pabot.PabotLib">
<doc>Wait for a lock with name.
[https://pabot.org/PabotLib.html?ref=log#acquire-lock|Open online docs.]</doc>
<arguments>
<arg>'DeviceLock'</arg>
</arguments>
<status status="PASS" starttime="20200615 23:57:37.171" endtime="20200615 23:57:37.179"></status>
</kw>
<kw name="Get Parallel Value For Key" library="pabot.PabotLib">
<doc>Get the value for a key. If there is no value for the key then empty
string is returned.
[https://pabot.org/PabotLib.html?ref=log#get-parallel-value-for-key|Open online docs.]</doc>
<arguments>
<arg>'avialable_devices'</arg>
</arguments>
<assign>
<var>${avialable}</var>
</assign>
<msg timestamp="20200615 23:57:37.191" level="INFO">${avialable} = [{'type': 'api', 'ip': '192.168.100.2', 'health': '1'}, {'type': 'api', 'ip': '192.168.100.1', 'health': '1'}]</msg>
<status status="PASS" starttime="20200615 23:57:37.181" endtime="20200615 23:57:37.191"></status>
</kw>
<kw name="Log" library="BuiltIn">
<doc>Logs the given message with the given level.</doc>
<arguments>
<arg>${avialable}</arg>
</arguments>
<msg timestamp="20200615 23:57:37.194" level="INFO">[{'type': 'api', 'ip': '192.168.100.2', 'health': '1'}, {'type': 'api', 'ip': '192.168.100.1', 'health': '1'}]</msg>
<msg timestamp="20200615 23:57:37.195" level="INFO">#############in log_message
{'timestamp': '20200615 23:57:37.194', 'message': "[{'type': 'api', 'ip': '192.168.100.2', 'health': '1'}, {'type': 'api', 'ip': '192.168.100.1', 'health': '1'}]", 'level': 'INFO', 'html': 'no'}
xxxxxxxxxxxxxxxx</msg>
<status status="PASS" starttime="20200615 23:57:37.193" endtime="20200615 23:57:37.195"></status>
</kw>
<kw name="Run Keyword And Return Status" library="BuiltIn">
<doc>Runs the given keyword with given arguments and returns the status as a Boolean value.</doc>
<arguments>
<arg>Variable Should Exist</arg>
<arg>${DEVICE_LIST}</arg>
</arguments>
<assign>
<var>${dev}</var>
</assign>
<kw name="Variable Should Exist" library="BuiltIn">
<doc>Fails unless the given variable exists within the current scope.</doc>
<arguments>
<arg>${DEVICE_LIST}</arg>
</arguments>
<status status="PASS" starttime="20200615 23:57:37.199" endtime="20200615 23:57:37.201"></status>
</kw>
<msg timestamp="20200615 23:57:37.202" level="INFO">${dev} = True</msg>
<status status="PASS" starttime="20200615 23:57:37.197" endtime="20200615 23:57:37.202"></status>
</kw>
<kw name="Return From Keyword If" library="BuiltIn">
<doc>Returns from the enclosing user keyword if ``condition`` is true.</doc>
<arguments>
<arg>${dev}==${False}</arg>
<arg>'devicelist is null'</arg>
</arguments>
<status status="PASS" starttime="20200615 23:57:37.204" endtime="20200615 23:57:37.205"></status>
</kw>
<kw name="Search Device" library="ResourcesSyn">
<arguments>
<arg>${DEVICE_LIST}</arg>
<arg>${avialable}</arg>
</arguments>
<assign>
<var>${result}</var>
</assign>
<msg timestamp="20200615 23:57:37.209" level="INFO">${result} = False</msg>
<status status="PASS" starttime="20200615 23:57:37.207" endtime="20200615 23:57:37.209"></status>
</kw>
<kw name="Run Keyword If" library="BuiltIn">
<doc>Runs the given keyword with the given arguments, if ``condition`` is true.</doc>
<arguments>
<arg>${result}==${False}</arg>
<arg>Release Lock</arg>
<arg>'DeviceLock'</arg>
</arguments>
<kw name="Release Lock" library="pabot.PabotLib">
<doc>Release a lock with name.
[https://pabot.org/PabotLib.html?ref=log#release-lock|Open online docs.]</doc>
<arguments>
<arg>'DeviceLock'</arg>
</arguments>
<status status="PASS" starttime="20200615 23:57:37.213" endtime="20200615 23:57:37.220"></status>
</kw>
<status status="PASS" starttime="20200615 23:57:37.211" endtime="20200615 23:57:37.221"></status>
</kw>
<kw name="Run Keyword If" library="BuiltIn">
<doc>Runs the given keyword with the given arguments, if ``condition`` is true.</doc>
<arguments>
<arg>${result}==${False}</arg>
<arg>Should Be True</arg>
<arg>${1} == ${0}</arg>
</arguments>
<kw name="Should Be True" library="BuiltIn">
<doc>Fails if the given condition is not true.</doc>
<arguments>
<arg>${1} == ${0}</arg>
</arguments>
<msg timestamp="20200615 23:57:37.225" level="FAIL">'1 == 0' should be true.</msg>
<status status="FAIL" starttime="20200615 23:57:37.223" endtime="20200615 23:57:37.225"></status>
</kw>
<status status="FAIL" starttime="20200615 23:57:37.222" endtime="20200615 23:57:37.225"></status>
</kw>
<status status="FAIL" starttime="20200615 23:57:37.169" endtime="20200615 23:57:37.227"></status>
</kw>
<kw name="Acquire Device" library="ResourcesSyn">
<kw name="Acquire Lock" library="pabot.PabotLib">
<doc>Wait for a lock with name.
[https://pabot.org/PabotLib.html?ref=log#acquire-lock|Open online docs.]</doc>
<arguments>
<arg>'DeviceLock'</arg>
</arguments>
<status status="PASS" starttime="20200615 23:57:44.228" endtime="20200615 23:57:44.234"></status>
</kw>
<kw name="Get Parallel Value For Key" library="pabot.PabotLib">
<doc>Get the value for a key. If there is no value for the key then empty
string is returned.
[https://pabot.org/PabotLib.html?ref=log#get-parallel-value-for-key|Open online docs.]</doc>
<arguments>
<arg>'avialable_devices'</arg>
</arguments>
<assign>
<var>${avialable}</var>
</assign>
<msg timestamp="20200615 23:57:44.241" level="INFO">${avialable} = [{'type': 'api', 'ip': '192.168.100.2', 'health': '1'}, {'type': 'api', 'ip': '192.168.100.1', 'health': '1'}]</msg>
<status status="PASS" starttime="20200615 23:57:44.234" endtime="20200615 23:57:44.241"></status>
</kw>
<kw name="Log" library="BuiltIn">
<doc>Logs the given message with the given level.</doc>
<arguments>
<arg>${avialable}</arg>
</arguments>
<msg timestamp="20200615 23:57:44.243" level="INFO">[{'type': 'api', 'ip': '192.168.100.2', 'health': '1'}, {'type': 'api', 'ip': '192.168.100.1', 'health': '1'}]</msg>
<msg timestamp="20200615 23:57:44.243" level="INFO">#############in log_message
{'timestamp': '20200615 23:57:44.243', 'message': "[{'type': 'api', 'ip': '192.168.100.2', 'health': '1'}, {'type': 'api', 'ip': '192.168.100.1', 'health': '1'}]", 'level': 'INFO', 'html': 'no'}
xxxxxxxxxxxxxxxx</msg>
<status status="PASS" starttime="20200615 23:57:44.242" endtime="20200615 23:57:44.244"></status>
</kw>
<kw name="Run Keyword And Return Status" library="BuiltIn">
<doc>Runs the given keyword with given arguments and returns the status as a Boolean value.</doc>
<arguments>
<arg>Variable Should Exist</arg>
<arg>${DEVICE_LIST}</arg>
</arguments>
<assign>
<var>${dev}</var>
</assign>
<kw name="Variable Should Exist" library="BuiltIn">
<doc>Fails unless the given variable exists within the current scope.</doc>
<arguments>
<arg>${DEVICE_LIST}</arg>
</arguments>
<status status="PASS" starttime="20200615 23:57:44.246" endtime="20200615 23:57:44.247"></status>
</kw>
<msg timestamp="20200615 23:57:44.247" level="INFO">${dev} = True</msg>
<status status="PASS" starttime="20200615 23:57:44.245" endtime="20200615 23:57:44.248"></status>
</kw>
<kw name="Return From Keyword If" library="BuiltIn">
<doc>Returns from the enclosing user keyword if ``condition`` is true.</doc>
<arguments>
<arg>${dev}==${False}</arg>
<arg>'devicelist is null'</arg>
</arguments>
<status status="PASS" starttime="20200615 23:57:44.249" endtime="20200615 23:57:44.250"></status>
</kw>
<kw name="Search Device" library="ResourcesSyn">
<arguments>
<arg>${DEVICE_LIST}</arg>
<arg>${avialable}</arg>
</arguments>
<assign>
<var>${result}</var>
</assign>
<msg timestamp="20200615 23:57:44.255" level="INFO">${result} = False</msg>
<status status="PASS" starttime="20200615 23:57:44.251" endtime="20200615 23:57:44.256"></status>
</kw>
<kw name="Run Keyword If" library="BuiltIn">
<doc>Runs the given keyword with the given arguments, if ``condition`` is true.</doc>
<arguments>
<arg>${result}==${False}</arg>
<arg>Release Lock</arg>
<arg>'DeviceLock'</arg>
</arguments>
<kw name="Release Lock" library="pabot.PabotLib">
<doc>Release a lock with name.
[https://pabot.org/PabotLib.html?ref=log#release-lock|Open online docs.]</doc>
<arguments>
<arg>'DeviceLock'</arg>
</arguments>
<status status="PASS" starttime="20200615 23:57:44.258" endtime="20200615 23:57:44.263"></status>
</kw>
<status status="PASS" starttime="20200615 23:57:44.256" endtime="20200615 23:57:44.264"></status>
</kw>
<kw name="Run Keyword If" library="BuiltIn">
<doc>Runs the given keyword with the given arguments, if ``condition`` is true.</doc>
<arguments>
<arg>${result}==${False}</arg>
<arg>Should Be True</arg>
<arg>${1} == ${0}</arg>
</arguments>
<kw name="Should Be True" library="BuiltIn">
<doc>Fails if the given condition is not true.</doc>
<arguments>
<arg>${1} == ${0}</arg>
</arguments>
<msg timestamp="20200615 23:57:44.268" level="FAIL">'1 == 0' should be true.</msg>
<status status="FAIL" starttime="20200615 23:57:44.266" endtime="20200615 23:57:44.268"></status>
</kw>
<status status="FAIL" starttime="20200615 23:57:44.265" endtime="20200615 23:57:44.268"></status>
</kw>
<status status="FAIL" starttime="20200615 23:57:44.227" endtime="20200615 23:57:44.269"></status>
</kw>
<kw name="Acquire Device" library="ResourcesSyn">
<kw name="Acquire Lock" library="pabot.PabotLib">
<doc>Wait for a lock with name.
[https://pabot.org/PabotLib.html?ref=log#acquire-lock|Open online docs.]</doc>
<arguments>
<arg>'DeviceLock'</arg>
</arguments>
<status status="PASS" starttime="20200615 23:57:51.272" endtime="20200615 23:57:51.281"></status>
</kw>
<kw name="Get Parallel Value For Key" library="pabot.PabotLib">
<doc>Get the value for a key. If there is no value for the key then empty
string is returned.
[https://pabot.org/PabotLib.html?ref=log#get-parallel-value-for-key|Open online docs.]</doc>
<arguments>
<arg>'avialable_devices'</arg>
</arguments>
<assign>
<var>${avialable}</var>
</assign>
<msg timestamp="20200615 23:57:51.292" level="INFO">${avialable} = [{'type': 'api', 'ip': '192.168.100.2', 'health': '1'}, {'type': 'api', 'ip': '192.168.100.1', 'health': '1'}]</msg>
<status status="PASS" starttime="20200615 23:57:51.283" endtime="20200615 23:57:51.292"></status>
</kw>
<kw name="Log" library="BuiltIn">
<doc>Logs the given message with the given level.</doc>
<arguments>
<arg>${avialable}</arg>
</arguments>
<msg timestamp="20200615 23:57:51.294" level="INFO">[{'type': 'api', 'ip': '192.168.100.2', 'health': '1'}, {'type': 'api', 'ip': '192.168.100.1', 'health': '1'}]</msg>
<msg timestamp="20200615 23:57:51.295" level="INFO">#############in log_message
{'timestamp': '20200615 23:57:51.294', 'message': "[{'type': 'api', 'ip': '192.168.100.2', 'health': '1'}, {'type': 'api', 'ip': '192.168.100.1', 'health': '1'}]", 'level': 'INFO', 'html': 'no'}
xxxxxxxxxxxxxxxx</msg>
<status status="PASS" starttime="20200615 23:57:51.293" endtime="20200615 23:57:51.295"></status>
</kw>
<kw name="Run Keyword And Return Status" library="BuiltIn">
<doc>Runs the given keyword with given arguments and returns the status as a Boolean value.</doc>
<arguments>
<arg>Variable Should Exist</arg>
<arg>${DEVICE_LIST}</arg>
</arguments>
<assign>
<var>${dev}</var>
</assign>
<kw name="Variable Should Exist" library="BuiltIn">
<doc>Fails unless the given variable exists within the current scope.</doc>
<arguments>
<arg>${DEVICE_LIST}</arg>
</arguments>
<status status="PASS" starttime="20200615 23:57:51.298" endtime="20200615 23:57:51.300"></status>
</kw>
<msg timestamp="20200615 23:57:51.301" level="INFO">${dev} = True</msg>
<status status="PASS" starttime="20200615 23:57:51.296" endtime="20200615 23:57:51.301"></status>
</kw>
<kw name="Return From Keyword If" library="BuiltIn">
<doc>Returns from the enclosing user keyword if ``condition`` is true.</doc>
<arguments>
<arg>${dev}==${False}</arg>
<arg>'devicelist is null'</arg>
</arguments>
<status status="PASS" starttime="20200615 23:57:51.302" endtime="20200615 23:57:51.304"></status>
</kw>
<kw name="Search Device" library="ResourcesSyn">
<arguments>
<arg>${DEVICE_LIST}</arg>
<arg>${avialable}</arg>
</arguments>
<assign>
<var>${result}</var>
</assign>
<msg timestamp="20200615 23:57:51.307" level="INFO">${result} = False</msg>
<status status="PASS" starttime="20200615 23:57:51.305" endtime="20200615 23:57:51.308"></status>
</kw>
<kw name="Run Keyword If" library="BuiltIn">
<doc>Runs the given keyword with the given arguments, if ``condition`` is true.</doc>
<arguments>
<arg>${result}==${False}</arg>
<arg>Release Lock</arg>
<arg>'DeviceLock'</arg>
</arguments>
<kw name="Release Lock" library="pabot.PabotLib">
<doc>Release a lock with name.
[https://pabot.org/PabotLib.html?ref=log#release-lock|Open online docs.]</doc>
<arguments>
<arg>'DeviceLock'</arg>
</arguments>
<status status="PASS" starttime="20200615 23:57:51.311" endtime="20200615 23:57:51.318"></status>
</kw>
<status status="PASS" starttime="20200615 23:57:51.309" endtime="20200615 23:57:51.319"></status>
</kw>
<kw name="Run Keyword If" library="BuiltIn">
<doc>Runs the given keyword with the given arguments, if ``condition`` is true.</doc>
<arguments>
<arg>${result}==${False}</arg>
<arg>Should Be True</arg>
<arg>${1} == ${0}</arg>
</arguments>
<kw name="Should Be True" library="BuiltIn">
<doc>Fails if the given condition is not true.</doc>
<arguments>
<arg>${1} == ${0}</arg>
</arguments>
<msg timestamp="20200615 23:57:51.322" level="FAIL">'1 == 0' should be true.</msg>
<status status="FAIL" starttime="20200615 23:57:51.321" endtime="20200615 23:57:51.322"></status>
</kw>
<status status="FAIL" starttime="20200615 23:57:51.319" endtime="20200615 23:57:51.323"></status>
</kw>
<status status="FAIL" starttime="20200615 23:57:51.270" endtime="20200615 23:57:51.323"></status>
</kw>
<kw name="Acquire Device" library="ResourcesSyn">
<kw name="Acquire Lock" library="pabot.PabotLib">
<doc>Wait for a lock with name.
[https://pabot.org/PabotLib.html?ref=log#acquire-lock|Open online docs.]</doc>
<arguments>
<arg>'DeviceLock'</arg>
</arguments>
<status status="PASS" starttime="20200615 23:57:58.326" endtime="20200615 23:57:58.334"></status>
</kw>
<kw name="Get Parallel Value For Key" library="pabot.PabotLib">
<doc>Get the value for a key. If there is no value for the key then empty
string is returned.
[https://pabot.org/PabotLib.html?ref=log#get-parallel-value-for-key|Open online docs.]</doc>
<arguments>
<arg>'avialable_devices'</arg>
</arguments>
<assign>
<var>${avialable}</var>
</assign>
<msg timestamp="20200615 23:57:58.346" level="INFO">${avialable} = [{'type': 'api', 'ip': '192.168.100.2', 'health': '1'}, {'type': 'api', 'ip': '192.168.100.1', 'health': '1'}]</msg>
<status status="PASS" starttime="20200615 23:57:58.336" endtime="20200615 23:57:58.346"></status>
</kw>
<kw name="Log" library="BuiltIn">
<doc>Logs the given message with the given level.</doc>
<arguments>
<arg>${avialable}</arg>
</arguments>
<msg timestamp="20200615 23:57:58.349" level="INFO">[{'type': 'api', 'ip': '192.168.100.2', 'health': '1'}, {'type': 'api', 'ip': '192.168.100.1', 'health': '1'}]</msg>
<msg timestamp="20200615 23:57:58.349" level="INFO">#############in log_message
{'timestamp': '20200615 23:57:58.349', 'message': "[{'type': 'api', 'ip': '192.168.100.2', 'health': '1'}, {'type': 'api', 'ip': '192.168.100.1', 'health': '1'}]", 'level': 'INFO', 'html': 'no'}
xxxxxxxxxxxxxxxx</msg>
<status status="PASS" starttime="20200615 23:57:58.347" endtime="20200615 23:57:58.350"></status>
</kw>
<kw name="Run Keyword And Return Status" library="BuiltIn">
<doc>Runs the given keyword with given arguments and returns the status as a Boolean value.</doc>
<arguments>
<arg>Variable Should Exist</arg>
<arg>${DEVICE_LIST}</arg>
</arguments>
<assign>
<var>${dev}</var>
</assign>
<kw name="Variable Should Exist" library="BuiltIn">
<doc>Fails unless the given variable exists within the current scope.</doc>
<arguments>
<arg>${DEVICE_LIST}</arg>
</arguments>
<status status="PASS" starttime="20200615 23:57:58.354" endtime="20200615 23:57:58.356"></status>
</kw>
<msg timestamp="20200615 23:57:58.357" level="INFO">${dev} = True</msg>
<status status="PASS" starttime="20200615 23:57:58.352" endtime="20200615 23:57:58.357"></status>
</kw>
<kw name="Return From Keyword If" library="BuiltIn">
<doc>Returns from the enclosing user keyword if ``condition`` is true.</doc>
<arguments>
<arg>${dev}==${False}</arg>
<arg>'devicelist is null'</arg>
</arguments>
<status status="PASS" starttime="20200615 23:57:58.359" endtime="20200615 23:57:58.361"></status>
</kw>
<kw name="Search Device" library="ResourcesSyn">
<arguments>
<arg>${DEVICE_LIST}</arg>
<arg>${avialable}</arg>
</arguments>
<assign>
<var>${result}</var>
</assign>
<msg timestamp="20200615 23:57:58.365" level="INFO">${result} = False</msg>
<status status="PASS" starttime="20200615 23:57:58.362" endtime="20200615 23:57:58.365"></status>
</kw>
<kw name="Run Keyword If" library="BuiltIn">
<doc>Runs the given keyword with the given arguments, if ``condition`` is true.</doc>
<arguments>
<arg>${result}==${False}</arg>
<arg>Release Lock</arg>
<arg>'DeviceLock'</arg>
</arguments>
<kw name="Release Lock" library="pabot.PabotLib">
<doc>Release a lock with name.
[https://pabot.org/PabotLib.html?ref=log#release-lock|Open online docs.]</doc>
<arguments>
<arg>'DeviceLock'</arg>
</arguments>
<status status="PASS" starttime="20200615 23:57:58.369" endtime="20200615 23:57:58.377"></status>
</kw>
<status status="PASS" starttime="20200615 23:57:58.367" endtime="20200615 23:57:58.378"></status>
</kw>
<kw name="Run Keyword If" library="BuiltIn">
<doc>Runs the given keyword with the given arguments, if ``condition`` is true.</doc>
<arguments>
<arg>${result}==${False}</arg>
<arg>Should Be True</arg>
<arg>${1} == ${0}</arg>
</arguments>
<kw name="Should Be True" library="BuiltIn">
<doc>Fails if the given condition is not true.</doc>
<arguments>
<arg>${1} == ${0}</arg>
</arguments>
<msg timestamp="20200615 23:57:58.385" level="FAIL">'1 == 0' should be true.</msg>
<status status="FAIL" starttime="20200615 23:57:58.382" endtime="20200615 23:57:58.386"></status>
</kw>
<status status="FAIL" starttime="20200615 23:57:58.379" endtime="20200615 23:57:58.387"></status>
</kw>
<status status="FAIL" starttime="20200615 23:57:58.324" endtime="20200615 23:57:58.389"></status>
</kw>
<kw name="Acquire Device" library="ResourcesSyn">
<kw name="Acquire Lock" library="pabot.PabotLib">
<doc>Wait for a lock with name.
[https://pabot.org/PabotLib.html?ref=log#acquire-lock|Open online docs.]</doc>
<arguments>
<arg>'DeviceLock'</arg>
</arguments>
<status status="PASS" starttime="20200615 23:58:05.392" endtime="20200615 23:58:05.400"></status>
</kw>
<kw name="Get Parallel Value For Key" library="pabot.PabotLib">
<doc>Get the value for a key. If there is no value for the key then empty
string is returned.
[https://pabot.org/PabotLib.html?ref=log#get-parallel-value-for-key|Open online docs.]</doc>
<arguments>
<arg>'avialable_devices'</arg>
</arguments>
<assign>
<var>${avialable}</var>
</assign>
<msg timestamp="20200615 23:58:05.411" level="INFO">${avialable} = [{'type': 'api', 'ip': '192.168.100.2', 'health': '1'}, {'type': 'api', 'ip': '192.168.100.1', 'health': '1'}]</msg>
<status status="PASS" starttime="20200615 23:58:05.402" endtime="20200615 23:58:05.412"></status>
</kw>
<kw name="Log" library="BuiltIn">
<doc>Logs the given message with the given level.</doc>
<arguments>
<arg>${avialable}</arg>
</arguments>
<msg timestamp="20200615 23:58:05.414" level="INFO">[{'type': 'api', 'ip': '192.168.100.2', 'health': '1'}, {'type': 'api', 'ip': '192.168.100.1', 'health': '1'}]</msg>
<msg timestamp="20200615 23:58:05.415" level="INFO">#############in log_message
{'timestamp': '20200615 23:58:05.414', 'message': "[{'type': 'api', 'ip': '192.168.100.2', 'health': '1'}, {'type': 'api', 'ip': '192.168.100.1', 'health': '1'}]", 'level': 'INFO', 'html': 'no'}
xxxxxxxxxxxxxxxx</msg>
<status status="PASS" starttime="20200615 23:58:05.413" endtime="20200615 23:58:05.415"></status>
</kw>
<kw name="Run Keyword And Return Status" library="BuiltIn">
<doc>Runs the given keyword with given arguments and returns the status as a Boolean value.</doc>
<arguments>
<arg>Variable Should Exist</arg>
<arg>${DEVICE_LIST}</arg>
</arguments>
<assign>
<var>${dev}</var>
</assign>
<kw name="Variable Should Exist" library="BuiltIn">
<doc>Fails unless the given variable exists within the current scope.</doc>
<arguments>
<arg>${DEVICE_LIST}</arg>
</arguments>
<status status="PASS" starttime="20200615 23:58:05.419" endtime="20200615 23:58:05.420"></status>
</kw>
<msg timestamp="20200615 23:58:05.421" level="INFO">${dev} = True</msg>
<status status="PASS" starttime="20200615 23:58:05.417" endtime="20200615 23:58:05.422"></status>
</kw>
<kw name="Return From Keyword If" library="BuiltIn">
<doc>Returns from the enclosing user keyword if ``condition`` is true.</doc>
<arguments>
<arg>${dev}==${False}</arg>
<arg>'devicelist is null'</arg>
</arguments>
<status status="PASS" starttime="20200615 23:58:05.423" endtime="20200615 23:58:05.426"></status>
</kw>
<kw name="Search Device" library="ResourcesSyn">
<arguments>
<arg>${DEVICE_LIST}</arg>
<arg>${avialable}</arg>
</arguments>
<assign>
<var>${result}</var>
</assign>
<msg timestamp="20200615 23:58:05.429" level="INFO">${result} = False</msg>
<status status="PASS" starttime="20200615 23:58:05.427" endtime="20200615 23:58:05.429"></status>
</kw>
<kw name="Run Keyword If" library="BuiltIn">
<doc>Runs the given keyword with the given arguments, if ``condition`` is true.</doc>
<arguments>
<arg>${result}==${False}</arg>
<arg>Release Lock</arg>
<arg>'DeviceLock'</arg>
</arguments>
<kw name="Release Lock" library="pabot.PabotLib">
<doc>Release a lock with name.
[https://pabot.org/PabotLib.html?ref=log#release-lock|Open online docs.]</doc>
<arguments>
<arg>'DeviceLock'</arg>
</arguments>
<status status="PASS" starttime="20200615 23:58:05.434" endtime="20200615 23:58:05.442"></status>
</kw>
<status status="PASS" starttime="20200615 23:58:05.431" endtime="20200615 23:58:05.443"></status>
</kw>
<kw name="Run Keyword If" library="BuiltIn">
<doc>Runs the given keyword with the given arguments, if ``condition`` is true.</doc>
<arguments>
<arg>${result}==${False}</arg>
<arg>Should Be True</arg>
<arg>${1} == ${0}</arg>
</arguments>
<kw name="Should Be True" library="BuiltIn">
<doc>Fails if the given condition is not true.</doc>
<arguments>
<arg>${1} == ${0}</arg>
</arguments>
<msg timestamp="20200615 23:58:05.450" level="FAIL">'1 == 0' should be true.</msg>
<status status="FAIL" starttime="20200615 23:58:05.447" endtime="20200615 23:58:05.450"></status>
</kw>
<status status="FAIL" starttime="20200615 23:58:05.445" endtime="20200615 23:58:05.451"></status>
</kw>
<status status="FAIL" starttime="20200615 23:58:05.390" endtime="20200615 23:58:05.452"></status>
</kw>
<kw name="Acquire Device" library="ResourcesSyn">
<kw name="Acquire Lock" library="pabot.PabotLib">
<doc>Wait for a lock with name.
[https://pabot.org/PabotLib.html?ref=log#acquire-lock|Open online docs.]</doc>
<arguments>
<arg>'DeviceLock'</arg>
</arguments>
<status status="PASS" starttime="20200615 23:58:12.455" endtime="20200615 23:58:12.464"></status>
</kw>
<kw name="Get Parallel Value For Key" library="pabot.PabotLib">
<doc>Get the value for a key. If there is no value for the key then empty
string is returned.
[https://pabot.org/PabotLib.html?ref=log#get-parallel-value-for-key|Open online docs.]</doc>
<arguments>
<arg>'avialable_devices'</arg>
</arguments>
<assign>
<var>${avialable}</var>
</assign>
<msg timestamp="20200615 23:58:12.476" level="INFO">${avialable} = [{'type': 'api', 'ip': '192.168.100.2', 'health': '1'}, {'type': 'api', 'ip': '192.168.100.1', 'health': '1'}]</msg>
<status status="PASS" starttime="20200615 23:58:12.465" endtime="20200615 23:58:12.476"></status>
</kw>
<kw name="Log" library="BuiltIn">
<doc>Logs the given message with the given level.</doc>
<arguments>
<arg>${avialable}</arg>
</arguments>
<msg timestamp="20200615 23:58:12.479" level="INFO">[{'type': 'api', 'ip': '192.168.100.2', 'health': '1'}, {'type': 'api', 'ip': '192.168.100.1', 'health': '1'}]</msg>
<msg timestamp="20200615 23:58:12.479" level="INFO">#############in log_message
{'timestamp': '20200615 23:58:12.479', 'message': "[{'type': 'api', 'ip': '192.168.100.2', 'health': '1'}, {'type': 'api', 'ip': '192.168.100.1', 'health': '1'}]", 'level': 'INFO', 'html': 'no'}
xxxxxxxxxxxxxxxx</msg>
<status status="PASS" starttime="20200615 23:58:12.477" endtime="20200615 23:58:12.480"></status>
</kw>
<kw name="Run Keyword And Return Status" library="BuiltIn">
<doc>Runs the given keyword with given arguments and returns the status as a Boolean value.</doc>
<arguments>
<arg>Variable Should Exist</arg>
<arg>${DEVICE_LIST}</arg>
</arguments>
<assign>
<var>${dev}</var>
</assign>
<kw name="Variable Should Exist" library="BuiltIn">
<doc>Fails unless the given variable exists within the current scope.</doc>
<arguments>
<arg>${DEVICE_LIST}</arg>
</arguments>
<status status="PASS" starttime="20200615 23:58:12.483" endtime="20200615 23:58:12.485"></status>
</kw>
<msg timestamp="20200615 23:58:12.486" level="INFO">${dev} = True</msg>
<status status="PASS" starttime="20200615 23:58:12.481" endtime="20200615 23:58:12.487"></status>
</kw>
<kw name="Return From Keyword If" library="BuiltIn">
<doc>Returns from the enclosing user keyword if ``condition`` is true.</doc>
<arguments>
<arg>${dev}==${False}</arg>
<arg>'devicelist is null'</arg>
</arguments>
<status status="PASS" starttime="20200615 23:58:12.488" endtime="20200615 23:58:12.491"></status>
</kw>
<kw name="Search Device" library="ResourcesSyn">
<arguments>
<arg>${DEVICE_LIST}</arg>
<arg>${avialable}</arg>
</arguments>
<assign>
<var>${result}</var>
</assign>
<msg timestamp="20200615 23:58:12.495" level="INFO">${result} = False</msg>
<status status="PASS" starttime="20200615 23:58:12.492" endtime="20200615 23:58:12.495"></status>
</kw>
<kw name="Run Keyword If" library="BuiltIn">
<doc>Runs the given keyword with the given arguments, if ``condition`` is true.</doc>
<arguments>
<arg>${result}==${False}</arg>
<arg>Release Lock</arg>
<arg>'DeviceLock'</arg>
</arguments>
<kw name="Release Lock" library="pabot.PabotLib">
<doc>Release a lock with name.
[https://pabot.org/PabotLib.html?ref=log#release-lock|Open online docs.]</doc>
<arguments>
<arg>'DeviceLock'</arg>
</arguments>
<status status="PASS" starttime="20200615 23:58:12.498" endtime="20200615 23:58:12.503"></status>
</kw>
<status status="PASS" starttime="20200615 23:58:12.497" endtime="20200615 23:58:12.503"></status>
</kw>
<kw name="Run Keyword If" library="BuiltIn">
<doc>Runs the given keyword with the given arguments, if ``condition`` is true.</doc>
<arguments>
<arg>${result}==${False}</arg>
<arg>Should Be True</arg>
<arg>${1} == ${0}</arg>
</arguments>
<kw name="Should Be True" library="BuiltIn">
<doc>Fails if the given condition is not true.</doc>
<arguments>
<arg>${1} == ${0}</arg>
</arguments>
<msg timestamp="20200615 23:58:12.506" level="FAIL">'1 == 0' should be true.</msg>
<status status="FAIL" starttime="20200615 23:58:12.505" endtime="20200615 23:58:12.507"></status>
</kw>
<status status="FAIL" starttime="20200615 23:58:12.504" endtime="20200615 23:58:12.507"></status>
</kw>
<status status="FAIL" starttime="20200615 23:58:12.453" endtime="20200615 23:58:12.508"></status>
</kw>
<kw name="Acquire Device" library="ResourcesSyn">
<kw name="Acquire Lock" library="pabot.PabotLib">
<doc>Wait for a lock with name.
[https://pabot.org/PabotLib.html?ref=log#acquire-lock|Open online docs.]</doc>
<arguments>
<arg>'DeviceLock'</arg>
</arguments>
<status status="PASS" starttime="20200615 23:58:19.510" endtime="20200615 23:58:19.520"></status>
</kw>
<kw name="Get Parallel Value For Key" library="pabot.PabotLib">
<doc>Get the value for a key. If there is no value for the key then empty
string is returned.
[https://pabot.org/PabotLib.html?ref=log#get-parallel-value-for-key|Open online docs.]</doc>
<arguments>
<arg>'avialable_devices'</arg>
</arguments>
<assign>
<var>${avialable}</var>
</assign>
<msg timestamp="20200615 23:58:19.532" level="INFO">${avialable} = [{'type': 'api', 'ip': '192.168.100.2', 'health': '1'}, {'type': 'api', 'ip': '192.168.100.1', 'health': '1'}]</msg>
<status status="PASS" starttime="20200615 23:58:19.522" endtime="20200615 23:58:19.532"></status>
</kw>
<kw name="Log" library="BuiltIn">
<doc>Logs the given message with the given level.</doc>
<arguments>
<arg>${avialable}</arg>
</arguments>
<msg timestamp="20200615 23:58:19.535" level="INFO">[{'type': 'api', 'ip': '192.168.100.2', 'health': '1'}, {'type': 'api', 'ip': '192.168.100.1', 'health': '1'}]</msg>
<msg timestamp="20200615 23:58:19.535" level="INFO">#############in log_message
{'timestamp': '20200615 23:58:19.535', 'message': "[{'type': 'api', 'ip': '192.168.100.2', 'health': '1'}, {'type': 'api', 'ip': '192.168.100.1', 'health': '1'}]", 'level': 'INFO', 'html': 'no'}
xxxxxxxxxxxxxxxx</msg>
<status status="PASS" starttime="20200615 23:58:19.533" endtime="20200615 23:58:19.536"></status>
</kw>
<kw name="Run Keyword And Return Status" library="BuiltIn">
<doc>Runs the given keyword with given arguments and returns the status as a Boolean value.</doc>
<arguments>
<arg>Variable Should Exist</arg>
<arg>${DEVICE_LIST}</arg>
</arguments>
<assign>
<var>${dev}</var>
</assign>
<kw name="Variable Should Exist" library="BuiltIn">
<doc>Fails unless the given variable exists within the current scope.</doc>
<arguments>
<arg>${DEVICE_LIST}</arg>
</arguments>
<status status="PASS" starttime="20200615 23:58:19.539" endtime="20200615 23:58:19.541"></status>
</kw>
<msg timestamp="20200615 23:58:19.542" level="INFO">${dev} = True</msg>
<status status="PASS" starttime="20200615 23:58:19.537" endtime="20200615 23:58:19.542"></status>
</kw>
<kw name="Return From Keyword If" library="BuiltIn">
<doc>Returns from the enclosing user keyword if ``condition`` is true.</doc>
<arguments>
<arg>${dev}==${False}</arg>
<arg>'devicelist is null'</arg>
</arguments>
<status status="PASS" starttime="20200615 23:58:19.543" endtime="20200615 23:58:19.545"></status>
</kw>
<kw name="Search Device" library="ResourcesSyn">
<arguments>
<arg>${DEVICE_LIST}</arg>
<arg>${avialable}</arg>
</arguments>
<assign>
<var>${result}</var>
</assign>
<msg timestamp="20200615 23:58:19.547" level="INFO">${result} = False</msg>
<status status="PASS" starttime="20200615 23:58:19.546" endtime="20200615 23:58:19.548"></status>
</kw>
<kw name="Run Keyword If" library="BuiltIn">
<doc>Runs the given keyword with the given arguments, if ``condition`` is true.</doc>
<arguments>
<arg>${result}==${False}</arg>
<arg>Release Lock</arg>
<arg>'DeviceLock'</arg>
</arguments>
<kw name="Release Lock" library="pabot.PabotLib">
<doc>Release a lock with name.
[https://pabot.org/PabotLib.html?ref=log#release-lock|Open online docs.]</doc>
<arguments>
<arg>'DeviceLock'</arg>
</arguments>
<status status="PASS" starttime="20200615 23:58:19.549" endtime="20200615 23:58:19.553"></status>
</kw>
<status status="PASS" starttime="20200615 23:58:19.548" endtime="20200615 23:58:19.554"></status>
</kw>
<kw name="Run Keyword If" library="BuiltIn">
<doc>Runs the given keyword with the given arguments, if ``condition`` is true.</doc>
<arguments>
<arg>${result}==${False}</arg>
<arg>Should Be True</arg>
<arg>${1} == ${0}</arg>
</arguments>
<kw name="Should Be True" library="BuiltIn">
<doc>Fails if the given condition is not true.</doc>
<arguments>
<arg>${1} == ${0}</arg>
</arguments>
<msg timestamp="20200615 23:58:19.557" level="FAIL">'1 == 0' should be true.</msg>
<status status="FAIL" starttime="20200615 23:58:19.556" endtime="20200615 23:58:19.558"></status>
</kw>
<status status="FAIL" starttime="20200615 23:58:19.555" endtime="20200615 23:58:19.558"></status>
</kw>
<status status="FAIL" starttime="20200615 23:58:19.508" endtime="20200615 23:58:19.559"></status>
</kw>
<kw name="Acquire Device" library="ResourcesSyn">
<kw name="Acquire Lock" library="pabot.PabotLib">
<doc>Wait for a lock with name.
[https://pabot.org/PabotLib.html?ref=log#acquire-lock|Open online docs.]</doc>
<arguments>
<arg>'DeviceLock'</arg>
</arguments>
<status status="PASS" starttime="20200615 23:58:26.561" endtime="20200615 23:58:26.565"></status>
</kw>
<kw name="Get Parallel Value For Key" library="pabot.PabotLib">
<doc>Get the value for a key. If there is no value for the key then empty
string is returned.
[https://pabot.org/PabotLib.html?ref=log#get-parallel-value-for-key|Open online docs.]</doc>
<arguments>
<arg>'avialable_devices'</arg>
</arguments>
<assign>
<var>${avialable}</var>
</assign>
<msg timestamp="20200615 23:58:26.571" level="INFO">${avialable} = [{'type': 'api', 'ip': '192.168.100.2', 'health': '1'}, {'type': 'api', 'ip': '192.168.100.1', 'health': '1'}]</msg>
<status status="PASS" starttime="20200615 23:58:26.566" endtime="20200615 23:58:26.571"></status>
</kw>
<kw name="Log" library="BuiltIn">
<doc>Logs the given message with the given level.</doc>
<arguments>
<arg>${avialable}</arg>
</arguments>
<msg timestamp="20200615 23:58:26.573" level="INFO">[{'type': 'api', 'ip': '192.168.100.2', 'health': '1'}, {'type': 'api', 'ip': '192.168.100.1', 'health': '1'}]</msg>
<msg timestamp="20200615 23:58:26.573" level="INFO">#############in log_message
{'timestamp': '20200615 23:58:26.573', 'message': "[{'type': 'api', 'ip': '192.168.100.2', 'health': '1'}, {'type': 'api', 'ip': '192.168.100.1', 'health': '1'}]", 'level': 'INFO', 'html': 'no'}
xxxxxxxxxxxxxxxx</msg>
<status status="PASS" starttime="20200615 23:58:26.572" endtime="20200615 23:58:26.573"></status>
</kw>
<kw name="Run Keyword And Return Status" library="BuiltIn">
<doc>Runs the given keyword with given arguments and returns the status as a Boolean value.</doc>
<arguments>
<arg>Variable Should Exist</arg>
<arg>${DEVICE_LIST}</arg>
</arguments>
<assign>
<var>${dev}</var>
</assign>
<kw name="Variable Should Exist" library="BuiltIn">
<doc>Fails unless the given variable exists within the current scope.</doc>
<arguments>
<arg>${DEVICE_LIST}</arg>
</arguments>
<status status="PASS" starttime="20200615 23:58:26.575" endtime="20200615 23:58:26.576"></status>
</kw>
<msg timestamp="20200615 23:58:26.577" level="INFO">${dev} = True</msg>
<status status="PASS" starttime="20200615 23:58:26.574" endtime="20200615 23:58:26.577"></status>
</kw>
<kw name="Return From Keyword If" library="BuiltIn">
<doc>Returns from the enclosing user keyword if ``condition`` is true.</doc>
<arguments>
<arg>${dev}==${False}</arg>
<arg>'devicelist is null'</arg>
</arguments>
<status status="PASS" starttime="20200615 23:58:26.577" endtime="20200615 23:58:26.578"></status>
</kw>
<kw name="Search Device" library="ResourcesSyn">
<arguments>
<arg>${DEVICE_LIST}</arg>
<arg>${avialable}</arg>
</arguments>
<assign>
<var>${result}</var>
</assign>
<msg timestamp="20200615 23:58:26.580" level="INFO">${result} = False</msg>
<status status="PASS" starttime="20200615 23:58:26.579" endtime="20200615 23:58:26.580"></status>
</kw>
<kw name="Run Keyword If" library="BuiltIn">
<doc>Runs the given keyword with the given arguments, if ``condition`` is true.</doc>
<arguments>
<arg>${result}==${False}</arg>
<arg>Release Lock</arg>
<arg>'DeviceLock'</arg>
</arguments>
<kw name="Release Lock" library="pabot.PabotLib">
<doc>Release a lock with name.
[https://pabot.org/PabotLib.html?ref=log#release-lock|Open online docs.]</doc>
<arguments>
<arg>'DeviceLock'</arg>
</arguments>
<status status="PASS" starttime="20200615 23:58:26.582" endtime="20200615 23:58:26.587"></status>
</kw>
<status status="PASS" starttime="20200615 23:58:26.581" endtime="20200615 23:58:26.587"></status>
</kw>
<kw name="Run Keyword If" library="BuiltIn">
<doc>Runs the given keyword with the given arguments, if ``condition`` is true.</doc>
<arguments>
<arg>${result}==${False}</arg>
<arg>Should Be True</arg>
<arg>${1} == ${0}</arg>
</arguments>
<kw name="Should Be True" library="BuiltIn">
<doc>Fails if the given condition is not true.</doc>
<arguments>
<arg>${1} == ${0}</arg>
</arguments>
<msg timestamp="20200615 23:58:26.590" level="FAIL">'1 == 0' should be true.</msg>
<status status="FAIL" starttime="20200615 23:58:26.589" endtime="20200615 23:58:26.591"></status>
</kw>
<status status="FAIL" starttime="20200615 23:58:26.588" endtime="20200615 23:58:26.591"></status>
</kw>
<status status="FAIL" starttime="20200615 23:58:26.560" endtime="20200615 23:58:26.592"></status>
</kw>
<kw name="Acquire Device" library="ResourcesSyn">
<kw name="Acquire Lock" library="pabot.PabotLib">
<doc>Wait for a lock with name.
[https://pabot.org/PabotLib.html?ref=log#acquire-lock|Open online docs.]</doc>
<arguments>
<arg>'DeviceLock'</arg>
</arguments>
<status status="PASS" starttime="20200615 23:58:33.594" endtime="20200615 23:58:33.602"></status>
</kw>
<kw name="Get Parallel Value For Key" library="pabot.PabotLib">
<doc>Get the value for a key. If there is no value for the key then empty
string is returned.
[https://pabot.org/PabotLib.html?ref=log#get-parallel-value-for-key|Open online docs.]</doc>
<arguments>
<arg>'avialable_devices'</arg>
</arguments>
<assign>
<var>${avialable}</var>
</assign>
<msg timestamp="20200615 23:58:33.613" level="INFO">${avialable} = [{'type': 'api', 'ip': '192.168.100.2', 'health': '1'}, {'type': 'api', 'ip': '192.168.100.1', 'health': '1'}]</msg>
<status status="PASS" starttime="20200615 23:58:33.604" endtime="20200615 23:58:33.613"></status>
</kw>
<kw name="Log" library="BuiltIn">
<doc>Logs the given message with the given level.</doc>
<arguments>
<arg>${avialable}</arg>
</arguments>
<msg timestamp="20200615 23:58:33.617" level="INFO">[{'type': 'api', 'ip': '192.168.100.2', 'health': '1'}, {'type': 'api', 'ip': '192.168.100.1', 'health': '1'}]</msg>
<msg timestamp="20200615 23:58:33.617" level="INFO">#############in log_message
{'timestamp': '20200615 23:58:33.617', 'message': "[{'type': 'api', 'ip': '192.168.100.2', 'health': '1'}, {'type': 'api', 'ip': '192.168.100.1', 'health': '1'}]", 'level': 'INFO', 'html': 'no'}
xxxxxxxxxxxxxxxx</msg>
<status status="PASS" starttime="20200615 23:58:33.615" endtime="20200615 23:58:33.618"></status>
</kw>
<kw name="Run Keyword And Return Status" library="BuiltIn">
<doc>Runs the given keyword with given arguments and returns the status as a Boolean value.</doc>
<arguments>
<arg>Variable Should Exist</arg>
<arg>${DEVICE_LIST}</arg>
</arguments>
<assign>
<var>${dev}</var>
</assign>
<kw name="Variable Should Exist" library="BuiltIn">
<doc>Fails unless the given variable exists within the current scope.</doc>
<arguments>
<arg>${DEVICE_LIST}</arg>
</arguments>
<status status="PASS" starttime="20200615 23:58:33.621" endtime="20200615 23:58:33.624"></status>
</kw>
<msg timestamp="20200615 23:58:33.625" level="INFO">${dev} = True</msg>
<status status="PASS" starttime="20200615 23:58:33.619" endtime="20200615 23:58:33.626"></status>
</kw>
<kw name="Return From Keyword If" library="BuiltIn">
<doc>Returns from the enclosing user keyword if ``condition`` is true.</doc>
<arguments>
<arg>${dev}==${False}</arg>
<arg>'devicelist is null'</arg>
</arguments>
<status status="PASS" starttime="20200615 23:58:33.627" endtime="20200615 23:58:33.629"></status>
</kw>
<kw name="Search Device" library="ResourcesSyn">
<arguments>
<arg>${DEVICE_LIST}</arg>
<arg>${avialable}</arg>
</arguments>
<assign>
<var>${result}</var>
</assign>
<msg timestamp="20200615 23:58:33.633" level="INFO">${result} = False</msg>
<status status="PASS" starttime="20200615 23:58:33.630" endtime="20200615 23:58:33.633"></status>
</kw>
<kw name="Run Keyword If" library="BuiltIn">
<doc>Runs the given keyword with the given arguments, if ``condition`` is true.</doc>
<arguments>
<arg>${result}==${False}</arg>
<arg>Release Lock</arg>
<arg>'DeviceLock'</arg>
</arguments>
<kw name="Release Lock" library="pabot.PabotLib">
<doc>Release a lock with name.
[https://pabot.org/PabotLib.html?ref=log#release-lock|Open online docs.]</doc>
<arguments>
<arg>'DeviceLock'</arg>
</arguments>
<status status="PASS" starttime="20200615 23:58:33.637" endtime="20200615 23:58:33.645"></status>
</kw>
<status status="PASS" starttime="20200615 23:58:33.635" endtime="20200615 23:58:33.646"></status>
</kw>
<kw name="Run Keyword If" library="BuiltIn">
<doc>Runs the given keyword with the given arguments, if ``condition`` is true.</doc>
<arguments>
<arg>${result}==${False}</arg>
<arg>Should Be True</arg>
<arg>${1} == ${0}</arg>
</arguments>
<kw name="Should Be True" library="BuiltIn">
<doc>Fails if the given condition is not true.</doc>
<arguments>
<arg>${1} == ${0}</arg>
</arguments>
<msg timestamp="20200615 23:58:33.650" level="FAIL">'1 == 0' should be true.</msg>
<status status="FAIL" starttime="20200615 23:58:33.649" endtime="20200615 23:58:33.650"></status>
</kw>
<status status="FAIL" starttime="20200615 23:58:33.648" endtime="20200615 23:58:33.651"></status>
</kw>
<status status="FAIL" starttime="20200615 23:58:33.592" endtime="20200615 23:58:33.651"></status>
</kw>
<kw name="Acquire Device" library="ResourcesSyn">
<kw name="Acquire Lock" library="pabot.PabotLib">
<doc>Wait for a lock with name.
[https://pabot.org/PabotLib.html?ref=log#acquire-lock|Open online docs.]</doc>
<arguments>
<arg>'DeviceLock'</arg>
</arguments>
<status status="PASS" starttime="20200615 23:58:40.655" endtime="20200615 23:58:40.663"></status>
</kw>
<kw name="Get Parallel Value For Key" library="pabot.PabotLib">
<doc>Get the value for a key. If there is no value for the key then empty
string is returned.
[https://pabot.org/PabotLib.html?ref=log#get-parallel-value-for-key|Open online docs.]</doc>
<arguments>
<arg>'avialable_devices'</arg>
</arguments>
<assign>
<var>${avialable}</var>
</assign>
<msg timestamp="20200615 23:58:40.675" level="INFO">${avialable} = [{'type': 'api', 'ip': '192.168.100.2', 'health': '1'}, {'type': 'api', 'ip': '192.168.100.1', 'health': '1'}]</msg>
<status status="PASS" starttime="20200615 23:58:40.665" endtime="20200615 23:58:40.675"></status>
</kw>
<kw name="Log" library="BuiltIn">
<doc>Logs the given message with the given level.</doc>
<arguments>
<arg>${avialable}</arg>
</arguments>
<msg timestamp="20200615 23:58:40.678" level="INFO">[{'type': 'api', 'ip': '192.168.100.2', 'health': '1'}, {'type': 'api', 'ip': '192.168.100.1', 'health': '1'}]</msg>
<msg timestamp="20200615 23:58:40.678" level="INFO">#############in log_message
{'timestamp': '20200615 23:58:40.678', 'message': "[{'type': 'api', 'ip': '192.168.100.2', 'health': '1'}, {'type': 'api', 'ip': '192.168.100.1', 'health': '1'}]", 'level': 'INFO', 'html': 'no'}
xxxxxxxxxxxxxxxx</msg>
<status status="PASS" starttime="20200615 23:58:40.676" endtime="20200615 23:58:40.679"></status>
</kw>
<kw name="Run Keyword And Return Status" library="BuiltIn">
<doc>Runs the given keyword with given arguments and returns the status as a Boolean value.</doc>
<arguments>
<arg>Variable Should Exist</arg>
<arg>${DEVICE_LIST}</arg>
</arguments>
<assign>
<var>${dev}</var>
</assign>
<kw name="Variable Should Exist" library="BuiltIn">
<doc>Fails unless the given variable exists within the current scope.</doc>
<arguments>
<arg>${DEVICE_LIST}</arg>
</arguments>
<status status="PASS" starttime="20200615 23:58:40.682" endtime="20200615 23:58:40.684"></status>
</kw>
<msg timestamp="20200615 23:58:40.685" level="INFO">${dev} = True</msg>
<status status="PASS" starttime="20200615 23:58:40.680" endtime="20200615 23:58:40.685"></status>
</kw>
<kw name="Return From Keyword If" library="BuiltIn">
<doc>Returns from the enclosing user keyword if ``condition`` is true.</doc>
<arguments>
<arg>${dev}==${False}</arg>
<arg>'devicelist is null'</arg>
</arguments>
<status status="PASS" starttime="20200615 23:58:40.686" endtime="20200615 23:58:40.688"></status>
</kw>
<kw name="Search Device" library="ResourcesSyn">
<arguments>
<arg>${DEVICE_LIST}</arg>
<arg>${avialable}</arg>
</arguments>
<assign>
<var>${result}</var>
</assign>
<msg timestamp="20200615 23:58:40.692" level="INFO">${result} = False</msg>
<status status="PASS" starttime="20200615 23:58:40.689" endtime="20200615 23:58:40.692"></status>
</kw>
<kw name="Run Keyword If" library="BuiltIn">
<doc>Runs the given keyword with the given arguments, if ``condition`` is true.</doc>
<arguments>
<arg>${result}==${False}</arg>
<arg>Release Lock</arg>
<arg>'DeviceLock'</arg>
</arguments>
<kw name="Release Lock" library="pabot.PabotLib">
<doc>Release a lock with name.
[https://pabot.org/PabotLib.html?ref=log#release-lock|Open online docs.]</doc>
<arguments>
<arg>'DeviceLock'</arg>
</arguments>
<status status="PASS" starttime="20200615 23:58:40.696" endtime="20200615 23:58:40.701"></status>
</kw>
<status status="PASS" starttime="20200615 23:58:40.693" endtime="20200615 23:58:40.701"></status>
</kw>
<kw name="Run Keyword If" library="BuiltIn">
<doc>Runs the given keyword with the given arguments, if ``condition`` is true.</doc>
<arguments>
<arg>${result}==${False}</arg>
<arg>Should Be True</arg>
<arg>${1} == ${0}</arg>
</arguments>
<kw name="Should Be True" library="BuiltIn">
<doc>Fails if the given condition is not true.</doc>
<arguments>
<arg>${1} == ${0}</arg>
</arguments>
<msg timestamp="20200615 23:58:40.704" level="FAIL">'1 == 0' should be true.</msg>
<status status="FAIL" starttime="20200615 23:58:40.703" endtime="20200615 23:58:40.705"></status>
</kw>
<status status="FAIL" starttime="20200615 23:58:40.702" endtime="20200615 23:58:40.705"></status>
</kw>
<status status="FAIL" starttime="20200615 23:58:40.653" endtime="20200615 23:58:40.706"></status>
</kw>
<kw name="Acquire Device" library="ResourcesSyn">
<kw name="Acquire Lock" library="pabot.PabotLib">
<doc>Wait for a lock with name.
[https://pabot.org/PabotLib.html?ref=log#acquire-lock|Open online docs.]</doc>
<arguments>
<arg>'DeviceLock'</arg>
</arguments>
<status status="PASS" starttime="20200615 23:58:47.708" endtime="20200615 23:58:47.717"></status>
</kw>
<kw name="Get Parallel Value For Key" library="pabot.PabotLib">
<doc>Get the value for a key. If there is no value for the key then empty
string is returned.
[https://pabot.org/PabotLib.html?ref=log#get-parallel-value-for-key|Open online docs.]</doc>
<arguments>
<arg>'avialable_devices'</arg>
</arguments>
<assign>
<var>${avialable}</var>
</assign>
<msg timestamp="20200615 23:58:47.728" level="INFO">${avialable} = [{'type': 'api', 'ip': '192.168.100.2', 'health': '1'}, {'type': 'api', 'ip': '192.168.100.1', 'health': '1'}]</msg>
<status status="PASS" starttime="20200615 23:58:47.718" endtime="20200615 23:58:47.728"></status>
</kw>
<kw name="Log" library="BuiltIn">
<doc>Logs the given message with the given level.</doc>
<arguments>
<arg>${avialable}</arg>
</arguments>
<msg timestamp="20200615 23:58:47.731" level="INFO">[{'type': 'api', 'ip': '192.168.100.2', 'health': '1'}, {'type': 'api', 'ip': '192.168.100.1', 'health': '1'}]</msg>
<msg timestamp="20200615 23:58:47.732" level="INFO">#############in log_message
{'timestamp': '20200615 23:58:47.731', 'message': "[{'type': 'api', 'ip': '192.168.100.2', 'health': '1'}, {'type': 'api', 'ip': '192.168.100.1', 'health': '1'}]", 'level': 'INFO', 'html': 'no'}
xxxxxxxxxxxxxxxx</msg>
<status status="PASS" starttime="20200615 23:58:47.730" endtime="20200615 23:58:47.732"></status>
</kw>
<kw name="Run Keyword And Return Status" library="BuiltIn">
<doc>Runs the given keyword with given arguments and returns the status as a Boolean value.</doc>
<arguments>
<arg>Variable Should Exist</arg>
<arg>${DEVICE_LIST}</arg>
</arguments>
<assign>
<var>${dev}</var>
</assign>
<kw name="Variable Should Exist" library="BuiltIn">
<doc>Fails unless the given variable exists within the current scope.</doc>
<arguments>
<arg>${DEVICE_LIST}</arg>
</arguments>
<status status="PASS" starttime="20200615 23:58:47.735" endtime="20200615 23:58:47.737"></status>
</kw>
<msg timestamp="20200615 23:58:47.738" level="INFO">${dev} = True</msg>
<status status="PASS" starttime="20200615 23:58:47.733" endtime="20200615 23:58:47.739"></status>
</kw>
<kw name="Return From Keyword If" library="BuiltIn">
<doc>Returns from the enclosing user keyword if ``condition`` is true.</doc>
<arguments>
<arg>${dev}==${False}</arg>
<arg>'devicelist is null'</arg>
</arguments>
<status status="PASS" starttime="20200615 23:58:47.740" endtime="20200615 23:58:47.742"></status>
</kw>
<kw name="Search Device" library="ResourcesSyn">
<arguments>
<arg>${DEVICE_LIST}</arg>
<arg>${avialable}</arg>
</arguments>
<assign>
<var>${result}</var>
</assign>
<msg timestamp="20200615 23:58:47.746" level="INFO">${result} = False</msg>
<status status="PASS" starttime="20200615 23:58:47.744" endtime="20200615 23:58:47.746"></status>
</kw>
<kw name="Run Keyword If" library="BuiltIn">
<doc>Runs the given keyword with the given arguments, if ``condition`` is true.</doc>
<arguments>
<arg>${result}==${False}</arg>
<arg>Release Lock</arg>
<arg>'DeviceLock'</arg>
</arguments>
<kw name="Release Lock" library="pabot.PabotLib">
<doc>Release a lock with name.
[https://pabot.org/PabotLib.html?ref=log#release-lock|Open online docs.]</doc>
<arguments>
<arg>'DeviceLock'</arg>
</arguments>
<status status="PASS" starttime="20200615 23:58:47.750" endtime="20200615 23:58:47.755"></status>
</kw>
<status status="PASS" starttime="20200615 23:58:47.748" endtime="20200615 23:58:47.756"></status>
</kw>
<kw name="Run Keyword If" library="BuiltIn">
<doc>Runs the given keyword with the given arguments, if ``condition`` is true.</doc>
<arguments>
<arg>${result}==${False}</arg>
<arg>Should Be True</arg>
<arg>${1} == ${0}</arg>
</arguments>
<kw name="Should Be True" library="BuiltIn">
<doc>Fails if the given condition is not true.</doc>
<arguments>
<arg>${1} == ${0}</arg>
</arguments>
<msg timestamp="20200615 23:58:47.759" level="FAIL">'1 == 0' should be true.</msg>
<status status="FAIL" starttime="20200615 23:58:47.758" endtime="20200615 23:58:47.760"></status>
</kw>
<status status="FAIL" starttime="20200615 23:58:47.756" endtime="20200615 23:58:47.760"></status>
</kw>
<status status="FAIL" starttime="20200615 23:58:47.706" endtime="20200615 23:58:47.761"></status>
</kw>
<kw name="Acquire Device" library="ResourcesSyn">
<kw name="Acquire Lock" library="pabot.PabotLib">
<doc>Wait for a lock with name.
[https://pabot.org/PabotLib.html?ref=log#acquire-lock|Open online docs.]</doc>
<arguments>
<arg>'DeviceLock'</arg>
</arguments>
<status status="PASS" starttime="20200615 23:58:54.765" endtime="20200615 23:58:54.773"></status>
</kw>
<kw name="Get Parallel Value For Key" library="pabot.PabotLib">
<doc>Get the value for a key. If there is no value for the key then empty
string is returned.
[https://pabot.org/PabotLib.html?ref=log#get-parallel-value-for-key|Open online docs.]</doc>
<arguments>
<arg>'avialable_devices'</arg>
</arguments>
<assign>
<var>${avialable}</var>
</assign>
<msg timestamp="20200615 23:58:54.784" level="INFO">${avialable} = [{'type': 'api', 'ip': '192.168.100.2', 'health': '1'}, {'type': 'api', 'ip': '192.168.100.1', 'health': '1'}]</msg>
<status status="PASS" starttime="20200615 23:58:54.774" endtime="20200615 23:58:54.785"></status>
</kw>
<kw name="Log" library="BuiltIn">
<doc>Logs the given message with the given level.</doc>
<arguments>
<arg>${avialable}</arg>
</arguments>
<msg timestamp="20200615 23:58:54.787" level="INFO">[{'type': 'api', 'ip': '192.168.100.2', 'health': '1'}, {'type': 'api', 'ip': '192.168.100.1', 'health': '1'}]</msg>
<msg timestamp="20200615 23:58:54.788" level="INFO">#############in log_message
{'timestamp': '20200615 23:58:54.787', 'message': "[{'type': 'api', 'ip': '192.168.100.2', 'health': '1'}, {'type': 'api', 'ip': '192.168.100.1', 'health': '1'}]", 'level': 'INFO', 'html': 'no'}
xxxxxxxxxxxxxxxx</msg>
<status status="PASS" starttime="20200615 23:58:54.786" endtime="20200615 23:58:54.788"></status>
</kw>
<kw name="Run Keyword And Return Status" library="BuiltIn">
<doc>Runs the given keyword with given arguments and returns the status as a Boolean value.</doc>
<arguments>
<arg>Variable Should Exist</arg>
<arg>${DEVICE_LIST}</arg>
</arguments>
<assign>
<var>${dev}</var>
</assign>
<kw name="Variable Should Exist" library="BuiltIn">
<doc>Fails unless the given variable exists within the current scope.</doc>
<arguments>
<arg>${DEVICE_LIST}</arg>
</arguments>
<status status="PASS" starttime="20200615 23:58:54.792" endtime="20200615 23:58:54.793"></status>
</kw>
<msg timestamp="20200615 23:58:54.794" level="INFO">${dev} = True</msg>
<status status="PASS" starttime="20200615 23:58:54.790" endtime="20200615 23:58:54.795"></status>
</kw>
<kw name="Return From Keyword If" library="BuiltIn">
<doc>Returns from the enclosing user keyword if ``condition`` is true.</doc>
<arguments>
<arg>${dev}==${False}</arg>
<arg>'devicelist is null'</arg>
</arguments>
<status status="PASS" starttime="20200615 23:58:54.796" endtime="20200615 23:58:54.797"></status>
</kw>
<kw name="Search Device" library="ResourcesSyn">
<arguments>
<arg>${DEVICE_LIST}</arg>
<arg>${avialable}</arg>
</arguments>
<assign>
<var>${result}</var>
</assign>
<msg timestamp="20200615 23:58:54.799" level="INFO">${result} = False</msg>
<status status="PASS" starttime="20200615 23:58:54.798" endtime="20200615 23:58:54.799"></status>
</kw>
<kw name="Run Keyword If" library="BuiltIn">
<doc>Runs the given keyword with the given arguments, if ``condition`` is true.</doc>
<arguments>
<arg>${result}==${False}</arg>
<arg>Release Lock</arg>
<arg>'DeviceLock'</arg>
</arguments>
<kw name="Release Lock" library="pabot.PabotLib">
<doc>Release a lock with name.
[https://pabot.org/PabotLib.html?ref=log#release-lock|Open online docs.]</doc>
<arguments>
<arg>'DeviceLock'</arg>
</arguments>
<status status="PASS" starttime="20200615 23:58:54.801" endtime="20200615 23:58:54.805"></status>
</kw>
<status status="PASS" starttime="20200615 23:58:54.799" endtime="20200615 23:58:54.806"></status>
</kw>
<kw name="Run Keyword If" library="BuiltIn">
<doc>Runs the given keyword with the given arguments, if ``condition`` is true.</doc>
<arguments>
<arg>${result}==${False}</arg>
<arg>Should Be True</arg>
<arg>${1} == ${0}</arg>
</arguments>
<kw name="Should Be True" library="BuiltIn">
<doc>Fails if the given condition is not true.</doc>
<arguments>
<arg>${1} == ${0}</arg>
</arguments>
<msg timestamp="20200615 23:58:54.809" level="FAIL">'1 == 0' should be true.</msg>
<status status="FAIL" starttime="20200615 23:58:54.807" endtime="20200615 23:58:54.809"></status>
</kw>
<status status="FAIL" starttime="20200615 23:58:54.806" endtime="20200615 23:58:54.809"></status>
</kw>
<status status="FAIL" starttime="20200615 23:58:54.762" endtime="20200615 23:58:54.810"></status>
</kw>
<kw name="Acquire Device" library="ResourcesSyn">
<kw name="Acquire Lock" library="pabot.PabotLib">
<doc>Wait for a lock with name.
[https://pabot.org/PabotLib.html?ref=log#acquire-lock|Open online docs.]</doc>
<arguments>
<arg>'DeviceLock'</arg>
</arguments>
<status status="PASS" starttime="20200615 23:59:01.813" endtime="20200615 23:59:01.822"></status>
</kw>
<kw name="Get Parallel Value For Key" library="pabot.PabotLib">
<doc>Get the value for a key. If there is no value for the key then empty
string is returned.
[https://pabot.org/PabotLib.html?ref=log#get-parallel-value-for-key|Open online docs.]</doc>
<arguments>
<arg>'avialable_devices'</arg>
</arguments>
<assign>
<var>${avialable}</var>
</assign>
<msg timestamp="20200615 23:59:01.833" level="INFO">${avialable} = [{'type': 'api', 'ip': '192.168.100.2', 'health': '1'}, {'type': 'api', 'ip': '192.168.100.1', 'health': '1'}]</msg>
<status status="PASS" starttime="20200615 23:59:01.823" endtime="20200615 23:59:01.833"></status>
</kw>
<kw name="Log" library="BuiltIn">
<doc>Logs the given message with the given level.</doc>
<arguments>
<arg>${avialable}</arg>
</arguments>
<msg timestamp="20200615 23:59:01.836" level="INFO">[{'type': 'api', 'ip': '192.168.100.2', 'health': '1'}, {'type': 'api', 'ip': '192.168.100.1', 'health': '1'}]</msg>
<msg timestamp="20200615 23:59:01.837" level="INFO">#############in log_message
{'timestamp': '20200615 23:59:01.836', 'message': "[{'type': 'api', 'ip': '192.168.100.2', 'health': '1'}, {'type': 'api', 'ip': '192.168.100.1', 'health': '1'}]", 'level': 'INFO', 'html': 'no'}
xxxxxxxxxxxxxxxx</msg>
<status status="PASS" starttime="20200615 23:59:01.835" endtime="20200615 23:59:01.837"></status>
</kw>
<kw name="Run Keyword And Return Status" library="BuiltIn">
<doc>Runs the given keyword with given arguments and returns the status as a Boolean value.</doc>
<arguments>
<arg>Variable Should Exist</arg>
<arg>${DEVICE_LIST}</arg>
</arguments>
<assign>
<var>${dev}</var>
</assign>
<kw name="Variable Should Exist" library="BuiltIn">
<doc>Fails unless the given variable exists within the current scope.</doc>
<arguments>
<arg>${DEVICE_LIST}</arg>
</arguments>
<status status="PASS" starttime="20200615 23:59:01.840" endtime="20200615 23:59:01.842"></status>
</kw>
<msg timestamp="20200615 23:59:01.843" level="INFO">${dev} = True</msg>
<status status="PASS" starttime="20200615 23:59:01.839" endtime="20200615 23:59:01.844"></status>
</kw>
<kw name="Return From Keyword If" library="BuiltIn">
<doc>Returns from the enclosing user keyword if ``condition`` is true.</doc>
<arguments>
<arg>${dev}==${False}</arg>
<arg>'devicelist is null'</arg>
</arguments>
<status status="PASS" starttime="20200615 23:59:01.845" endtime="20200615 23:59:01.848"></status>
</kw>
<kw name="Search Device" library="ResourcesSyn">
<arguments>
<arg>${DEVICE_LIST}</arg>
<arg>${avialable}</arg>
</arguments>
<assign>
<var>${result}</var>
</assign>
<msg timestamp="20200615 23:59:01.849" level="INFO">${result} = False</msg>
<status status="PASS" starttime="20200615 23:59:01.848" endtime="20200615 23:59:01.849"></status>
</kw>
<kw name="Run Keyword If" library="BuiltIn">
<doc>Runs the given keyword with the given arguments, if ``condition`` is true.</doc>
<arguments>
<arg>${result}==${False}</arg>
<arg>Release Lock</arg>
<arg>'DeviceLock'</arg>
</arguments>
<kw name="Release Lock" library="pabot.PabotLib">
<doc>Release a lock with name.
[https://pabot.org/PabotLib.html?ref=log#release-lock|Open online docs.]</doc>
<arguments>
<arg>'DeviceLock'</arg>
</arguments>
<status status="PASS" starttime="20200615 23:59:01.851" endtime="20200615 23:59:01.856"></status>
</kw>
<status status="PASS" starttime="20200615 23:59:01.850" endtime="20200615 23:59:01.857"></status>
</kw>
<kw name="Run Keyword If" library="BuiltIn">
<doc>Runs the given keyword with the given arguments, if ``condition`` is true.</doc>
<arguments>
<arg>${result}==${False}</arg>
<arg>Should Be True</arg>
<arg>${1} == ${0}</arg>
</arguments>
<kw name="Should Be True" library="BuiltIn">
<doc>Fails if the given condition is not true.</doc>
<arguments>
<arg>${1} == ${0}</arg>
</arguments>
<msg timestamp="20200615 23:59:01.860" level="FAIL">'1 == 0' should be true.</msg>
<status status="FAIL" starttime="20200615 23:59:01.859" endtime="20200615 23:59:01.860"></status>
</kw>
<status status="FAIL" starttime="20200615 23:59:01.857" endtime="20200615 23:59:01.861"></status>
</kw>
<status status="FAIL" starttime="20200615 23:59:01.811" endtime="20200615 23:59:01.862"></status>
</kw>
<kw name="Acquire Device" library="ResourcesSyn">
<kw name="Acquire Lock" library="pabot.PabotLib">
<doc>Wait for a lock with name.
[https://pabot.org/PabotLib.html?ref=log#acquire-lock|Open online docs.]</doc>
<arguments>
<arg>'DeviceLock'</arg>
</arguments>
<status status="PASS" starttime="20200615 23:59:08.865" endtime="20200615 23:59:08.873"></status>
</kw>
<kw name="Get Parallel Value For Key" library="pabot.PabotLib">
<doc>Get the value for a key. If there is no value for the key then empty
string is returned.
[https://pabot.org/PabotLib.html?ref=log#get-parallel-value-for-key|Open online docs.]</doc>
<arguments>
<arg>'avialable_devices'</arg>
</arguments>
<assign>
<var>${avialable}</var>
</assign>
<msg timestamp="20200615 23:59:08.886" level="INFO">${avialable} = [{'type': 'api', 'ip': '192.168.100.2', 'health': '1'}, {'type': 'api', 'ip': '192.168.100.1', 'health': '1'}]</msg>
<status status="PASS" starttime="20200615 23:59:08.875" endtime="20200615 23:59:08.886"></status>
</kw>
<kw name="Log" library="BuiltIn">
<doc>Logs the given message with the given level.</doc>
<arguments>
<arg>${avialable}</arg>
</arguments>
<msg timestamp="20200615 23:59:08.889" level="INFO">[{'type': 'api', 'ip': '192.168.100.2', 'health': '1'}, {'type': 'api', 'ip': '192.168.100.1', 'health': '1'}]</msg>
<msg timestamp="20200615 23:59:08.889" level="INFO">#############in log_message
{'timestamp': '20200615 23:59:08.889', 'message': "[{'type': 'api', 'ip': '192.168.100.2', 'health': '1'}, {'type': 'api', 'ip': '192.168.100.1', 'health': '1'}]", 'level': 'INFO', 'html': 'no'}
xxxxxxxxxxxxxxxx</msg>
<status status="PASS" starttime="20200615 23:59:08.887" endtime="20200615 23:59:08.890"></status>
</kw>
<kw name="Run Keyword And Return Status" library="BuiltIn">
<doc>Runs the given keyword with given arguments and returns the status as a Boolean value.</doc>
<arguments>
<arg>Variable Should Exist</arg>
<arg>${DEVICE_LIST}</arg>
</arguments>
<assign>
<var>${dev}</var>
</assign>
<kw name="Variable Should Exist" library="BuiltIn">
<doc>Fails unless the given variable exists within the current scope.</doc>
<arguments>
<arg>${DEVICE_LIST}</arg>
</arguments>
<status status="PASS" starttime="20200615 23:59:08.893" endtime="20200615 23:59:08.895"></status>
</kw>
<msg timestamp="20200615 23:59:08.896" level="INFO">${dev} = True</msg>
<status status="PASS" starttime="20200615 23:59:08.891" endtime="20200615 23:59:08.896"></status>
</kw>
<kw name="Return From Keyword If" library="BuiltIn">
<doc>Returns from the enclosing user keyword if ``condition`` is true.</doc>
<arguments>
<arg>${dev}==${False}</arg>
<arg>'devicelist is null'</arg>
</arguments>
<status status="PASS" starttime="20200615 23:59:08.897" endtime="20200615 23:59:08.898"></status>
</kw>
<kw name="Search Device" library="ResourcesSyn">
<arguments>
<arg>${DEVICE_LIST}</arg>
<arg>${avialable}</arg>
</arguments>
<assign>
<var>${result}</var>
</assign>
<msg timestamp="20200615 23:59:08.900" level="INFO">${result} = False</msg>
<status status="PASS" starttime="20200615 23:59:08.899" endtime="20200615 23:59:08.900"></status>
</kw>
<kw name="Run Keyword If" library="BuiltIn">
<doc>Runs the given keyword with the given arguments, if ``condition`` is true.</doc>
<arguments>
<arg>${result}==${False}</arg>
<arg>Release Lock</arg>
<arg>'DeviceLock'</arg>
</arguments>
<kw name="Release Lock" library="pabot.PabotLib">
<doc>Release a lock with name.
[https://pabot.org/PabotLib.html?ref=log#release-lock|Open online docs.]</doc>
<arguments>
<arg>'DeviceLock'</arg>
</arguments>
<status status="PASS" starttime="20200615 23:59:08.902" endtime="20200615 23:59:08.906"></status>
</kw>
<status status="PASS" starttime="20200615 23:59:08.901" endtime="20200615 23:59:08.907"></status>
</kw>
<kw name="Run Keyword If" library="BuiltIn">
<doc>Runs the given keyword with the given arguments, if ``condition`` is true.</doc>
<arguments>
<arg>${result}==${False}</arg>
<arg>Should Be True</arg>
<arg>${1} == ${0}</arg>
</arguments>
<kw name="Should Be True" library="BuiltIn">
<doc>Fails if the given condition is not true.</doc>
<arguments>
<arg>${1} == ${0}</arg>
</arguments>
<msg timestamp="20200615 23:59:08.910" level="FAIL">'1 == 0' should be true.</msg>
<status status="FAIL" starttime="20200615 23:59:08.909" endtime="20200615 23:59:08.910"></status>
</kw>
<status status="FAIL" starttime="20200615 23:59:08.907" endtime="20200615 23:59:08.911"></status>
</kw>
<status status="FAIL" starttime="20200615 23:59:08.862" endtime="20200615 23:59:08.911"></status>
</kw>
<msg timestamp="20200615 23:59:08.912" level="FAIL">Keyword 'Acquire Device' failed after retrying for 2 minutes. The last error was: '1 == 0' should be true.</msg>
<status status="FAIL" starttime="20200615 23:57:01.919" endtime="20200615 23:59:08.912"></status>
</kw>
<status status="FAIL" starttime="20200615 23:57:01.892" endtime="20200615 23:59:08.913"></status>
</kw>
<test id="s1-s1-s1-t1" name="Test_001">
<tags>
<tag>para-test</tag>
<tag>test-tag1</tag>
<tag>test-tag2</tag>
</tags>
<timeout value="2 minutes 30 seconds"></timeout>
<status status="FAIL" starttime="20200615 23:59:08.914" endtime="20200615 23:59:08.916" critical="yes">Parent suite setup failed:
Keyword 'Acquire Device' failed after retrying for 2 minutes. The last error was: '1 == 0' should be true.</status>
</test>
<kw name="Ui Suite Teardown" library="autotest" type="teardown">
<kw name="Release Device" library="ResourcesSyn">
<kw name="Get Parallel Value For Key" library="pabot.PabotLib">
<doc>Get the value for a key. If there is no value for the key then empty
string is returned.
[https://pabot.org/PabotLib.html?ref=log#get-parallel-value-for-key|Open online docs.]</doc>
<arguments>
<arg>'avialable_devices'</arg>
</arguments>
<assign>
<var>${avialable}</var>
</assign>
<msg timestamp="20200615 23:59:08.928" level="INFO">${avialable} = [{'type': 'api', 'ip': '192.168.100.2', 'health': '1'}, {'type': 'api', 'ip': '192.168.100.1', 'health': '1'}]</msg>
<status status="PASS" starttime="20200615 23:59:08.923" endtime="20200615 23:59:08.928"></status>
</kw>
<kw name="Run Keyword And Return Status" library="BuiltIn">
<doc>Runs the given keyword with given arguments and returns the status as a Boolean value.</doc>
<arguments>
<arg>Variable Should Exist</arg>
<arg>${DEVICE_LIST}</arg>
</arguments>
<assign>
<var>${dev}</var>
</assign>
<kw name="Variable Should Exist" library="BuiltIn">
<doc>Fails unless the given variable exists within the current scope.</doc>
<arguments>
<arg>${DEVICE_LIST}</arg>
</arguments>
<status status="PASS" starttime="20200615 23:59:08.930" endtime="20200615 23:59:08.931"></status>
</kw>
<msg timestamp="20200615 23:59:08.931" level="INFO">${dev} = True</msg>
<status status="PASS" starttime="20200615 23:59:08.929" endtime="20200615 23:59:08.931"></status>
</kw>
<kw name="Return From Keyword If" library="BuiltIn">
<doc>Returns from the enclosing user keyword if ``condition`` is true.</doc>
<arguments>
<arg>${dev}==${False}</arg>
<arg>'devicelist is null'</arg>
</arguments>
<status status="PASS" starttime="20200615 23:59:08.932" endtime="20200615 23:59:08.933"></status>
</kw>
<kw name="${device} IN [ @{suite_devices} ]" type="for">
<msg timestamp="20200615 23:59:08.935" level="FAIL">Variable '@{suite_devices}' not found.</msg>
<status status="FAIL" starttime="20200615 23:59:08.934" endtime="20200615 23:59:08.935"></status>
</kw>
<kw name="Log" library="BuiltIn">
<doc>Logs the given message with the given level.</doc>
<arguments>
<arg>${avialable}</arg>
</arguments>
<msg timestamp="20200615 23:59:08.937" level="INFO">[{'type': 'api', 'ip': '192.168.100.2', 'health': '1'}, {'type': 'api', 'ip': '192.168.100.1', 'health': '1'}]</msg>
<msg timestamp="20200615 23:59:08.937" level="INFO">#############in log_message
{'timestamp': '20200615 23:59:08.937', 'message': "[{'type': 'api', 'ip': '192.168.100.2', 'health': '1'}, {'type': 'api', 'ip': '192.168.100.1', 'health': '1'}]", 'level': 'INFO', 'html': 'no'}
xxxxxxxxxxxxxxxx</msg>
<status status="PASS" starttime="20200615 23:59:08.936" endtime="20200615 23:59:08.937"></status>
</kw>
<kw name="Set Parallel Value For Key" library="pabot.PabotLib">
<doc>Set a globally available key and value that can be accessed
from all the pabot processes.
[https://pabot.org/PabotLib.html?ref=log#set-parallel-value-for-key|Open online docs.]</doc>
<arguments>
<arg>'avialable_devices'</arg>
<arg>${avialable}</arg>
</arguments>
<status status="PASS" starttime="20200615 23:59:08.938" endtime="20200615 23:59:08.943"></status>
</kw>
<status status="FAIL" starttime="20200615 23:59:08.922" endtime="20200615 23:59:08.944"></status>
</kw>
<status status="FAIL" starttime="20200615 23:59:08.921" endtime="20200615 23:59:08.944">Variable '@{suite_devices}' not found.</status>
</kw>
<status status="FAIL" starttime="20200615 23:56:17.443" endtime="20200615 23:59:08.945">Suite setup failed:
Keyword 'Acquire Device' failed after retrying for 2 minutes. The last error was: '1 == 0' should be true.

Also suite teardown failed:
Variable '@{suite_devices}' not found.</status>
</suite>
<status status="FAIL" starttime="20200615 23:56:17.433" endtime="20200615 23:59:08.950"></status>
</suite>
<status status="FAIL" starttime="20200615 23:56:17.361" endtime="20200615 23:59:08.954"></status>
</suite>
<statistics>
<total>
<stat pass="0" fail="1">Critical Tests</stat>
<stat pass="0" fail="1">All Tests</stat>
</total>
<tag>
<stat pass="0" fail="1">para-test</stat>
<stat pass="0" fail="1">test-tag1</stat>
<stat pass="0" fail="1">test-tag2</stat>
</tag>
<suite>
<stat pass="0" fail="1" id="s1" name="robotbase">robotbase</stat>
<stat pass="0" fail="1" id="s1-s1" name="Parallel Test">robotbase.Parallel Test</stat>
<stat pass="0" fail="1" id="s1-s1-s1" name="Suite1">robotbase.Parallel Test.Suite1</stat>
</suite>
</statistics>
<errors>
<msg timestamp="20200615 23:57:01.875" level="ERROR">Error in file 'F:\work\project\ui-api-robotframework\uitest_base\parallel_test\suite1.robot' on line 3: Getting keyword names from library 'Remote' failed: Calling dynamic method 'get_keyword_names' failed: Connecting remote server at http://10.134.170.223:8765 failed: [WinError 10060] 由于连接方在一段时间后没有正确答复或连接的主机没有反应，连接尝试失败。</msg>
</errors>
</robot>
