<?xml version="1.0" encoding="UTF-8"?>
<robot generator="Rebot 3.1.2 (Python 3.7.4 on win32)" generated="20190924 18:06:33.607" rpa="false">
<suite id="s1" name="robotbase" source="D:\yangjian\project\ui-api-robotframework\uitest_base">
<suite id="s1-s1" name="Parallel Test" source="D:\yangjian\project\ui-api-robotframework\uitest_base\parallel_test">
<suite id="s1-s1-s1" name="Suite1" source="D:\yangjian\project\ui-api-robotframework\uitest_base\parallel_test\suite1.robot">
<kw name="Ui Suite Setup" library="autotest" type="setup">
<kw name="Run Only Once" library="pabot.PabotLib">
<doc>Runs a keyword only once in one of the parallel processes.
[https://pabot.org/PabotLib.html?ref=log#run-only-once|Open online docs.]</doc>
<arguments>
<arg>Init Resource</arg>
</arguments>
<kw name="Init Resource" library="ResourcesSyn">
<kw name="Log" library="BuiltIn">
<doc>Logs the given message with the given level.</doc>
<arguments>
<arg>${SLAVE_LIST}</arg>
</arguments>
<msg timestamp="20190924 18:06:22.685" level="INFO">['ui', 'ui']</msg>
<msg timestamp="20190924 18:06:22.685" level="INFO">#############in log_message
{'timestamp': '20190924 18:06:22.685', 'message': "['ui', 'ui']", 'level': 'INFO', 'html': 'no'}
xxxxxxxxxxxxxxxx</msg>
<status status="PASS" starttime="20190924 18:06:22.685" endtime="20190924 18:06:22.685"></status>
</kw>
<kw name="Acquire Lock" library="pabot.PabotLib">
<doc>Wait for a lock with name.
[https://pabot.org/PabotLib.html?ref=log#acquire-lock|Open online docs.]</doc>
<arguments>
<arg>avialable_salves_lock</arg>
</arguments>
<status status="PASS" starttime="20190924 18:06:22.686" endtime="20190924 18:06:22.690"></status>
</kw>
<kw name="Read Resources" library="ResourcesSyn">
<assign>
<var>${avialable_salves}</var>
</assign>
<msg timestamp="20190924 18:06:22.691" level="INFO">${avialable_salves} = [{'type': 'api', 'ip': '192.168.100.2', 'health': '1'}, {'type': 'api', 'ip': '192.168.100.3', 'health': '1'}, {'type': 'ui', 'ip': '192.168.100.3', 'health': '1'}, {'type': 'ui', 'ip': '192.168.100.4...</msg>
<status status="PASS" starttime="20190924 18:06:22.690" endtime="20190924 18:06:22.691"></status>
</kw>
<kw name="Set Parallel Value For Key" library="pabot.PabotLib">
<doc>Set a globally available key and value that can be accessed
from all the pabot processes.
[https://pabot.org/PabotLib.html?ref=log#set-parallel-value-for-key|Open online docs.]</doc>
<arguments>
<arg>'avialable_salves'</arg>
<arg>${avialable_salves}</arg>
</arguments>
<status status="PASS" starttime="20190924 18:06:22.692" endtime="20190924 18:06:22.701"></status>
</kw>
<kw name="Release Lock" library="pabot.PabotLib">
<doc>Release a lock with name.
[https://pabot.org/PabotLib.html?ref=log#release-lock|Open online docs.]</doc>
<arguments>
<arg>avialable_salves_lock</arg>
</arguments>
<status status="PASS" starttime="20190924 18:06:22.702" endtime="20190924 18:06:22.731"></status>
</kw>
<status status="PASS" starttime="20190924 18:06:22.684" endtime="20190924 18:06:22.732"></status>
</kw>
<msg timestamp="20190924 18:06:22.742" level="INFO">#############in log_message
{'timestamp': '20190924 18:06:22.685', 'message': '#############in log_message\n{\'timestamp\': \'20190924 18:06:22.685\', \'message\': "[\'ui\', \'ui\']", \'level\': \'INFO\', \'html\': \'no\'}\nxxxxxxxxxxxxxxxx', 'level': 'INFO', 'html': 'no'}
xxxxxxxxxxxxxxxx
#############in log_message
{'timestamp': '20190924 18:06:22.691', 'message': "${avialable_salves} = [{'type': 'api', 'ip': '192.168.100.2', 'health': '1'}, {'type': 'api', 'ip': '192.168.100.3', 'health': '1'}, {'type': 'ui', 'ip': '192.168.100.3', 'health': '1'}, {'type': 'ui', 'ip': '192.168.100.4...", 'level': 'INFO', 'html': 'no'}
xxxxxxxxxxxxxxxx</msg>
<status status="PASS" starttime="20190924 18:06:22.632" endtime="20190924 18:06:22.742"></status>
</kw>
<kw name="Log" library="BuiltIn">
<doc>Logs the given message with the given level.</doc>
<arguments>
<arg>${SLAVE_LIST}</arg>
</arguments>
<msg timestamp="20190924 18:06:22.743" level="INFO">['ui', 'ui']</msg>
<msg timestamp="20190924 18:06:22.744" level="INFO">#############in log_message
{'timestamp': '20190924 18:06:22.743', 'message': "['ui', 'ui']", 'level': 'INFO', 'html': 'no'}
xxxxxxxxxxxxxxxx</msg>
<status status="PASS" starttime="20190924 18:06:22.743" endtime="20190924 18:06:22.744"></status>
</kw>
<kw name="Wait Until Keyword Succeeds" library="BuiltIn">
<doc>Runs the specified keyword and retries if it fails.</doc>
<arguments>
<arg>2min</arg>
<arg>5s</arg>
<arg>Acquire Slave</arg>
<arg>${SLAVE_LIST}</arg>
</arguments>
<kw name="Acquire Slave" library="ResourcesSyn">
<arguments>
<arg>${SLAVE_LIST}</arg>
</arguments>
<kw name="Acquire Lock" library="pabot.PabotLib">
<doc>Wait for a lock with name.
[https://pabot.org/PabotLib.html?ref=log#acquire-lock|Open online docs.]</doc>
<arguments>
<arg>'SlaveLock'</arg>
</arguments>
<status status="PASS" starttime="20190924 18:06:22.746" endtime="20190924 18:06:22.761"></status>
</kw>
<kw name="Get Parallel Value For Key" library="pabot.PabotLib">
<doc>Get the value for a key. If there is no value for the key then empty
string is returned.
[https://pabot.org/PabotLib.html?ref=log#get-parallel-value-for-key|Open online docs.]</doc>
<arguments>
<arg>'avialable_salves'</arg>
</arguments>
<assign>
<var>${avialable}</var>
</assign>
<msg timestamp="20190924 18:06:22.769" level="INFO">${avialable} = [{'type': 'api', 'ip': '192.168.100.2', 'health': '1'}, {'type': 'api', 'ip': '192.168.100.3', 'health': '1'}, {'type': 'ui', 'ip': '192.168.100.3', 'health': '1'}, {'type': 'ui', 'ip': '192.168.100.4...</msg>
<status status="PASS" starttime="20190924 18:06:22.762" endtime="20190924 18:06:22.769"></status>
</kw>
<kw name="Log" library="BuiltIn">
<doc>Logs the given message with the given level.</doc>
<arguments>
<arg>${avialable}</arg>
</arguments>
<msg timestamp="20190924 18:06:22.771" level="INFO">[{'type': 'api', 'ip': '192.168.100.2', 'health': '1'}, {'type': 'api', 'ip': '192.168.100.3', 'health': '1'}, {'type': 'ui', 'ip': '192.168.100.3', 'health': '1'}, {'type': 'ui', 'ip': '192.168.100.4', 'health': '1'}]</msg>
<msg timestamp="20190924 18:06:22.771" level="INFO">#############in log_message
{'timestamp': '20190924 18:06:22.771', 'message': "[{'type': 'api', 'ip': '192.168.100.2', 'health': '1'}, {'type': 'api', 'ip': '192.168.100.3', 'health': '1'}, {'type': 'ui', 'ip': '192.168.100.3', 'health': '1'}, {'type': 'ui', 'ip': '192.168.100.4', 'health': '1'}]", 'level': 'INFO', 'html': 'no'}
xxxxxxxxxxxxxxxx</msg>
<status status="PASS" starttime="20190924 18:06:22.770" endtime="20190924 18:06:22.771"></status>
</kw>
<kw name="Search Slave" library="ResourcesSyn">
<arguments>
<arg>${typelist}</arg>
<arg>${avialable}</arg>
</arguments>
<assign>
<var>${result}</var>
</assign>
<msg timestamp="20190924 18:06:22.772" level="INFO">['ui', 'ui']
[{'type': 'api', 'ip': '192.168.100.2', 'health': '1'}, {'type': 'api', 'ip': '192.168.100.3', 'health': '1'}, {'type': 'ui', 'ip': '192.168.100.3', 'health': '1'}, {'type': 'ui', 'ip': '192.168.100.4', 'health': '1'}]
111111111
ui
api
111111111
ui
api
111111111
ui
ui
111111111
ui
api
111111111
ui
api
111111111
ui
ui</msg>
<msg timestamp="20190924 18:06:22.773" level="INFO">${result} = [[{'type': 'ui', 'ip': '192.168.100.3', 'health': '1'}, {'type': 'ui', 'ip': '192.168.100.4', 'health': '1'}], [{'type': 'api', 'ip': '192.168.100.2', 'health': '1'}, {'type': 'api', 'ip': '192.168.10...</msg>
<status status="PASS" starttime="20190924 18:06:22.771" endtime="20190924 18:06:22.773"></status>
</kw>
<kw name="Run Keyword If" library="BuiltIn">
<doc>Runs the given keyword with the given arguments, if ``condition`` is true.</doc>
<arguments>
<arg>${result}==${False}</arg>
<arg>Release Lock</arg>
<arg>'SlaveLock'</arg>
</arguments>
<status status="PASS" starttime="20190924 18:06:22.773" endtime="20190924 18:06:22.774"></status>
</kw>
<kw name="Run Keyword If" library="BuiltIn">
<doc>Runs the given keyword with the given arguments, if ``condition`` is true.</doc>
<arguments>
<arg>${result}==${False}</arg>
<arg>Should Be True</arg>
<arg>${1} == ${0}</arg>
</arguments>
<status status="PASS" starttime="20190924 18:06:22.775" endtime="20190924 18:06:22.776"></status>
</kw>
<kw name="Set Suite Variable" library="BuiltIn">
<doc>Makes a variable available everywhere within the scope of the current suite.</doc>
<arguments>
<arg>${suite_salves}</arg>
<arg>${result}[0]</arg>
</arguments>
<msg timestamp="20190924 18:06:22.778" level="INFO">${suite_salves} = [{'type': 'ui', 'ip': '192.168.100.3', 'health': '1'}, {'type': 'ui', 'ip': '192.168.100.4', 'health': '1'}]</msg>
<status status="PASS" starttime="20190924 18:06:22.776" endtime="20190924 18:06:22.778"></status>
</kw>
<kw name="Set Parallel Value For Key" library="pabot.PabotLib">
<doc>Set a globally available key and value that can be accessed
from all the pabot processes.
[https://pabot.org/PabotLib.html?ref=log#set-parallel-value-for-key|Open online docs.]</doc>
<arguments>
<arg>'avialable_salves'</arg>
<arg>${result}[1]</arg>
</arguments>
<status status="PASS" starttime="20190924 18:06:22.779" endtime="20190924 18:06:22.784"></status>
</kw>
<kw name="Release Lock" library="pabot.PabotLib">
<doc>Release a lock with name.
[https://pabot.org/PabotLib.html?ref=log#release-lock|Open online docs.]</doc>
<arguments>
<arg>'SlaveLock'</arg>
</arguments>
<status status="PASS" starttime="20190924 18:06:22.785" endtime="20190924 18:06:22.792"></status>
</kw>
<status status="PASS" starttime="20190924 18:06:22.745" endtime="20190924 18:06:22.793"></status>
</kw>
<status status="PASS" starttime="20190924 18:06:22.744" endtime="20190924 18:06:22.793"></status>
</kw>
<kw name="Log" library="BuiltIn">
<doc>Logs the given message with the given level.</doc>
<arguments>
<arg>${suite_salves}</arg>
</arguments>
<msg timestamp="20190924 18:06:22.794" level="INFO">[{'type': 'ui', 'ip': '192.168.100.3', 'health': '1'}, {'type': 'ui', 'ip': '192.168.100.4', 'health': '1'}]</msg>
<msg timestamp="20190924 18:06:22.795" level="INFO">#############in log_message
{'timestamp': '20190924 18:06:22.794', 'message': "[{'type': 'ui', 'ip': '192.168.100.3', 'health': '1'}, {'type': 'ui', 'ip': '192.168.100.4', 'health': '1'}]", 'level': 'INFO', 'html': 'no'}
xxxxxxxxxxxxxxxx</msg>
<status status="PASS" starttime="20190924 18:06:22.794" endtime="20190924 18:06:22.795"></status>
</kw>
<status status="PASS" starttime="20190924 18:06:22.631" endtime="20190924 18:06:22.795"></status>
</kw>
<kw name="Ui Suite Teardown" library="autotest" type="teardown">
<kw name="Release Slave" library="ResourcesSyn">
<kw name="Get Parallel Value For Key" library="pabot.PabotLib">
<doc>Get the value for a key. If there is no value for the key then empty
string is returned.
[https://pabot.org/PabotLib.html?ref=log#get-parallel-value-for-key|Open online docs.]</doc>
<arguments>
<arg>'avialable_salves'</arg>
</arguments>
<assign>
<var>${avialable}</var>
</assign>
<msg timestamp="20190924 18:06:27.836" level="INFO">${avialable} = [{'type': 'api', 'ip': '192.168.100.2', 'health': '1'}, {'type': 'api', 'ip': '192.168.100.3', 'health': '1'}]</msg>
<status status="PASS" starttime="20190924 18:06:27.830" endtime="20190924 18:06:27.836"></status>
</kw>
<kw name="${slave} IN [ @{suite_salves} ]" type="for">
<kw name="${slave} = {'type': 'ui', 'ip': '192.168.100.3', 'health': '1'}" type="foritem">
<kw name="Append To List" library="Collections">
<doc>Adds ``values`` to the end of ``list``.</doc>
<arguments>
<arg>${avialable}</arg>
<arg>${slave}</arg>
</arguments>
<status status="PASS" starttime="20190924 18:06:27.837" endtime="20190924 18:06:27.838"></status>
</kw>
<status status="PASS" starttime="20190924 18:06:27.837" endtime="20190924 18:06:27.838"></status>
</kw>
<kw name="${slave} = {'type': 'ui', 'ip': '192.168.100.4', 'health': '1'}" type="foritem">
<kw name="Append To List" library="Collections">
<doc>Adds ``values`` to the end of ``list``.</doc>
<arguments>
<arg>${avialable}</arg>
<arg>${slave}</arg>
</arguments>
<status status="PASS" starttime="20190924 18:06:27.839" endtime="20190924 18:06:27.839"></status>
</kw>
<status status="PASS" starttime="20190924 18:06:27.839" endtime="20190924 18:06:27.840"></status>
</kw>
<status status="PASS" starttime="20190924 18:06:27.837" endtime="20190924 18:06:27.840"></status>
</kw>
<kw name="Set Parallel Value For Key" library="pabot.PabotLib">
<doc>Set a globally available key and value that can be accessed
from all the pabot processes.
[https://pabot.org/PabotLib.html?ref=log#set-parallel-value-for-key|Open online docs.]</doc>
<arguments>
<arg>'avialable_salves'</arg>
<arg>${avialable}</arg>
</arguments>
<status status="PASS" starttime="20190924 18:06:27.841" endtime="20190924 18:06:27.846"></status>
</kw>
<kw name="Log" library="BuiltIn">
<doc>Logs the given message with the given level.</doc>
<arguments>
<arg>${avialable}</arg>
</arguments>
<msg timestamp="20190924 18:06:27.847" level="INFO">[{'type': 'api', 'ip': '192.168.100.2', 'health': '1'}, {'type': 'api', 'ip': '192.168.100.3', 'health': '1'}, {'type': 'ui', 'ip': '192.168.100.3', 'health': '1'}, {'type': 'ui', 'ip': '192.168.100.4', 'health': '1'}]</msg>
<msg timestamp="20190924 18:06:27.848" level="INFO">#############in log_message
{'timestamp': '20190924 18:06:27.847', 'message': "[{'type': 'api', 'ip': '192.168.100.2', 'health': '1'}, {'type': 'api', 'ip': '192.168.100.3', 'health': '1'}, {'type': 'ui', 'ip': '192.168.100.3', 'health': '1'}, {'type': 'ui', 'ip': '192.168.100.4', 'health': '1'}]", 'level': 'INFO', 'html': 'no'}
xxxxxxxxxxxxxxxx</msg>
<status status="PASS" starttime="20190924 18:06:27.846" endtime="20190924 18:06:27.848"></status>
</kw>
<status status="PASS" starttime="20190924 18:06:27.829" endtime="20190924 18:06:27.848"></status>
</kw>
<status status="PASS" starttime="20190924 18:06:27.828" endtime="20190924 18:06:27.849"></status>
</kw>
<test id="s1-s1-s1-t1" name="Test_001">
<kw name="Ui Test Setup" library="autotest" type="setup">
<kw name="Log" library="BuiltIn">
<doc>Logs the given message with the given level.</doc>
<arguments>
<arg>1</arg>
</arguments>
<msg timestamp="20190924 18:06:22.800" level="INFO">1</msg>
<msg timestamp="20190924 18:06:22.800" level="INFO">#############in log_message
{'timestamp': '20190924 18:06:22.800', 'message': '1', 'level': 'INFO', 'html': 'no'}
xxxxxxxxxxxxxxxx</msg>
<status status="PASS" starttime="20190924 18:06:22.798" endtime="20190924 18:06:22.800"></status>
</kw>
<status status="PASS" starttime="20190924 18:06:22.797" endtime="20190924 18:06:22.801"></status>
</kw>
<kw name="Log" library="BuiltIn">
<doc>Logs the given message with the given level.</doc>
<arguments>
<arg>123</arg>
</arguments>
<msg timestamp="20190924 18:06:22.805" level="INFO">123</msg>
<msg timestamp="20190924 18:06:22.806" level="INFO">#############in log_message
{'timestamp': '20190924 18:06:22.805', 'message': '123', 'level': 'INFO', 'html': 'no'}
xxxxxxxxxxxxxxxx</msg>
<status status="PASS" starttime="20190924 18:06:22.801" endtime="20190924 18:06:22.806"></status>
</kw>
<kw name="Sleep" library="BuiltIn">
<doc>Pauses the test executed for the given time.</doc>
<arguments>
<arg>5s</arg>
</arguments>
<msg timestamp="20190924 18:06:27.808" level="INFO">Slept 5 seconds</msg>
<msg timestamp="20190924 18:06:27.808" level="INFO">#############in log_message
{'timestamp': '20190924 18:06:27.808', 'message': 'Slept 5 seconds', 'level': 'INFO', 'html': 'no'}
xxxxxxxxxxxxxxxx</msg>
<status status="PASS" starttime="20190924 18:06:22.806" endtime="20190924 18:06:27.809"></status>
</kw>
<kw name="Log" library="BuiltIn">
<doc>Logs the given message with the given level.</doc>
<arguments>
<arg>${name}</arg>
</arguments>
<msg timestamp="20190924 18:06:27.813" level="INFO">yangjian</msg>
<msg timestamp="20190924 18:06:27.813" level="INFO">#############in log_message
{'timestamp': '20190924 18:06:27.813', 'message': 'yangjian', 'level': 'INFO', 'html': 'no'}
xxxxxxxxxxxxxxxx</msg>
<status status="PASS" starttime="20190924 18:06:27.810" endtime="20190924 18:06:27.814"></status>
</kw>
<kw name="Ui Test Teardown" library="autotest" type="teardown">
<kw name="Log" library="BuiltIn">
<doc>Logs the given message with the given level.</doc>
<arguments>
<arg>1</arg>
</arguments>
<msg timestamp="20190924 18:06:27.818" level="INFO">1</msg>
<msg timestamp="20190924 18:06:27.818" level="INFO">#############in log_message
{'timestamp': '20190924 18:06:27.818', 'message': '1', 'level': 'INFO', 'html': 'no'}
xxxxxxxxxxxxxxxx</msg>
<status status="PASS" starttime="20190924 18:06:27.817" endtime="20190924 18:06:27.818"></status>
</kw>
<status status="PASS" starttime="20190924 18:06:27.815" endtime="20190924 18:06:27.820"></status>
</kw>
<tags>
<tag>para-test</tag>
<tag>test-tag1</tag>
<tag>test-tag2</tag>
</tags>
<timeout value="10 seconds"></timeout>
<status status="PASS" starttime="20190924 18:06:22.795" endtime="20190924 18:06:27.820" critical="yes"></status>
</test>
<status status="PASS" starttime="20190924 18:06:21.669" endtime="20190924 18:06:27.849"></status>
</suite>
<suite id="s1-s1-s2" name="Suite2" source="D:\yangjian\project\ui-api-robotframework\uitest_base\parallel_test\suite2.robot">
<kw name="Ui Suite Setup" library="autotest" type="setup">
<kw name="Run Only Once" library="pabot.PabotLib">
<doc>Runs a keyword only once in one of the parallel processes.
[https://pabot.org/PabotLib.html?ref=log#run-only-once|Open online docs.]</doc>
<arguments>
<arg>Init Resource</arg>
</arguments>
<msg timestamp="20190924 18:06:23.025" level="INFO">Skipped in this item</msg>
<msg timestamp="20190924 18:06:23.032" level="INFO">#############in log_message
{'timestamp': '20190924 18:06:23.025', 'message': 'Skipped in this item', 'level': 'INFO', 'html': 'no'}
xxxxxxxxxxxxxxxx</msg>
<status status="PASS" starttime="20190924 18:06:23.007" endtime="20190924 18:06:23.032"></status>
</kw>
<kw name="Log" library="BuiltIn">
<doc>Logs the given message with the given level.</doc>
<arguments>
<arg>${SLAVE_LIST}</arg>
</arguments>
<msg timestamp="20190924 18:06:23.034" level="INFO">['ui', 'api']</msg>
<msg timestamp="20190924 18:06:23.034" level="INFO">#############in log_message
{'timestamp': '20190924 18:06:23.034', 'message': "['ui', 'api']", 'level': 'INFO', 'html': 'no'}
xxxxxxxxxxxxxxxx</msg>
<status status="PASS" starttime="20190924 18:06:23.033" endtime="20190924 18:06:23.034"></status>
</kw>
<kw name="Wait Until Keyword Succeeds" library="BuiltIn">
<doc>Runs the specified keyword and retries if it fails.</doc>
<arguments>
<arg>2min</arg>
<arg>5s</arg>
<arg>Acquire Slave</arg>
<arg>${SLAVE_LIST}</arg>
</arguments>
<kw name="Acquire Slave" library="ResourcesSyn">
<arguments>
<arg>${SLAVE_LIST}</arg>
</arguments>
<kw name="Acquire Lock" library="pabot.PabotLib">
<doc>Wait for a lock with name.
[https://pabot.org/PabotLib.html?ref=log#acquire-lock|Open online docs.]</doc>
<arguments>
<arg>'SlaveLock'</arg>
</arguments>
<status status="PASS" starttime="20190924 18:06:23.036" endtime="20190924 18:06:23.048"></status>
</kw>
<kw name="Get Parallel Value For Key" library="pabot.PabotLib">
<doc>Get the value for a key. If there is no value for the key then empty
string is returned.
[https://pabot.org/PabotLib.html?ref=log#get-parallel-value-for-key|Open online docs.]</doc>
<arguments>
<arg>'avialable_salves'</arg>
</arguments>
<assign>
<var>${avialable}</var>
</assign>
<msg timestamp="20190924 18:06:23.056" level="INFO">${avialable} = [{'type': 'api', 'ip': '192.168.100.2', 'health': '1'}, {'type': 'api', 'ip': '192.168.100.3', 'health': '1'}]</msg>
<status status="PASS" starttime="20190924 18:06:23.048" endtime="20190924 18:06:23.056"></status>
</kw>
<kw name="Log" library="BuiltIn">
<doc>Logs the given message with the given level.</doc>
<arguments>
<arg>${avialable}</arg>
</arguments>
<msg timestamp="20190924 18:06:23.057" level="INFO">[{'type': 'api', 'ip': '192.168.100.2', 'health': '1'}, {'type': 'api', 'ip': '192.168.100.3', 'health': '1'}]</msg>
<msg timestamp="20190924 18:06:23.057" level="INFO">#############in log_message
{'timestamp': '20190924 18:06:23.057', 'message': "[{'type': 'api', 'ip': '192.168.100.2', 'health': '1'}, {'type': 'api', 'ip': '192.168.100.3', 'health': '1'}]", 'level': 'INFO', 'html': 'no'}
xxxxxxxxxxxxxxxx</msg>
<status status="PASS" starttime="20190924 18:06:23.056" endtime="20190924 18:06:23.057"></status>
</kw>
<kw name="Search Slave" library="ResourcesSyn">
<arguments>
<arg>${typelist}</arg>
<arg>${avialable}</arg>
</arguments>
<assign>
<var>${result}</var>
</assign>
<msg timestamp="20190924 18:06:23.059" level="INFO">['ui', 'api']
[{'type': 'api', 'ip': '192.168.100.2', 'health': '1'}, {'type': 'api', 'ip': '192.168.100.3', 'health': '1'}]
111111111
ui
api
111111111
ui
api
111111111
api
api</msg>
<msg timestamp="20190924 18:06:23.059" level="INFO">${result} = False</msg>
<status status="PASS" starttime="20190924 18:06:23.058" endtime="20190924 18:06:23.060"></status>
</kw>
<kw name="Run Keyword If" library="BuiltIn">
<doc>Runs the given keyword with the given arguments, if ``condition`` is true.</doc>
<arguments>
<arg>${result}==${False}</arg>
<arg>Release Lock</arg>
<arg>'SlaveLock'</arg>
</arguments>
<kw name="Release Lock" library="pabot.PabotLib">
<doc>Release a lock with name.
[https://pabot.org/PabotLib.html?ref=log#release-lock|Open online docs.]</doc>
<arguments>
<arg>'SlaveLock'</arg>
</arguments>
<status status="PASS" starttime="20190924 18:06:23.061" endtime="20190924 18:06:23.066"></status>
</kw>
<status status="PASS" starttime="20190924 18:06:23.060" endtime="20190924 18:06:23.066"></status>
</kw>
<kw name="Run Keyword If" library="BuiltIn">
<doc>Runs the given keyword with the given arguments, if ``condition`` is true.</doc>
<arguments>
<arg>${result}==${False}</arg>
<arg>Should Be True</arg>
<arg>${1} == ${0}</arg>
</arguments>
<kw name="Should Be True" library="BuiltIn">
<doc>Fails if the given condition is not true.</doc>
<arguments>
<arg>${1} == ${0}</arg>
</arguments>
<msg timestamp="20190924 18:06:23.069" level="FAIL">'1 == 0' should be true.</msg>
<status status="FAIL" starttime="20190924 18:06:23.068" endtime="20190924 18:06:23.069"></status>
</kw>
<status status="FAIL" starttime="20190924 18:06:23.067" endtime="20190924 18:06:23.069"></status>
</kw>
<status status="FAIL" starttime="20190924 18:06:23.035" endtime="20190924 18:06:23.070"></status>
</kw>
<kw name="Acquire Slave" library="ResourcesSyn">
<arguments>
<arg>${SLAVE_LIST}</arg>
</arguments>
<kw name="Acquire Lock" library="pabot.PabotLib">
<doc>Wait for a lock with name.
[https://pabot.org/PabotLib.html?ref=log#acquire-lock|Open online docs.]</doc>
<arguments>
<arg>'SlaveLock'</arg>
</arguments>
<status status="PASS" starttime="20190924 18:06:28.072" endtime="20190924 18:06:28.081"></status>
</kw>
<kw name="Get Parallel Value For Key" library="pabot.PabotLib">
<doc>Get the value for a key. If there is no value for the key then empty
string is returned.
[https://pabot.org/PabotLib.html?ref=log#get-parallel-value-for-key|Open online docs.]</doc>
<arguments>
<arg>'avialable_salves'</arg>
</arguments>
<assign>
<var>${avialable}</var>
</assign>
<msg timestamp="20190924 18:06:28.100" level="INFO">${avialable} = [{'type': 'api', 'ip': '192.168.100.2', 'health': '1'}, {'type': 'api', 'ip': '192.168.100.3', 'health': '1'}, {'type': 'ui', 'ip': '192.168.100.3', 'health': '1'}, {'type': 'ui', 'ip': '192.168.100.4...</msg>
<status status="PASS" starttime="20190924 18:06:28.082" endtime="20190924 18:06:28.100"></status>
</kw>
<kw name="Log" library="BuiltIn">
<doc>Logs the given message with the given level.</doc>
<arguments>
<arg>${avialable}</arg>
</arguments>
<msg timestamp="20190924 18:06:28.102" level="INFO">[{'type': 'api', 'ip': '192.168.100.2', 'health': '1'}, {'type': 'api', 'ip': '192.168.100.3', 'health': '1'}, {'type': 'ui', 'ip': '192.168.100.3', 'health': '1'}, {'type': 'ui', 'ip': '192.168.100.4', 'health': '1'}]</msg>
<msg timestamp="20190924 18:06:28.102" level="INFO">#############in log_message
{'timestamp': '20190924 18:06:28.102', 'message': "[{'type': 'api', 'ip': '192.168.100.2', 'health': '1'}, {'type': 'api', 'ip': '192.168.100.3', 'health': '1'}, {'type': 'ui', 'ip': '192.168.100.3', 'health': '1'}, {'type': 'ui', 'ip': '192.168.100.4', 'health': '1'}]", 'level': 'INFO', 'html': 'no'}
xxxxxxxxxxxxxxxx</msg>
<status status="PASS" starttime="20190924 18:06:28.101" endtime="20190924 18:06:28.103"></status>
</kw>
<kw name="Search Slave" library="ResourcesSyn">
<arguments>
<arg>${typelist}</arg>
<arg>${avialable}</arg>
</arguments>
<assign>
<var>${result}</var>
</assign>
<msg timestamp="20190924 18:06:28.104" level="INFO">['ui', 'api']
[{'type': 'api', 'ip': '192.168.100.2', 'health': '1'}, {'type': 'api', 'ip': '192.168.100.3', 'health': '1'}, {'type': 'ui', 'ip': '192.168.100.3', 'health': '1'}, {'type': 'ui', 'ip': '192.168.100.4', 'health': '1'}]
111111111
ui
api
111111111
ui
api
111111111
ui
ui
111111111
api
api</msg>
<msg timestamp="20190924 18:06:28.105" level="INFO">${result} = [[{'type': 'ui', 'ip': '192.168.100.3', 'health': '1'}, {'type': 'api', 'ip': '192.168.100.2', 'health': '1'}], [{'type': 'api', 'ip': '192.168.100.3', 'health': '1'}, {'type': 'ui', 'ip': '192.168.10...</msg>
<status status="PASS" starttime="20190924 18:06:28.103" endtime="20190924 18:06:28.105"></status>
</kw>
<kw name="Run Keyword If" library="BuiltIn">
<doc>Runs the given keyword with the given arguments, if ``condition`` is true.</doc>
<arguments>
<arg>${result}==${False}</arg>
<arg>Release Lock</arg>
<arg>'SlaveLock'</arg>
</arguments>
<status status="PASS" starttime="20190924 18:06:28.106" endtime="20190924 18:06:28.107"></status>
</kw>
<kw name="Run Keyword If" library="BuiltIn">
<doc>Runs the given keyword with the given arguments, if ``condition`` is true.</doc>
<arguments>
<arg>${result}==${False}</arg>
<arg>Should Be True</arg>
<arg>${1} == ${0}</arg>
</arguments>
<status status="PASS" starttime="20190924 18:06:28.107" endtime="20190924 18:06:28.108"></status>
</kw>
<kw name="Set Suite Variable" library="BuiltIn">
<doc>Makes a variable available everywhere within the scope of the current suite.</doc>
<arguments>
<arg>${suite_salves}</arg>
<arg>${result}[0]</arg>
</arguments>
<msg timestamp="20190924 18:06:28.111" level="INFO">${suite_salves} = [{'type': 'ui', 'ip': '192.168.100.3', 'health': '1'}, {'type': 'api', 'ip': '192.168.100.2', 'health': '1'}]</msg>
<status status="PASS" starttime="20190924 18:06:28.109" endtime="20190924 18:06:28.112"></status>
</kw>
<kw name="Set Parallel Value For Key" library="pabot.PabotLib">
<doc>Set a globally available key and value that can be accessed
from all the pabot processes.
[https://pabot.org/PabotLib.html?ref=log#set-parallel-value-for-key|Open online docs.]</doc>
<arguments>
<arg>'avialable_salves'</arg>
<arg>${result}[1]</arg>
</arguments>
<status status="PASS" starttime="20190924 18:06:28.112" endtime="20190924 18:06:28.119"></status>
</kw>
<kw name="Release Lock" library="pabot.PabotLib">
<doc>Release a lock with name.
[https://pabot.org/PabotLib.html?ref=log#release-lock|Open online docs.]</doc>
<arguments>
<arg>'SlaveLock'</arg>
</arguments>
<status status="PASS" starttime="20190924 18:06:28.120" endtime="20190924 18:06:28.128"></status>
</kw>
<status status="PASS" starttime="20190924 18:06:28.070" endtime="20190924 18:06:28.129"></status>
</kw>
<status status="PASS" starttime="20190924 18:06:23.034" endtime="20190924 18:06:28.129"></status>
</kw>
<kw name="Log" library="BuiltIn">
<doc>Logs the given message with the given level.</doc>
<arguments>
<arg>${suite_salves}</arg>
</arguments>
<msg timestamp="20190924 18:06:28.130" level="INFO">[{'type': 'ui', 'ip': '192.168.100.3', 'health': '1'}, {'type': 'api', 'ip': '192.168.100.2', 'health': '1'}]</msg>
<msg timestamp="20190924 18:06:28.131" level="INFO">#############in log_message
{'timestamp': '20190924 18:06:28.130', 'message': "[{'type': 'ui', 'ip': '192.168.100.3', 'health': '1'}, {'type': 'api', 'ip': '192.168.100.2', 'health': '1'}]", 'level': 'INFO', 'html': 'no'}
xxxxxxxxxxxxxxxx</msg>
<status status="PASS" starttime="20190924 18:06:28.130" endtime="20190924 18:06:28.131"></status>
</kw>
<status status="PASS" starttime="20190924 18:06:23.006" endtime="20190924 18:06:28.131"></status>
</kw>
<kw name="Ui Suite Teardown" library="autotest" type="teardown">
<kw name="Release Slave" library="ResourcesSyn">
<kw name="Get Parallel Value For Key" library="pabot.PabotLib">
<doc>Get the value for a key. If there is no value for the key then empty
string is returned.
[https://pabot.org/PabotLib.html?ref=log#get-parallel-value-for-key|Open online docs.]</doc>
<arguments>
<arg>'avialable_salves'</arg>
</arguments>
<assign>
<var>${avialable}</var>
</assign>
<msg timestamp="20190924 18:06:33.170" level="INFO">${avialable} = [{'type': 'api', 'ip': '192.168.100.3', 'health': '1'}, {'type': 'ui', 'ip': '192.168.100.4', 'health': '1'}]</msg>
<status status="PASS" starttime="20190924 18:06:33.163" endtime="20190924 18:06:33.170"></status>
</kw>
<kw name="${slave} IN [ @{suite_salves} ]" type="for">
<kw name="${slave} = {'type': 'ui', 'ip': '192.168.100.3', 'health': '1'}" type="foritem">
<kw name="Append To List" library="Collections">
<doc>Adds ``values`` to the end of ``list``.</doc>
<arguments>
<arg>${avialable}</arg>
<arg>${slave}</arg>
</arguments>
<status status="PASS" starttime="20190924 18:06:33.172" endtime="20190924 18:06:33.172"></status>
</kw>
<status status="PASS" starttime="20190924 18:06:33.171" endtime="20190924 18:06:33.172"></status>
</kw>
<kw name="${slave} = {'type': 'api', 'ip': '192.168.100.2', 'health': '1'}" type="foritem">
<kw name="Append To List" library="Collections">
<doc>Adds ``values`` to the end of ``list``.</doc>
<arguments>
<arg>${avialable}</arg>
<arg>${slave}</arg>
</arguments>
<status status="PASS" starttime="20190924 18:06:33.173" endtime="20190924 18:06:33.174"></status>
</kw>
<status status="PASS" starttime="20190924 18:06:33.173" endtime="20190924 18:06:33.174"></status>
</kw>
<status status="PASS" starttime="20190924 18:06:33.171" endtime="20190924 18:06:33.174"></status>
</kw>
<kw name="Set Parallel Value For Key" library="pabot.PabotLib">
<doc>Set a globally available key and value that can be accessed
from all the pabot processes.
[https://pabot.org/PabotLib.html?ref=log#set-parallel-value-for-key|Open online docs.]</doc>
<arguments>
<arg>'avialable_salves'</arg>
<arg>${avialable}</arg>
</arguments>
<status status="PASS" starttime="20190924 18:06:33.175" endtime="20190924 18:06:33.179"></status>
</kw>
<kw name="Log" library="BuiltIn">
<doc>Logs the given message with the given level.</doc>
<arguments>
<arg>${avialable}</arg>
</arguments>
<msg timestamp="20190924 18:06:33.180" level="INFO">[{'type': 'api', 'ip': '192.168.100.3', 'health': '1'}, {'type': 'ui', 'ip': '192.168.100.4', 'health': '1'}, {'type': 'ui', 'ip': '192.168.100.3', 'health': '1'}, {'type': 'api', 'ip': '192.168.100.2', 'health': '1'}]</msg>
<msg timestamp="20190924 18:06:33.180" level="INFO">#############in log_message
{'timestamp': '20190924 18:06:33.180', 'message': "[{'type': 'api', 'ip': '192.168.100.3', 'health': '1'}, {'type': 'ui', 'ip': '192.168.100.4', 'health': '1'}, {'type': 'ui', 'ip': '192.168.100.3', 'health': '1'}, {'type': 'api', 'ip': '192.168.100.2', 'health': '1'}]", 'level': 'INFO', 'html': 'no'}
xxxxxxxxxxxxxxxx</msg>
<status status="PASS" starttime="20190924 18:06:33.179" endtime="20190924 18:06:33.181"></status>
</kw>
<status status="PASS" starttime="20190924 18:06:33.162" endtime="20190924 18:06:33.181"></status>
</kw>
<status status="PASS" starttime="20190924 18:06:33.161" endtime="20190924 18:06:33.181"></status>
</kw>
<test id="s1-s1-s2-t1" name="Test_001">
<kw name="Ui Test Setup" library="autotest" type="setup">
<kw name="Log" library="BuiltIn">
<doc>Logs the given message with the given level.</doc>
<arguments>
<arg>1</arg>
</arguments>
<msg timestamp="20190924 18:06:28.136" level="INFO">1</msg>
<msg timestamp="20190924 18:06:28.137" level="INFO">#############in log_message
{'timestamp': '20190924 18:06:28.136', 'message': '1', 'level': 'INFO', 'html': 'no'}
xxxxxxxxxxxxxxxx</msg>
<status status="PASS" starttime="20190924 18:06:28.135" endtime="20190924 18:06:28.137"></status>
</kw>
<status status="PASS" starttime="20190924 18:06:28.134" endtime="20190924 18:06:28.137"></status>
</kw>
<kw name="Log" library="BuiltIn">
<doc>Logs the given message with the given level.</doc>
<arguments>
<arg>123</arg>
</arguments>
<msg timestamp="20190924 18:06:28.139" level="INFO">123</msg>
<msg timestamp="20190924 18:06:28.139" level="INFO">#############in log_message
{'timestamp': '20190924 18:06:28.139', 'message': '123', 'level': 'INFO', 'html': 'no'}
xxxxxxxxxxxxxxxx</msg>
<status status="PASS" starttime="20190924 18:06:28.138" endtime="20190924 18:06:28.139"></status>
</kw>
<kw name="Sleep" library="BuiltIn">
<doc>Pauses the test executed for the given time.</doc>
<arguments>
<arg>5s</arg>
</arguments>
<msg timestamp="20190924 18:06:33.142" level="INFO">Slept 5 seconds</msg>
<msg timestamp="20190924 18:06:33.143" level="INFO">#############in log_message
{'timestamp': '20190924 18:06:33.142', 'message': 'Slept 5 seconds', 'level': 'INFO', 'html': 'no'}
xxxxxxxxxxxxxxxx</msg>
<status status="PASS" starttime="20190924 18:06:28.140" endtime="20190924 18:06:33.143"></status>
</kw>
<kw name="Log" library="BuiltIn">
<doc>Logs the given message with the given level.</doc>
<arguments>
<arg>${name}</arg>
</arguments>
<msg timestamp="20190924 18:06:33.146" level="INFO">yangjian</msg>
<msg timestamp="20190924 18:06:33.147" level="INFO">#############in log_message
{'timestamp': '20190924 18:06:33.146', 'message': 'yangjian', 'level': 'INFO', 'html': 'no'}
xxxxxxxxxxxxxxxx</msg>
<status status="PASS" starttime="20190924 18:06:33.144" endtime="20190924 18:06:33.147"></status>
</kw>
<kw name="Ui Test Teardown" library="autotest" type="teardown">
<kw name="Log" library="BuiltIn">
<doc>Logs the given message with the given level.</doc>
<arguments>
<arg>1</arg>
</arguments>
<msg timestamp="20190924 18:06:33.151" level="INFO">1</msg>
<msg timestamp="20190924 18:06:33.151" level="INFO">#############in log_message
{'timestamp': '20190924 18:06:33.151', 'message': '1', 'level': 'INFO', 'html': 'no'}
xxxxxxxxxxxxxxxx</msg>
<status status="PASS" starttime="20190924 18:06:33.150" endtime="20190924 18:06:33.152"></status>
</kw>
<status status="PASS" starttime="20190924 18:06:33.148" endtime="20190924 18:06:33.153"></status>
</kw>
<tags>
<tag>para-test</tag>
<tag>test-tag1</tag>
<tag>test-tag2</tag>
</tags>
<timeout value="10 seconds"></timeout>
<status status="PASS" starttime="20190924 18:06:28.132" endtime="20190924 18:06:33.154" critical="yes"></status>
</test>
<status status="PASS" starttime="20190924 18:06:21.844" endtime="20190924 18:06:33.182"></status>
</suite>
<status status="PASS" starttime="20190924 18:06:21.664" endtime="20190924 18:06:33.186"></status>
</suite>
<doc>[https://pabot.org/?ref=log|Pabot] result from 2 executions.</doc>
<status status="PASS" starttime="20190924 18:06:21.608" endtime="20190924 18:06:33.189"></status>
</suite>
<statistics>
<total>
<stat pass="2" fail="0">Critical Tests</stat>
<stat pass="2" fail="0">All Tests</stat>
</total>
<tag>
<stat pass="2" fail="0">para-test</stat>
<stat pass="2" fail="0">test-tag1</stat>
<stat pass="2" fail="0">test-tag2</stat>
</tag>
<suite>
<stat pass="2" fail="0" id="s1" name="robotbase">robotbase</stat>
<stat pass="2" fail="0" id="s1-s1" name="Parallel Test">robotbase.Parallel Test</stat>
<stat pass="1" fail="0" id="s1-s1-s1" name="Suite1">robotbase.Parallel Test.Suite1</stat>
<stat pass="1" fail="0" id="s1-s1-s2" name="Suite2">robotbase.Parallel Test.Suite2</stat>
</suite>
</statistics>
<errors>
</errors>
</robot>
