<?xml version="1.0" encoding="UTF-8"?>
<robot generator="Robot 3.1.2 (Python 3.7.2 on win32)" generated="20190927 00:44:41.567" rpa="false">
<suite id="s1" name="robotbase" source="F:\work\project\ui-api-robotframework\uitest_base">
<suite id="s1-s1" name="Parallel Test" source="F:\work\project\ui-api-robotframework\uitest_base\parallel_test">
<suite id="s1-s1-s1" name="Suite511" source="F:\work\project\ui-api-robotframework\uitest_base\parallel_test\suite511.robot">
<kw name="Ui Suite Setup" library="autotest" type="setup">
<kw name="Run Only Once" library="pabot.PabotLib">
<doc>Runs a keyword only once in one of the parallel processes.
[https://pabot.org/PabotLib.html?ref=log#run-only-once|Open online docs.]</doc>
<arguments>
<arg>Init Resource</arg>
</arguments>
<msg timestamp="20190927 00:44:42.942" level="INFO">Skipped in this item</msg>
<msg timestamp="20190927 00:44:42.946" level="INFO">#############in log_message
{'timestamp': '20190927 00:44:42.942', 'message': 'Skipped in this item', 'level': 'INFO', 'html': 'no'}
xxxxxxxxxxxxxxxx</msg>
<status status="PASS" starttime="20190927 00:44:42.900" endtime="20190927 00:44:42.947"></status>
</kw>
<kw name="Log" library="BuiltIn">
<doc>Logs the given message with the given level.</doc>
<arguments>
<arg>${DEVICE_LIST}</arg>
</arguments>
<msg timestamp="20190927 00:44:42.948" level="INFO">['ui', 'api']</msg>
<msg timestamp="20190927 00:44:42.948" level="INFO">#############in log_message
{'timestamp': '20190927 00:44:42.948', 'message': "['ui', 'api']", 'level': 'INFO', 'html': 'no'}
xxxxxxxxxxxxxxxx</msg>
<status status="PASS" starttime="20190927 00:44:42.948" endtime="20190927 00:44:42.949"></status>
</kw>
<kw name="Return Randint" library="Compute">
<arguments>
<arg>3</arg>
<arg>10</arg>
</arguments>
<assign>
<var>${interval}</var>
</assign>
<msg timestamp="20190927 00:44:42.950" level="INFO">${interval} = 3</msg>
<status status="PASS" starttime="20190927 00:44:42.949" endtime="20190927 00:44:42.950"></status>
</kw>
<kw name="Wait Until Keyword Succeeds" library="BuiltIn">
<doc>Runs the specified keyword and retries if it fails.</doc>
<arguments>
<arg>2min</arg>
<arg>${interval}s</arg>
<arg>Acquire Device</arg>
</arguments>
<kw name="Acquire Device" library="ResourcesSyn">
<kw name="Acquire Lock" library="pabot.PabotLib">
<doc>Wait for a lock with name.
[https://pabot.org/PabotLib.html?ref=log#acquire-lock|Open online docs.]</doc>
<arguments>
<arg>'DeviceLock'</arg>
</arguments>
<status status="PASS" starttime="20190927 00:44:42.953" endtime="20190927 00:44:42.958"></status>
</kw>
<kw name="Get Parallel Value For Key" library="pabot.PabotLib">
<doc>Get the value for a key. If there is no value for the key then empty
string is returned.
[https://pabot.org/PabotLib.html?ref=log#get-parallel-value-for-key|Open online docs.]</doc>
<arguments>
<arg>'avialable_devices'</arg>
</arguments>
<assign>
<var>${avialable}</var>
</assign>
<msg timestamp="20190927 00:44:42.964" level="INFO">${avialable} = [{'type': 'api', 'ip': '192.168.100.2', 'health': '1'}, {'type': 'ui', 'ip': '192.168.100.3', 'health': '1'}]</msg>
<status status="PASS" starttime="20190927 00:44:42.958" endtime="20190927 00:44:42.964"></status>
</kw>
<kw name="Log" library="BuiltIn">
<doc>Logs the given message with the given level.</doc>
<arguments>
<arg>${avialable}</arg>
</arguments>
<msg timestamp="20190927 00:44:42.965" level="INFO">[{'type': 'api', 'ip': '192.168.100.2', 'health': '1'}, {'type': 'ui', 'ip': '192.168.100.3', 'health': '1'}]</msg>
<msg timestamp="20190927 00:44:42.966" level="INFO">#############in log_message
{'timestamp': '20190927 00:44:42.965', 'message': "[{'type': 'api', 'ip': '192.168.100.2', 'health': '1'}, {'type': 'ui', 'ip': '192.168.100.3', 'health': '1'}]", 'level': 'INFO', 'html': 'no'}
xxxxxxxxxxxxxxxx</msg>
<status status="PASS" starttime="20190927 00:44:42.965" endtime="20190927 00:44:42.966"></status>
</kw>
<kw name="Search Device" library="ResourcesSyn">
<arguments>
<arg>${DEVICE_LIST}</arg>
<arg>${avialable}</arg>
</arguments>
<assign>
<var>${result}</var>
</assign>
<msg timestamp="20190927 00:44:42.968" level="INFO">${result} = [[{'type': 'ui', 'ip': '192.168.100.3', 'health': '1'}, {'type': 'api', 'ip': '192.168.100.2', 'health': '1'}], []]</msg>
<status status="PASS" starttime="20190927 00:44:42.967" endtime="20190927 00:44:42.968"></status>
</kw>
<kw name="Run Keyword If" library="BuiltIn">
<doc>Runs the given keyword with the given arguments, if ``condition`` is true.</doc>
<arguments>
<arg>${result}==${False}</arg>
<arg>Release Lock</arg>
<arg>'DeviceLock'</arg>
</arguments>
<status status="PASS" starttime="20190927 00:44:42.969" endtime="20190927 00:44:42.970"></status>
</kw>
<kw name="Run Keyword If" library="BuiltIn">
<doc>Runs the given keyword with the given arguments, if ``condition`` is true.</doc>
<arguments>
<arg>${result}==${False}</arg>
<arg>Should Be True</arg>
<arg>${1} == ${0}</arg>
</arguments>
<status status="PASS" starttime="20190927 00:44:42.971" endtime="20190927 00:44:42.972"></status>
</kw>
<kw name="Set Suite Variable" library="BuiltIn">
<doc>Makes a variable available everywhere within the scope of the current suite.</doc>
<arguments>
<arg>${suite_devices}</arg>
<arg>${result}[0]</arg>
</arguments>
<msg timestamp="20190927 00:44:42.975" level="INFO">${suite_devices} = [{'type': 'ui', 'ip': '192.168.100.3', 'health': '1'}, {'type': 'api', 'ip': '192.168.100.2', 'health': '1'}]</msg>
<status status="PASS" starttime="20190927 00:44:42.972" endtime="20190927 00:44:42.975"></status>
</kw>
<kw name="Set Parallel Value For Key" library="pabot.PabotLib">
<doc>Set a globally available key and value that can be accessed
from all the pabot processes.
[https://pabot.org/PabotLib.html?ref=log#set-parallel-value-for-key|Open online docs.]</doc>
<arguments>
<arg>'avialable_devices'</arg>
<arg>${result}[1]</arg>
</arguments>
<status status="PASS" starttime="20190927 00:44:42.976" endtime="20190927 00:44:42.981"></status>
</kw>
<kw name="Release Lock" library="pabot.PabotLib">
<doc>Release a lock with name.
[https://pabot.org/PabotLib.html?ref=log#release-lock|Open online docs.]</doc>
<arguments>
<arg>'DeviceLock'</arg>
</arguments>
<status status="PASS" starttime="20190927 00:44:42.981" endtime="20190927 00:44:42.986"></status>
</kw>
<status status="PASS" starttime="20190927 00:44:42.952" endtime="20190927 00:44:42.986"></status>
</kw>
<status status="PASS" starttime="20190927 00:44:42.951" endtime="20190927 00:44:42.987"></status>
</kw>
<kw name="Log" library="BuiltIn">
<doc>Logs the given message with the given level.</doc>
<arguments>
<arg>${suite_devices}</arg>
</arguments>
<msg timestamp="20190927 00:44:42.988" level="INFO">[{'type': 'ui', 'ip': '192.168.100.3', 'health': '1'}, {'type': 'api', 'ip': '192.168.100.2', 'health': '1'}]</msg>
<msg timestamp="20190927 00:44:42.989" level="INFO">#############in log_message
{'timestamp': '20190927 00:44:42.988', 'message': "[{'type': 'ui', 'ip': '192.168.100.3', 'health': '1'}, {'type': 'api', 'ip': '192.168.100.2', 'health': '1'}]", 'level': 'INFO', 'html': 'no'}
xxxxxxxxxxxxxxxx</msg>
<status status="PASS" starttime="20190927 00:44:42.988" endtime="20190927 00:44:42.989"></status>
</kw>
<status status="PASS" starttime="20190927 00:44:42.899" endtime="20190927 00:44:42.989"></status>
</kw>
<test id="s1-s1-s1-t1" name="Test_001">
<kw name="Ui Test Setup" library="autotest" type="setup">
<kw name="Log" library="BuiltIn">
<doc>Logs the given message with the given level.</doc>
<arguments>
<arg>1</arg>
</arguments>
<msg timestamp="20190927 00:44:42.994" level="INFO">1</msg>
<msg timestamp="20190927 00:44:42.994" level="INFO">#############in log_message
{'timestamp': '20190927 00:44:42.994', 'message': '1', 'level': 'INFO', 'html': 'no'}
xxxxxxxxxxxxxxxx</msg>
<status status="PASS" starttime="20190927 00:44:42.993" endtime="20190927 00:44:42.995"></status>
</kw>
<status status="PASS" starttime="20190927 00:44:42.992" endtime="20190927 00:44:42.995"></status>
</kw>
<kw name="Log" library="BuiltIn">
<doc>Logs the given message with the given level.</doc>
<arguments>
<arg>123</arg>
</arguments>
<msg timestamp="20190927 00:44:42.998" level="INFO">123</msg>
<msg timestamp="20190927 00:44:42.998" level="INFO">#############in log_message
{'timestamp': '20190927 00:44:42.998', 'message': '123', 'level': 'INFO', 'html': 'no'}
xxxxxxxxxxxxxxxx</msg>
<status status="PASS" starttime="20190927 00:44:42.996" endtime="20190927 00:44:42.998"></status>
</kw>
<kw name="Sleep" library="BuiltIn">
<doc>Pauses the test executed for the given time.</doc>
<arguments>
<arg>5s</arg>
</arguments>
<msg timestamp="20190927 00:44:48.000" level="INFO">Slept 5 seconds</msg>
<msg timestamp="20190927 00:44:48.001" level="INFO">#############in log_message
{'timestamp': '20190927 00:44:48.000', 'message': 'Slept 5 seconds', 'level': 'INFO', 'html': 'no'}
xxxxxxxxxxxxxxxx</msg>
<status status="PASS" starttime="20190927 00:44:42.999" endtime="20190927 00:44:48.001"></status>
</kw>
<kw name="Log" library="BuiltIn">
<doc>Logs the given message with the given level.</doc>
<arguments>
<arg>${name}</arg>
</arguments>
<msg timestamp="20190927 00:44:48.007" level="INFO">yangjian</msg>
<msg timestamp="20190927 00:44:48.007" level="INFO">#############in log_message
{'timestamp': '20190927 00:44:48.007', 'message': 'yangjian', 'level': 'INFO', 'html': 'no'}
xxxxxxxxxxxxxxxx</msg>
<status status="PASS" starttime="20190927 00:44:48.003" endtime="20190927 00:44:48.008"></status>
</kw>
<kw name="Ui Test Teardown" library="autotest" type="teardown">
<kw name="Log" library="BuiltIn">
<doc>Logs the given message with the given level.</doc>
<arguments>
<arg>1</arg>
</arguments>
<msg timestamp="20190927 00:44:48.014" level="INFO">1</msg>
<msg timestamp="20190927 00:44:48.014" level="INFO">#############in log_message
{'timestamp': '20190927 00:44:48.014', 'message': '1', 'level': 'INFO', 'html': 'no'}
xxxxxxxxxxxxxxxx</msg>
<status status="PASS" starttime="20190927 00:44:48.012" endtime="20190927 00:44:48.015"></status>
</kw>
<status status="PASS" starttime="20190927 00:44:48.010" endtime="20190927 00:44:48.016"></status>
</kw>
<tags>
<tag>para-test</tag>
<tag>test-tag1</tag>
<tag>test-tag2</tag>
</tags>
<timeout value="10 seconds"></timeout>
<status status="PASS" starttime="20190927 00:44:42.990" endtime="20190927 00:44:48.017" critical="yes"></status>
</test>
<kw name="Ui Suite Teardown" library="autotest" type="teardown">
<kw name="Release Device" library="ResourcesSyn">
<kw name="Get Parallel Value For Key" library="pabot.PabotLib">
<doc>Get the value for a key. If there is no value for the key then empty
string is returned.
[https://pabot.org/PabotLib.html?ref=log#get-parallel-value-for-key|Open online docs.]</doc>
<arguments>
<arg>'avialable_devices'</arg>
</arguments>
<assign>
<var>${avialable}</var>
</assign>
<msg timestamp="20190927 00:44:48.036" level="INFO">${avialable} = []</msg>
<status status="PASS" starttime="20190927 00:44:48.029" endtime="20190927 00:44:48.036"></status>
</kw>
<kw name="${device} IN [ @{suite_devices} ]" type="for">
<kw name="${device} = {'type': 'ui', 'ip': '192.168.100.3', 'health': '1'}" type="foritem">
<kw name="Append To List" library="Collections">
<doc>Adds ``values`` to the end of ``list``.</doc>
<arguments>
<arg>${avialable}</arg>
<arg>${device}</arg>
</arguments>
<status status="PASS" starttime="20190927 00:44:48.038" endtime="20190927 00:44:48.039"></status>
</kw>
<status status="PASS" starttime="20190927 00:44:48.037" endtime="20190927 00:44:48.039"></status>
</kw>
<kw name="${device} = {'type': 'api', 'ip': '192.168.100.2', 'health': '1'}" type="foritem">
<kw name="Append To List" library="Collections">
<doc>Adds ``values`` to the end of ``list``.</doc>
<arguments>
<arg>${avialable}</arg>
<arg>${device}</arg>
</arguments>
<status status="PASS" starttime="20190927 00:44:48.040" endtime="20190927 00:44:48.041"></status>
</kw>
<status status="PASS" starttime="20190927 00:44:48.039" endtime="20190927 00:44:48.042"></status>
</kw>
<status status="PASS" starttime="20190927 00:44:48.037" endtime="20190927 00:44:48.042"></status>
</kw>
<kw name="Log" library="BuiltIn">
<doc>Logs the given message with the given level.</doc>
<arguments>
<arg>${avialable}</arg>
</arguments>
<msg timestamp="20190927 00:44:48.043" level="INFO">[{'type': 'ui', 'ip': '192.168.100.3', 'health': '1'}, {'type': 'api', 'ip': '192.168.100.2', 'health': '1'}]</msg>
<msg timestamp="20190927 00:44:48.043" level="INFO">#############in log_message
{'timestamp': '20190927 00:44:48.043', 'message': "[{'type': 'ui', 'ip': '192.168.100.3', 'health': '1'}, {'type': 'api', 'ip': '192.168.100.2', 'health': '1'}]", 'level': 'INFO', 'html': 'no'}
xxxxxxxxxxxxxxxx</msg>
<status status="PASS" starttime="20190927 00:44:48.043" endtime="20190927 00:44:48.044"></status>
</kw>
<kw name="Set Parallel Value For Key" library="pabot.PabotLib">
<doc>Set a globally available key and value that can be accessed
from all the pabot processes.
[https://pabot.org/PabotLib.html?ref=log#set-parallel-value-for-key|Open online docs.]</doc>
<arguments>
<arg>'avialable_devices'</arg>
<arg>${avialable}</arg>
</arguments>
<status status="PASS" starttime="20190927 00:44:48.044" endtime="20190927 00:44:48.050"></status>
</kw>
<status status="PASS" starttime="20190927 00:44:48.028" endtime="20190927 00:44:48.050"></status>
</kw>
<status status="PASS" starttime="20190927 00:44:48.026" endtime="20190927 00:44:48.051"></status>
</kw>
<status status="PASS" starttime="20190927 00:44:41.678" endtime="20190927 00:44:48.051"></status>
</suite>
<status status="PASS" starttime="20190927 00:44:41.672" endtime="20190927 00:44:48.057"></status>
</suite>
<status status="PASS" starttime="20190927 00:44:41.610" endtime="20190927 00:44:48.060"></status>
</suite>
<statistics>
<total>
<stat pass="1" fail="0">Critical Tests</stat>
<stat pass="1" fail="0">All Tests</stat>
</total>
<tag>
<stat pass="1" fail="0">para-test</stat>
<stat pass="1" fail="0">test-tag1</stat>
<stat pass="1" fail="0">test-tag2</stat>
</tag>
<suite>
<stat pass="1" fail="0" id="s1" name="robotbase">robotbase</stat>
<stat pass="1" fail="0" id="s1-s1" name="Parallel Test">robotbase.Parallel Test</stat>
<stat pass="1" fail="0" id="s1-s1-s1" name="Suite511">robotbase.Parallel Test.Suite511</stat>
</suite>
</statistics>
<errors>
</errors>
</robot>
