<?xml version="1.0" encoding="UTF-8"?>
<robot generator="Robot 3.2.1 (Python 3.7.2 on win32)" generated="20200618 00:06:32.041" rpa="false">
<suite id="s1" name="robotbase" source="F:\work\project\ui-api-robotframework\uitest_base">
<suite id="s1-s1" name="Parallel Test" source="F:\work\project\ui-api-robotframework\uitest_base\parallel_test">
<suite id="s1-s1-s1" name="Suite111" source="F:\work\project\ui-api-robotframework\uitest_base\parallel_test\suite111.robot">
<kw name="Ui Suite Setup" library="autotest" type="setup">
<kw name="Run Only Once" library="pabot.PabotLib">
<doc>Runs a keyword only once in one of the parallel processes.
[https://pabot.org/PabotLib.html?ref=log#run-only-once|Open online docs.]</doc>
<arguments>
<arg>Init Resource</arg>
</arguments>
<msg timestamp="20200618 00:06:33.736" level="INFO">Skipped in this item</msg>
<msg timestamp="20200618 00:06:33.740" level="INFO">#############in log_message
Skipped in this item
xxxxxxxxxxxxxxxx</msg>
<status status="PASS" starttime="20200618 00:06:33.712" endtime="20200618 00:06:33.741"></status>
</kw>
<kw name="Log" library="BuiltIn">
<doc>Logs the given message with the given level.</doc>
<arguments>
<arg>${DEVICE_LIST}</arg>
</arguments>
<msg timestamp="20200618 00:06:33.743" level="INFO">['ui', 'ui']</msg>
<msg timestamp="20200618 00:06:33.744" level="INFO">#############in log_message
['ui', 'ui']
xxxxxxxxxxxxxxxx</msg>
<status status="PASS" starttime="20200618 00:06:33.742" endtime="20200618 00:06:33.744"></status>
</kw>
<kw name="Return Randint" library="Compute">
<arguments>
<arg>3</arg>
<arg>10</arg>
</arguments>
<assign>
<var>${interval}</var>
</assign>
<msg timestamp="20200618 00:06:33.745" level="INFO">${interval} = 4</msg>
<status status="PASS" starttime="20200618 00:06:33.744" endtime="20200618 00:06:33.745"></status>
</kw>
<kw name="Wait Until Keyword Succeeds" library="BuiltIn">
<doc>Runs the specified keyword and retries if it fails.</doc>
<arguments>
<arg>2min</arg>
<arg>${interval}s</arg>
<arg>Acquire Device</arg>
</arguments>
<kw name="Acquire Device" library="ResourcesSyn">
<kw name="Acquire Lock" library="pabot.PabotLib">
<doc>Wait for a lock with name.
[https://pabot.org/PabotLib.html?ref=log#acquire-lock|Open online docs.]</doc>
<arguments>
<arg>'DeviceLock'</arg>
</arguments>
<status status="PASS" starttime="20200618 00:06:33.748" endtime="20200618 00:06:33.753"></status>
</kw>
<kw name="Get Parallel Value For Key" library="pabot.PabotLib">
<doc>Get the value for a key. If there is no value for the key then empty
string is returned.
[https://pabot.org/PabotLib.html?ref=log#get-parallel-value-for-key|Open online docs.]</doc>
<arguments>
<arg>'avialable_devices'</arg>
</arguments>
<assign>
<var>${avialable}</var>
</assign>
<msg timestamp="20200618 00:06:33.760" level="INFO">${avialable} = [{'type': 'api', 'ip': '192.168.100.1', 'health': '1'}, {'type': 'ui', 'ip': '192.168.100.4', 'health': '1'}]</msg>
<status status="PASS" starttime="20200618 00:06:33.754" endtime="20200618 00:06:33.760"></status>
</kw>
<kw name="Log" library="BuiltIn">
<doc>Logs the given message with the given level.</doc>
<arguments>
<arg>${avialable}</arg>
</arguments>
<msg timestamp="20200618 00:06:33.761" level="INFO">[{'type': 'api', 'ip': '192.168.100.1', 'health': '1'}, {'type': 'ui', 'ip': '192.168.100.4', 'health': '1'}]</msg>
<msg timestamp="20200618 00:06:33.761" level="INFO">#############in log_message
[{'type': 'api', 'ip': '192.168.100.1', 'health': '1'}, {'type': 'ui', 'ip': '192.168.100.4', 'health': '1'}]
xxxxxxxxxxxxxxxx</msg>
<status status="PASS" starttime="20200618 00:06:33.761" endtime="20200618 00:06:33.762"></status>
</kw>
<kw name="Run Keyword And Return Status" library="BuiltIn">
<doc>Runs the given keyword with given arguments and returns the status as a Boolean value.</doc>
<arguments>
<arg>Variable Should Exist</arg>
<arg>${DEVICE_LIST}</arg>
</arguments>
<assign>
<var>${dev}</var>
</assign>
<kw name="Variable Should Exist" library="BuiltIn">
<doc>Fails unless the given variable exists within the current scope.</doc>
<arguments>
<arg>${DEVICE_LIST}</arg>
</arguments>
<status status="PASS" starttime="20200618 00:06:33.764" endtime="20200618 00:06:33.764"></status>
</kw>
<msg timestamp="20200618 00:06:33.765" level="INFO">${dev} = True</msg>
<status status="PASS" starttime="20200618 00:06:33.763" endtime="20200618 00:06:33.765"></status>
</kw>
<kw name="Return From Keyword If" library="BuiltIn">
<doc>Returns from the enclosing user keyword if ``condition`` is true.</doc>
<arguments>
<arg>${dev}==${False}</arg>
<arg>'devicelist is null'</arg>
</arguments>
<status status="PASS" starttime="20200618 00:06:33.765" endtime="20200618 00:06:33.766"></status>
</kw>
<kw name="Search Device" library="ResourcesSyn">
<arguments>
<arg>${DEVICE_LIST}</arg>
<arg>${avialable}</arg>
</arguments>
<assign>
<var>${result}</var>
</assign>
<msg timestamp="20200618 00:06:33.768" level="INFO">${result} = False</msg>
<status status="PASS" starttime="20200618 00:06:33.767" endtime="20200618 00:06:33.768"></status>
</kw>
<kw name="Run Keyword If" library="BuiltIn">
<doc>Runs the given keyword with the given arguments, if ``condition`` is true.</doc>
<arguments>
<arg>${result}==${False}</arg>
<arg>Release Lock</arg>
<arg>'DeviceLock'</arg>
</arguments>
<kw name="Release Lock" library="pabot.PabotLib">
<doc>Release a lock with name.
[https://pabot.org/PabotLib.html?ref=log#release-lock|Open online docs.]</doc>
<arguments>
<arg>'DeviceLock'</arg>
</arguments>
<status status="PASS" starttime="20200618 00:06:33.770" endtime="20200618 00:06:33.775"></status>
</kw>
<status status="PASS" starttime="20200618 00:06:33.769" endtime="20200618 00:06:33.775"></status>
</kw>
<kw name="Run Keyword If" library="BuiltIn">
<doc>Runs the given keyword with the given arguments, if ``condition`` is true.</doc>
<arguments>
<arg>${result}==${False}</arg>
<arg>Should Be True</arg>
<arg>${1} == ${0}</arg>
</arguments>
<kw name="Should Be True" library="BuiltIn">
<doc>Fails if the given condition is not true.</doc>
<arguments>
<arg>${1} == ${0}</arg>
</arguments>
<msg timestamp="20200618 00:06:33.778" level="FAIL">'1 == 0' should be true.</msg>
<status status="FAIL" starttime="20200618 00:06:33.777" endtime="20200618 00:06:33.778"></status>
</kw>
<status status="FAIL" starttime="20200618 00:06:33.776" endtime="20200618 00:06:33.779"></status>
</kw>
<status status="FAIL" starttime="20200618 00:06:33.747" endtime="20200618 00:06:33.779"></status>
</kw>
<kw name="Acquire Device" library="ResourcesSyn">
<kw name="Acquire Lock" library="pabot.PabotLib">
<doc>Wait for a lock with name.
[https://pabot.org/PabotLib.html?ref=log#acquire-lock|Open online docs.]</doc>
<arguments>
<arg>'DeviceLock'</arg>
</arguments>
<status status="PASS" starttime="20200618 00:06:37.781" endtime="20200618 00:06:37.786"></status>
</kw>
<kw name="Get Parallel Value For Key" library="pabot.PabotLib">
<doc>Get the value for a key. If there is no value for the key then empty
string is returned.
[https://pabot.org/PabotLib.html?ref=log#get-parallel-value-for-key|Open online docs.]</doc>
<arguments>
<arg>'avialable_devices'</arg>
</arguments>
<assign>
<var>${avialable}</var>
</assign>
<msg timestamp="20200618 00:06:37.793" level="INFO">${avialable} = [{'type': 'api', 'ip': '192.168.100.1', 'health': '1'}, {'type': 'ui', 'ip': '192.168.100.4', 'health': '1'}]</msg>
<status status="PASS" starttime="20200618 00:06:37.786" endtime="20200618 00:06:37.793"></status>
</kw>
<kw name="Log" library="BuiltIn">
<doc>Logs the given message with the given level.</doc>
<arguments>
<arg>${avialable}</arg>
</arguments>
<msg timestamp="20200618 00:06:37.794" level="INFO">[{'type': 'api', 'ip': '192.168.100.1', 'health': '1'}, {'type': 'ui', 'ip': '192.168.100.4', 'health': '1'}]</msg>
<msg timestamp="20200618 00:06:37.794" level="INFO">#############in log_message
[{'type': 'api', 'ip': '192.168.100.1', 'health': '1'}, {'type': 'ui', 'ip': '192.168.100.4', 'health': '1'}]
xxxxxxxxxxxxxxxx</msg>
<status status="PASS" starttime="20200618 00:06:37.793" endtime="20200618 00:06:37.795"></status>
</kw>
<kw name="Run Keyword And Return Status" library="BuiltIn">
<doc>Runs the given keyword with given arguments and returns the status as a Boolean value.</doc>
<arguments>
<arg>Variable Should Exist</arg>
<arg>${DEVICE_LIST}</arg>
</arguments>
<assign>
<var>${dev}</var>
</assign>
<kw name="Variable Should Exist" library="BuiltIn">
<doc>Fails unless the given variable exists within the current scope.</doc>
<arguments>
<arg>${DEVICE_LIST}</arg>
</arguments>
<status status="PASS" starttime="20200618 00:06:37.796" endtime="20200618 00:06:37.797"></status>
</kw>
<msg timestamp="20200618 00:06:37.798" level="INFO">${dev} = True</msg>
<status status="PASS" starttime="20200618 00:06:37.796" endtime="20200618 00:06:37.798"></status>
</kw>
<kw name="Return From Keyword If" library="BuiltIn">
<doc>Returns from the enclosing user keyword if ``condition`` is true.</doc>
<arguments>
<arg>${dev}==${False}</arg>
<arg>'devicelist is null'</arg>
</arguments>
<status status="PASS" starttime="20200618 00:06:37.798" endtime="20200618 00:06:37.799"></status>
</kw>
<kw name="Search Device" library="ResourcesSyn">
<arguments>
<arg>${DEVICE_LIST}</arg>
<arg>${avialable}</arg>
</arguments>
<assign>
<var>${result}</var>
</assign>
<msg timestamp="20200618 00:06:37.801" level="INFO">${result} = False</msg>
<status status="PASS" starttime="20200618 00:06:37.800" endtime="20200618 00:06:37.801"></status>
</kw>
<kw name="Run Keyword If" library="BuiltIn">
<doc>Runs the given keyword with the given arguments, if ``condition`` is true.</doc>
<arguments>
<arg>${result}==${False}</arg>
<arg>Release Lock</arg>
<arg>'DeviceLock'</arg>
</arguments>
<kw name="Release Lock" library="pabot.PabotLib">
<doc>Release a lock with name.
[https://pabot.org/PabotLib.html?ref=log#release-lock|Open online docs.]</doc>
<arguments>
<arg>'DeviceLock'</arg>
</arguments>
<status status="PASS" starttime="20200618 00:06:37.803" endtime="20200618 00:06:37.808"></status>
</kw>
<status status="PASS" starttime="20200618 00:06:37.802" endtime="20200618 00:06:37.809"></status>
</kw>
<kw name="Run Keyword If" library="BuiltIn">
<doc>Runs the given keyword with the given arguments, if ``condition`` is true.</doc>
<arguments>
<arg>${result}==${False}</arg>
<arg>Should Be True</arg>
<arg>${1} == ${0}</arg>
</arguments>
<kw name="Should Be True" library="BuiltIn">
<doc>Fails if the given condition is not true.</doc>
<arguments>
<arg>${1} == ${0}</arg>
</arguments>
<msg timestamp="20200618 00:06:37.812" level="FAIL">'1 == 0' should be true.</msg>
<status status="FAIL" starttime="20200618 00:06:37.811" endtime="20200618 00:06:37.812"></status>
</kw>
<status status="FAIL" starttime="20200618 00:06:37.809" endtime="20200618 00:06:37.813"></status>
</kw>
<status status="FAIL" starttime="20200618 00:06:37.780" endtime="20200618 00:06:37.813"></status>
</kw>
<kw name="Acquire Device" library="ResourcesSyn">
<kw name="Acquire Lock" library="pabot.PabotLib">
<doc>Wait for a lock with name.
[https://pabot.org/PabotLib.html?ref=log#acquire-lock|Open online docs.]</doc>
<arguments>
<arg>'DeviceLock'</arg>
</arguments>
<status status="PASS" starttime="20200618 00:06:41.815" endtime="20200618 00:06:41.819"></status>
</kw>
<kw name="Get Parallel Value For Key" library="pabot.PabotLib">
<doc>Get the value for a key. If there is no value for the key then empty
string is returned.
[https://pabot.org/PabotLib.html?ref=log#get-parallel-value-for-key|Open online docs.]</doc>
<arguments>
<arg>'avialable_devices'</arg>
</arguments>
<assign>
<var>${avialable}</var>
</assign>
<msg timestamp="20200618 00:06:41.825" level="INFO">${avialable} = [{'type': 'api', 'ip': '192.168.100.1', 'health': '1'}, {'type': 'ui', 'ip': '192.168.100.4', 'health': '1'}]</msg>
<status status="PASS" starttime="20200618 00:06:41.820" endtime="20200618 00:06:41.825"></status>
</kw>
<kw name="Log" library="BuiltIn">
<doc>Logs the given message with the given level.</doc>
<arguments>
<arg>${avialable}</arg>
</arguments>
<msg timestamp="20200618 00:06:41.827" level="INFO">[{'type': 'api', 'ip': '192.168.100.1', 'health': '1'}, {'type': 'ui', 'ip': '192.168.100.4', 'health': '1'}]</msg>
<msg timestamp="20200618 00:06:41.827" level="INFO">#############in log_message
[{'type': 'api', 'ip': '192.168.100.1', 'health': '1'}, {'type': 'ui', 'ip': '192.168.100.4', 'health': '1'}]
xxxxxxxxxxxxxxxx</msg>
<status status="PASS" starttime="20200618 00:06:41.826" endtime="20200618 00:06:41.827"></status>
</kw>
<kw name="Run Keyword And Return Status" library="BuiltIn">
<doc>Runs the given keyword with given arguments and returns the status as a Boolean value.</doc>
<arguments>
<arg>Variable Should Exist</arg>
<arg>${DEVICE_LIST}</arg>
</arguments>
<assign>
<var>${dev}</var>
</assign>
<kw name="Variable Should Exist" library="BuiltIn">
<doc>Fails unless the given variable exists within the current scope.</doc>
<arguments>
<arg>${DEVICE_LIST}</arg>
</arguments>
<status status="PASS" starttime="20200618 00:06:41.829" endtime="20200618 00:06:41.830"></status>
</kw>
<msg timestamp="20200618 00:06:41.830" level="INFO">${dev} = True</msg>
<status status="PASS" starttime="20200618 00:06:41.828" endtime="20200618 00:06:41.830"></status>
</kw>
<kw name="Return From Keyword If" library="BuiltIn">
<doc>Returns from the enclosing user keyword if ``condition`` is true.</doc>
<arguments>
<arg>${dev}==${False}</arg>
<arg>'devicelist is null'</arg>
</arguments>
<status status="PASS" starttime="20200618 00:06:41.831" endtime="20200618 00:06:41.832"></status>
</kw>
<kw name="Search Device" library="ResourcesSyn">
<arguments>
<arg>${DEVICE_LIST}</arg>
<arg>${avialable}</arg>
</arguments>
<assign>
<var>${result}</var>
</assign>
<msg timestamp="20200618 00:06:41.833" level="INFO">${result} = False</msg>
<status status="PASS" starttime="20200618 00:06:41.832" endtime="20200618 00:06:41.833"></status>
</kw>
<kw name="Run Keyword If" library="BuiltIn">
<doc>Runs the given keyword with the given arguments, if ``condition`` is true.</doc>
<arguments>
<arg>${result}==${False}</arg>
<arg>Release Lock</arg>
<arg>'DeviceLock'</arg>
</arguments>
<kw name="Release Lock" library="pabot.PabotLib">
<doc>Release a lock with name.
[https://pabot.org/PabotLib.html?ref=log#release-lock|Open online docs.]</doc>
<arguments>
<arg>'DeviceLock'</arg>
</arguments>
<status status="PASS" starttime="20200618 00:06:41.835" endtime="20200618 00:06:41.839"></status>
</kw>
<status status="PASS" starttime="20200618 00:06:41.834" endtime="20200618 00:06:41.840"></status>
</kw>
<kw name="Run Keyword If" library="BuiltIn">
<doc>Runs the given keyword with the given arguments, if ``condition`` is true.</doc>
<arguments>
<arg>${result}==${False}</arg>
<arg>Should Be True</arg>
<arg>${1} == ${0}</arg>
</arguments>
<kw name="Should Be True" library="BuiltIn">
<doc>Fails if the given condition is not true.</doc>
<arguments>
<arg>${1} == ${0}</arg>
</arguments>
<msg timestamp="20200618 00:06:41.843" level="FAIL">'1 == 0' should be true.</msg>
<status status="FAIL" starttime="20200618 00:06:41.841" endtime="20200618 00:06:41.843"></status>
</kw>
<status status="FAIL" starttime="20200618 00:06:41.840" endtime="20200618 00:06:41.843"></status>
</kw>
<status status="FAIL" starttime="20200618 00:06:41.814" endtime="20200618 00:06:41.844"></status>
</kw>
<kw name="Acquire Device" library="ResourcesSyn">
<kw name="Acquire Lock" library="pabot.PabotLib">
<doc>Wait for a lock with name.
[https://pabot.org/PabotLib.html?ref=log#acquire-lock|Open online docs.]</doc>
<arguments>
<arg>'DeviceLock'</arg>
</arguments>
<status status="PASS" starttime="20200618 00:06:45.846" endtime="20200618 00:06:45.850"></status>
</kw>
<kw name="Get Parallel Value For Key" library="pabot.PabotLib">
<doc>Get the value for a key. If there is no value for the key then empty
string is returned.
[https://pabot.org/PabotLib.html?ref=log#get-parallel-value-for-key|Open online docs.]</doc>
<arguments>
<arg>'avialable_devices'</arg>
</arguments>
<assign>
<var>${avialable}</var>
</assign>
<msg timestamp="20200618 00:06:45.856" level="INFO">${avialable} = [{'type': 'api', 'ip': '192.168.100.1', 'health': '1'}, {'type': 'ui', 'ip': '192.168.100.4', 'health': '1'}]</msg>
<status status="PASS" starttime="20200618 00:06:45.851" endtime="20200618 00:06:45.856"></status>
</kw>
<kw name="Log" library="BuiltIn">
<doc>Logs the given message with the given level.</doc>
<arguments>
<arg>${avialable}</arg>
</arguments>
<msg timestamp="20200618 00:06:45.858" level="INFO">[{'type': 'api', 'ip': '192.168.100.1', 'health': '1'}, {'type': 'ui', 'ip': '192.168.100.4', 'health': '1'}]</msg>
<msg timestamp="20200618 00:06:45.858" level="INFO">#############in log_message
[{'type': 'api', 'ip': '192.168.100.1', 'health': '1'}, {'type': 'ui', 'ip': '192.168.100.4', 'health': '1'}]
xxxxxxxxxxxxxxxx</msg>
<status status="PASS" starttime="20200618 00:06:45.857" endtime="20200618 00:06:45.858"></status>
</kw>
<kw name="Run Keyword And Return Status" library="BuiltIn">
<doc>Runs the given keyword with given arguments and returns the status as a Boolean value.</doc>
<arguments>
<arg>Variable Should Exist</arg>
<arg>${DEVICE_LIST}</arg>
</arguments>
<assign>
<var>${dev}</var>
</assign>
<kw name="Variable Should Exist" library="BuiltIn">
<doc>Fails unless the given variable exists within the current scope.</doc>
<arguments>
<arg>${DEVICE_LIST}</arg>
</arguments>
<status status="PASS" starttime="20200618 00:06:45.859" endtime="20200618 00:06:45.860"></status>
</kw>
<msg timestamp="20200618 00:06:45.861" level="INFO">${dev} = True</msg>
<status status="PASS" starttime="20200618 00:06:45.859" endtime="20200618 00:06:45.861"></status>
</kw>
<kw name="Return From Keyword If" library="BuiltIn">
<doc>Returns from the enclosing user keyword if ``condition`` is true.</doc>
<arguments>
<arg>${dev}==${False}</arg>
<arg>'devicelist is null'</arg>
</arguments>
<status status="PASS" starttime="20200618 00:06:45.861" endtime="20200618 00:06:45.862"></status>
</kw>
<kw name="Search Device" library="ResourcesSyn">
<arguments>
<arg>${DEVICE_LIST}</arg>
<arg>${avialable}</arg>
</arguments>
<assign>
<var>${result}</var>
</assign>
<msg timestamp="20200618 00:06:45.864" level="INFO">${result} = False</msg>
<status status="PASS" starttime="20200618 00:06:45.863" endtime="20200618 00:06:45.864"></status>
</kw>
<kw name="Run Keyword If" library="BuiltIn">
<doc>Runs the given keyword with the given arguments, if ``condition`` is true.</doc>
<arguments>
<arg>${result}==${False}</arg>
<arg>Release Lock</arg>
<arg>'DeviceLock'</arg>
</arguments>
<kw name="Release Lock" library="pabot.PabotLib">
<doc>Release a lock with name.
[https://pabot.org/PabotLib.html?ref=log#release-lock|Open online docs.]</doc>
<arguments>
<arg>'DeviceLock'</arg>
</arguments>
<status status="PASS" starttime="20200618 00:06:45.866" endtime="20200618 00:06:45.870"></status>
</kw>
<status status="PASS" starttime="20200618 00:06:45.864" endtime="20200618 00:06:45.870"></status>
</kw>
<kw name="Run Keyword If" library="BuiltIn">
<doc>Runs the given keyword with the given arguments, if ``condition`` is true.</doc>
<arguments>
<arg>${result}==${False}</arg>
<arg>Should Be True</arg>
<arg>${1} == ${0}</arg>
</arguments>
<kw name="Should Be True" library="BuiltIn">
<doc>Fails if the given condition is not true.</doc>
<arguments>
<arg>${1} == ${0}</arg>
</arguments>
<msg timestamp="20200618 00:06:45.873" level="FAIL">'1 == 0' should be true.</msg>
<status status="FAIL" starttime="20200618 00:06:45.872" endtime="20200618 00:06:45.874"></status>
</kw>
<status status="FAIL" starttime="20200618 00:06:45.871" endtime="20200618 00:06:45.874"></status>
</kw>
<status status="FAIL" starttime="20200618 00:06:45.845" endtime="20200618 00:06:45.874"></status>
</kw>
<kw name="Acquire Device" library="ResourcesSyn">
<kw name="Acquire Lock" library="pabot.PabotLib">
<doc>Wait for a lock with name.
[https://pabot.org/PabotLib.html?ref=log#acquire-lock|Open online docs.]</doc>
<arguments>
<arg>'DeviceLock'</arg>
</arguments>
<status status="PASS" starttime="20200618 00:06:49.876" endtime="20200618 00:06:49.883"></status>
</kw>
<kw name="Get Parallel Value For Key" library="pabot.PabotLib">
<doc>Get the value for a key. If there is no value for the key then empty
string is returned.
[https://pabot.org/PabotLib.html?ref=log#get-parallel-value-for-key|Open online docs.]</doc>
<arguments>
<arg>'avialable_devices'</arg>
</arguments>
<assign>
<var>${avialable}</var>
</assign>
<msg timestamp="20200618 00:06:49.891" level="INFO">${avialable} = [{'type': 'api', 'ip': '192.168.100.1', 'health': '1'}, {'type': 'ui', 'ip': '192.168.100.4', 'health': '1'}, {'type': 'ui', 'ip': '192.168.100.3', 'health': '1'}, {'type': 'api', 'ip': '192.168.100.2...</msg>
<status status="PASS" starttime="20200618 00:06:49.884" endtime="20200618 00:06:49.891"></status>
</kw>
<kw name="Log" library="BuiltIn">
<doc>Logs the given message with the given level.</doc>
<arguments>
<arg>${avialable}</arg>
</arguments>
<msg timestamp="20200618 00:06:49.893" level="INFO">[{'type': 'api', 'ip': '192.168.100.1', 'health': '1'}, {'type': 'ui', 'ip': '192.168.100.4', 'health': '1'}, {'type': 'ui', 'ip': '192.168.100.3', 'health': '1'}, {'type': 'api', 'ip': '192.168.100.2', 'health': '1'}]</msg>
<msg timestamp="20200618 00:06:49.893" level="INFO">#############in log_message
[{'type': 'api', 'ip': '192.168.100.1', 'health': '1'}, {'type': 'ui', 'ip': '192.168.100.4', 'health': '1'}, {'type': 'ui', 'ip': '192.168.100.3', 'health': '1'}, {'type': 'api', 'ip': '192.168.100.2', 'health': '1'}]
xxxxxxxxxxxxxxxx</msg>
<status status="PASS" starttime="20200618 00:06:49.892" endtime="20200618 00:06:49.893"></status>
</kw>
<kw name="Run Keyword And Return Status" library="BuiltIn">
<doc>Runs the given keyword with given arguments and returns the status as a Boolean value.</doc>
<arguments>
<arg>Variable Should Exist</arg>
<arg>${DEVICE_LIST}</arg>
</arguments>
<assign>
<var>${dev}</var>
</assign>
<kw name="Variable Should Exist" library="BuiltIn">
<doc>Fails unless the given variable exists within the current scope.</doc>
<arguments>
<arg>${DEVICE_LIST}</arg>
</arguments>
<status status="PASS" starttime="20200618 00:06:49.896" endtime="20200618 00:06:49.896"></status>
</kw>
<msg timestamp="20200618 00:06:49.897" level="INFO">${dev} = True</msg>
<status status="PASS" starttime="20200618 00:06:49.894" endtime="20200618 00:06:49.897"></status>
</kw>
<kw name="Return From Keyword If" library="BuiltIn">
<doc>Returns from the enclosing user keyword if ``condition`` is true.</doc>
<arguments>
<arg>${dev}==${False}</arg>
<arg>'devicelist is null'</arg>
</arguments>
<status status="PASS" starttime="20200618 00:06:49.898" endtime="20200618 00:06:49.899"></status>
</kw>
<kw name="Search Device" library="ResourcesSyn">
<arguments>
<arg>${DEVICE_LIST}</arg>
<arg>${avialable}</arg>
</arguments>
<assign>
<var>${result}</var>
</assign>
<msg timestamp="20200618 00:06:49.901" level="INFO">${result} = [[{'type': 'ui', 'ip': '192.168.100.4', 'health': '1'}, {'type': 'ui', 'ip': '192.168.100.3', 'health': '1'}], [{'type': 'api', 'ip': '192.168.100.1', 'health': '1'}, {'type': 'api', 'ip': '192.168.10...</msg>
<status status="PASS" starttime="20200618 00:06:49.900" endtime="20200618 00:06:49.901"></status>
</kw>
<kw name="Run Keyword If" library="BuiltIn">
<doc>Runs the given keyword with the given arguments, if ``condition`` is true.</doc>
<arguments>
<arg>${result}==${False}</arg>
<arg>Release Lock</arg>
<arg>'DeviceLock'</arg>
</arguments>
<status status="PASS" starttime="20200618 00:06:49.902" endtime="20200618 00:06:49.903"></status>
</kw>
<kw name="Run Keyword If" library="BuiltIn">
<doc>Runs the given keyword with the given arguments, if ``condition`` is true.</doc>
<arguments>
<arg>${result}==${False}</arg>
<arg>Should Be True</arg>
<arg>${1} == ${0}</arg>
</arguments>
<status status="PASS" starttime="20200618 00:06:49.903" endtime="20200618 00:06:49.905"></status>
</kw>
<kw name="Set Suite Variable" library="BuiltIn">
<doc>Makes a variable available everywhere within the scope of the current suite.</doc>
<arguments>
<arg>${suite_devices}</arg>
<arg>${result}[0]</arg>
</arguments>
<msg timestamp="20200618 00:06:49.910" level="INFO">${suite_devices} = [{'type': 'ui', 'ip': '192.168.100.4', 'health': '1'}, {'type': 'ui', 'ip': '192.168.100.3', 'health': '1'}]</msg>
<status status="PASS" starttime="20200618 00:06:49.906" endtime="20200618 00:06:49.911"></status>
</kw>
<kw name="Set Parallel Value For Key" library="pabot.PabotLib">
<doc>Set a globally available key and value that can be accessed
from all the pabot processes.
[https://pabot.org/PabotLib.html?ref=log#set-parallel-value-for-key|Open online docs.]</doc>
<arguments>
<arg>'avialable_devices'</arg>
<arg>${result}[1]</arg>
</arguments>
<status status="PASS" starttime="20200618 00:06:49.911" endtime="20200618 00:06:49.917"></status>
</kw>
<kw name="Release Lock" library="pabot.PabotLib">
<doc>Release a lock with name.
[https://pabot.org/PabotLib.html?ref=log#release-lock|Open online docs.]</doc>
<arguments>
<arg>'DeviceLock'</arg>
</arguments>
<status status="PASS" starttime="20200618 00:06:49.918" endtime="20200618 00:06:49.924"></status>
</kw>
<status status="PASS" starttime="20200618 00:06:49.875" endtime="20200618 00:06:49.925"></status>
</kw>
<status status="PASS" starttime="20200618 00:06:33.746" endtime="20200618 00:06:49.925"></status>
</kw>
<kw name="Log" library="BuiltIn">
<doc>Logs the given message with the given level.</doc>
<arguments>
<arg>${suite_devices}</arg>
</arguments>
<msg timestamp="20200618 00:06:49.928" level="INFO">[{'type': 'ui', 'ip': '192.168.100.4', 'health': '1'}, {'type': 'ui', 'ip': '192.168.100.3', 'health': '1'}]</msg>
<msg timestamp="20200618 00:06:49.928" level="INFO">#############in log_message
[{'type': 'ui', 'ip': '192.168.100.4', 'health': '1'}, {'type': 'ui', 'ip': '192.168.100.3', 'health': '1'}]
xxxxxxxxxxxxxxxx</msg>
<status status="PASS" starttime="20200618 00:06:49.927" endtime="20200618 00:06:49.928"></status>
</kw>
<status status="PASS" starttime="20200618 00:06:33.711" endtime="20200618 00:06:49.929"></status>
</kw>
<test id="s1-s1-s1-t1" name="Test_001">
<kw name="Ui Test Setup" library="autotest" type="setup">
<kw name="Log" library="BuiltIn">
<doc>Logs the given message with the given level.</doc>
<arguments>
<arg>1</arg>
</arguments>
<msg timestamp="20200618 00:06:49.935" level="INFO">1</msg>
<msg timestamp="20200618 00:06:49.936" level="INFO">#############in log_message
1
xxxxxxxxxxxxxxxx</msg>
<status status="PASS" starttime="20200618 00:06:49.933" endtime="20200618 00:06:49.936"></status>
</kw>
<status status="PASS" starttime="20200618 00:06:49.932" endtime="20200618 00:06:49.937"></status>
</kw>
<kw name="Log" library="BuiltIn">
<doc>Logs the given message with the given level.</doc>
<arguments>
<arg>123</arg>
</arguments>
<msg timestamp="20200618 00:06:49.943" level="INFO">123</msg>
<msg timestamp="20200618 00:06:49.944" level="INFO">#############in log_message
123
xxxxxxxxxxxxxxxx</msg>
<status status="PASS" starttime="20200618 00:06:49.938" endtime="20200618 00:06:49.944"></status>
</kw>
<kw name="Sleep" library="BuiltIn">
<doc>Pauses the test executed for the given time.</doc>
<arguments>
<arg>130s</arg>
</arguments>
<msg timestamp="20200618 00:08:59.948" level="INFO">Slept 2 minutes 10 seconds</msg>
<msg timestamp="20200618 00:08:59.948" level="INFO">#############in log_message
Slept 2 minutes 10 seconds
xxxxxxxxxxxxxxxx</msg>
<status status="PASS" starttime="20200618 00:06:49.945" endtime="20200618 00:08:59.948"></status>
</kw>
<kw name="Log" library="BuiltIn">
<doc>Logs the given message with the given level.</doc>
<arguments>
<arg>${name}</arg>
</arguments>
<msg timestamp="20200618 00:08:59.951" level="INFO">yangjian</msg>
<msg timestamp="20200618 00:08:59.952" level="INFO">#############in log_message
yangjian
xxxxxxxxxxxxxxxx</msg>
<status status="PASS" starttime="20200618 00:08:59.949" endtime="20200618 00:08:59.952"></status>
</kw>
<kw name="Ui Test Teardown" library="autotest" type="teardown">
<kw name="Log" library="BuiltIn">
<doc>Logs the given message with the given level.</doc>
<arguments>
<arg>1</arg>
</arguments>
<msg timestamp="20200618 00:08:59.955" level="INFO">1</msg>
<msg timestamp="20200618 00:08:59.955" level="INFO">#############in log_message
1
xxxxxxxxxxxxxxxx</msg>
<status status="PASS" starttime="20200618 00:08:59.954" endtime="20200618 00:08:59.955"></status>
</kw>
<status status="PASS" starttime="20200618 00:08:59.953" endtime="20200618 00:08:59.955"></status>
</kw>
<tags>
<tag>para-test</tag>
<tag>test-tag1</tag>
<tag>test-tag2</tag>
</tags>
<timeout value="2 minutes 30 seconds"></timeout>
<status status="PASS" starttime="20200618 00:06:49.929" endtime="20200618 00:08:59.956" critical="yes"></status>
</test>
<kw name="Ui Suite Teardown" library="autotest" type="teardown">
<kw name="Release Device" library="ResourcesSyn">
<kw name="Get Parallel Value For Key" library="pabot.PabotLib">
<doc>Get the value for a key. If there is no value for the key then empty
string is returned.
[https://pabot.org/PabotLib.html?ref=log#get-parallel-value-for-key|Open online docs.]</doc>
<arguments>
<arg>'avialable_devices'</arg>
</arguments>
<assign>
<var>${avialable}</var>
</assign>
<msg timestamp="20200618 00:08:59.970" level="INFO">${avialable} = [{'type': 'api', 'ip': '192.168.100.1', 'health': '1'}, {'type': 'api', 'ip': '192.168.100.2', 'health': '1'}]</msg>
<status status="PASS" starttime="20200618 00:08:59.964" endtime="20200618 00:08:59.970"></status>
</kw>
<kw name="Run Keyword And Return Status" library="BuiltIn">
<doc>Runs the given keyword with given arguments and returns the status as a Boolean value.</doc>
<arguments>
<arg>Variable Should Exist</arg>
<arg>${DEVICE_LIST}</arg>
</arguments>
<assign>
<var>${dev}</var>
</assign>
<kw name="Variable Should Exist" library="BuiltIn">
<doc>Fails unless the given variable exists within the current scope.</doc>
<arguments>
<arg>${DEVICE_LIST}</arg>
</arguments>
<status status="PASS" starttime="20200618 00:08:59.972" endtime="20200618 00:08:59.973"></status>
</kw>
<msg timestamp="20200618 00:08:59.974" level="INFO">${dev} = True</msg>
<status status="PASS" starttime="20200618 00:08:59.971" endtime="20200618 00:08:59.974"></status>
</kw>
<kw name="Return From Keyword If" library="BuiltIn">
<doc>Returns from the enclosing user keyword if ``condition`` is true.</doc>
<arguments>
<arg>${dev}==${False}</arg>
<arg>'devicelist is null'</arg>
</arguments>
<status status="PASS" starttime="20200618 00:08:59.974" endtime="20200618 00:08:59.975"></status>
</kw>
<kw name="${device} IN [ @{suite_devices} ]" type="for">
<kw name="${device} = {'type': 'ui', 'ip': '192.168.100.4', 'health': '1'}" type="foritem">
<kw name="Append To List" library="Collections">
<doc>Adds ``values`` to the end of ``list``.</doc>
<arguments>
<arg>${avialable}</arg>
<arg>${device}</arg>
</arguments>
<status status="PASS" starttime="20200618 00:08:59.977" endtime="20200618 00:08:59.978"></status>
</kw>
<status status="PASS" starttime="20200618 00:08:59.976" endtime="20200618 00:08:59.978"></status>
</kw>
<kw name="${device} = {'type': 'ui', 'ip': '192.168.100.3', 'health': '1'}" type="foritem">
<kw name="Append To List" library="Collections">
<doc>Adds ``values`` to the end of ``list``.</doc>
<arguments>
<arg>${avialable}</arg>
<arg>${device}</arg>
</arguments>
<status status="PASS" starttime="20200618 00:08:59.979" endtime="20200618 00:08:59.980"></status>
</kw>
<status status="PASS" starttime="20200618 00:08:59.978" endtime="20200618 00:08:59.980"></status>
</kw>
<status status="PASS" starttime="20200618 00:08:59.976" endtime="20200618 00:08:59.980"></status>
</kw>
<kw name="Log" library="BuiltIn">
<doc>Logs the given message with the given level.</doc>
<arguments>
<arg>${avialable}</arg>
</arguments>
<msg timestamp="20200618 00:08:59.982" level="INFO">[{'type': 'api', 'ip': '192.168.100.1', 'health': '1'}, {'type': 'api', 'ip': '192.168.100.2', 'health': '1'}, {'type': 'ui', 'ip': '192.168.100.4', 'health': '1'}, {'type': 'ui', 'ip': '192.168.100.3', 'health': '1'}]</msg>
<msg timestamp="20200618 00:08:59.982" level="INFO">#############in log_message
[{'type': 'api', 'ip': '192.168.100.1', 'health': '1'}, {'type': 'api', 'ip': '192.168.100.2', 'health': '1'}, {'type': 'ui', 'ip': '192.168.100.4', 'health': '1'}, {'type': 'ui', 'ip': '192.168.100.3', 'health': '1'}]
xxxxxxxxxxxxxxxx</msg>
<status status="PASS" starttime="20200618 00:08:59.981" endtime="20200618 00:08:59.982"></status>
</kw>
<kw name="Set Parallel Value For Key" library="pabot.PabotLib">
<doc>Set a globally available key and value that can be accessed
from all the pabot processes.
[https://pabot.org/PabotLib.html?ref=log#set-parallel-value-for-key|Open online docs.]</doc>
<arguments>
<arg>'avialable_devices'</arg>
<arg>${avialable}</arg>
</arguments>
<status status="PASS" starttime="20200618 00:08:59.983" endtime="20200618 00:08:59.989"></status>
</kw>
<status status="PASS" starttime="20200618 00:08:59.963" endtime="20200618 00:08:59.990"></status>
</kw>
<status status="PASS" starttime="20200618 00:08:59.962" endtime="20200618 00:08:59.990"></status>
</kw>
<status status="PASS" starttime="20200618 00:06:32.184" endtime="20200618 00:08:59.991"></status>
</suite>
<status status="PASS" starttime="20200618 00:06:32.174" endtime="20200618 00:08:59.997"></status>
</suite>
<status status="PASS" starttime="20200618 00:06:32.095" endtime="20200618 00:09:00.001"></status>
</suite>
<statistics>
<total>
<stat pass="1" fail="0">Critical Tests</stat>
<stat pass="1" fail="0">All Tests</stat>
</total>
<tag>
<stat pass="1" fail="0">para-test</stat>
<stat pass="1" fail="0">test-tag1</stat>
<stat pass="1" fail="0">test-tag2</stat>
</tag>
<suite>
<stat pass="1" fail="0" id="s1" name="robotbase">robotbase</stat>
<stat pass="1" fail="0" id="s1-s1" name="Parallel Test">robotbase.Parallel Test</stat>
<stat pass="1" fail="0" id="s1-s1-s1" name="Suite111">robotbase.Parallel Test.Suite111</stat>
</suite>
</statistics>
<errors>
</errors>
</robot>
