<?xml version="1.0" encoding="UTF-8"?>
<robot generator="Robot 3.1.2 (Python 3.7.2 on win32)" generated="20190927 00:41:22.967" rpa="false">
<suite id="s1" name="robotbase" source="F:\work\project\ui-api-robotframework\uitest_base">
<suite id="s1-s1" name="Parallel Test" source="F:\work\project\ui-api-robotframework\uitest_base\parallel_test">
<suite id="s1-s1-s1" name="Suite2" source="F:\work\project\ui-api-robotframework\uitest_base\parallel_test\suite2.robot">
<kw name="Ui Suite Setup" library="autotest" type="setup">
<kw name="Run Only Once" library="pabot.PabotLib">
<doc>Runs a keyword only once in one of the parallel processes.
[https://pabot.org/PabotLib.html?ref=log#run-only-once|Open online docs.]</doc>
<arguments>
<arg>Init Resource</arg>
</arguments>
<kw name="Init Resource" library="ResourcesSyn">
<kw name="Log Many" library="BuiltIn">
<doc>Logs the given messages as separate entries using the INFO level.</doc>
<arguments>
<arg>@{DEVICE_LIST}</arg>
</arguments>
<msg timestamp="20190927 00:41:24.615" level="INFO">ui</msg>
<msg timestamp="20190927 00:41:24.615" level="INFO">api</msg>
<status status="PASS" starttime="20190927 00:41:24.614" endtime="20190927 00:41:24.615"></status>
</kw>
<kw name="Acquire Lock" library="pabot.PabotLib">
<doc>Wait for a lock with name.
[https://pabot.org/PabotLib.html?ref=log#acquire-lock|Open online docs.]</doc>
<arguments>
<arg>'DeviceLock'</arg>
</arguments>
<status status="PASS" starttime="20190927 00:41:24.616" endtime="20190927 00:41:24.622"></status>
</kw>
<kw name="Read Resources" library="ResourcesSyn">
<assign>
<var>${avialable_devices}</var>
</assign>
<msg timestamp="20190927 00:41:24.623" level="INFO">${avialable_devices} = [{'type': 'api', 'ip': '192.168.100.2', 'health': '1'}, {'type': 'api', 'ip': '192.168.100.1', 'health': '1'}, {'type': 'ui', 'ip': '192.168.100.3', 'health': '1'}, {'type': 'ui', 'ip': '192.168.100.4...</msg>
<status status="PASS" starttime="20190927 00:41:24.623" endtime="20190927 00:41:24.623"></status>
</kw>
<kw name="Set Parallel Value For Key" library="pabot.PabotLib">
<doc>Set a globally available key and value that can be accessed
from all the pabot processes.
[https://pabot.org/PabotLib.html?ref=log#set-parallel-value-for-key|Open online docs.]</doc>
<arguments>
<arg>'avialable_devices'</arg>
<arg>${avialable_devices}</arg>
</arguments>
<status status="PASS" starttime="20190927 00:41:24.624" endtime="20190927 00:41:24.630"></status>
</kw>
<kw name="Release Lock" library="pabot.PabotLib">
<doc>Release a lock with name.
[https://pabot.org/PabotLib.html?ref=log#release-lock|Open online docs.]</doc>
<arguments>
<arg>'DeviceLock'</arg>
</arguments>
<status status="PASS" starttime="20190927 00:41:24.631" endtime="20190927 00:41:24.636"></status>
</kw>
<status status="PASS" starttime="20190927 00:41:24.613" endtime="20190927 00:41:24.637"></status>
</kw>
<msg timestamp="20190927 00:41:24.645" level="INFO">#############in log_message
{'timestamp': '20190927 00:41:24.615', 'message': 'ui', 'level': 'INFO', 'html': 'no'}
xxxxxxxxxxxxxxxx
#############in log_message
{'timestamp': '20190927 00:41:24.615', 'message': 'api', 'level': 'INFO', 'html': 'no'}
xxxxxxxxxxxxxxxx
#############in log_message
{'timestamp': '20190927 00:41:24.623', 'message': "${avialable_devices} = [{'type': 'api', 'ip': '192.168.100.2', 'health': '1'}, {'type': 'api', 'ip': '192.168.100.1', 'health': '1'}, {'type': 'ui', 'ip': '192.168.100.3', 'health': '1'}, {'type': 'ui', 'ip': '192.168.100.4...", 'level': 'INFO', 'html': 'no'}
xxxxxxxxxxxxxxxx</msg>
<status status="PASS" starttime="20190927 00:41:24.556" endtime="20190927 00:41:24.646"></status>
</kw>
<kw name="Log" library="BuiltIn">
<doc>Logs the given message with the given level.</doc>
<arguments>
<arg>${DEVICE_LIST}</arg>
</arguments>
<msg timestamp="20190927 00:41:24.647" level="INFO">['ui', 'api']</msg>
<msg timestamp="20190927 00:41:24.648" level="INFO">#############in log_message
{'timestamp': '20190927 00:41:24.647', 'message': "['ui', 'api']", 'level': 'INFO', 'html': 'no'}
xxxxxxxxxxxxxxxx</msg>
<status status="PASS" starttime="20190927 00:41:24.646" endtime="20190927 00:41:24.648"></status>
</kw>
<kw name="Return Randint" library="Compute">
<arguments>
<arg>3</arg>
<arg>10</arg>
</arguments>
<assign>
<var>${interval}</var>
</assign>
<msg timestamp="20190927 00:41:24.649" level="INFO">${interval} = 6</msg>
<status status="PASS" starttime="20190927 00:41:24.649" endtime="20190927 00:41:24.650"></status>
</kw>
<kw name="Wait Until Keyword Succeeds" library="BuiltIn">
<doc>Runs the specified keyword and retries if it fails.</doc>
<arguments>
<arg>2min</arg>
<arg>${interval}s</arg>
<arg>Acquire Device</arg>
</arguments>
<kw name="Acquire Device" library="ResourcesSyn">
<kw name="Acquire Lock" library="pabot.PabotLib">
<doc>Wait for a lock with name.
[https://pabot.org/PabotLib.html?ref=log#acquire-lock|Open online docs.]</doc>
<arguments>
<arg>'DeviceLock'</arg>
</arguments>
<status status="PASS" starttime="20190927 00:41:24.652" endtime="20190927 00:41:24.657"></status>
</kw>
<kw name="Get Parallel Value For Key" library="pabot.PabotLib">
<doc>Get the value for a key. If there is no value for the key then empty
string is returned.
[https://pabot.org/PabotLib.html?ref=log#get-parallel-value-for-key|Open online docs.]</doc>
<arguments>
<arg>'avialable_devices'</arg>
</arguments>
<assign>
<var>${avialable}</var>
</assign>
<msg timestamp="20190927 00:41:24.663" level="INFO">${avialable} = [{'type': 'api', 'ip': '192.168.100.2', 'health': '1'}, {'type': 'api', 'ip': '192.168.100.1', 'health': '1'}, {'type': 'ui', 'ip': '192.168.100.3', 'health': '1'}, {'type': 'ui', 'ip': '192.168.100.4...</msg>
<status status="PASS" starttime="20190927 00:41:24.657" endtime="20190927 00:41:24.663"></status>
</kw>
<kw name="Log" library="BuiltIn">
<doc>Logs the given message with the given level.</doc>
<arguments>
<arg>${avialable}</arg>
</arguments>
<msg timestamp="20190927 00:41:24.665" level="INFO">[{'type': 'api', 'ip': '192.168.100.2', 'health': '1'}, {'type': 'api', 'ip': '192.168.100.1', 'health': '1'}, {'type': 'ui', 'ip': '192.168.100.3', 'health': '1'}, {'type': 'ui', 'ip': '192.168.100.4', 'health': '1'}]</msg>
<msg timestamp="20190927 00:41:24.665" level="INFO">#############in log_message
{'timestamp': '20190927 00:41:24.665', 'message': "[{'type': 'api', 'ip': '192.168.100.2', 'health': '1'}, {'type': 'api', 'ip': '192.168.100.1', 'health': '1'}, {'type': 'ui', 'ip': '192.168.100.3', 'health': '1'}, {'type': 'ui', 'ip': '192.168.100.4', 'health': '1'}]", 'level': 'INFO', 'html': 'no'}
xxxxxxxxxxxxxxxx</msg>
<status status="PASS" starttime="20190927 00:41:24.664" endtime="20190927 00:41:24.665"></status>
</kw>
<kw name="Search Device" library="ResourcesSyn">
<arguments>
<arg>${DEVICE_LIST}</arg>
<arg>${avialable}</arg>
</arguments>
<assign>
<var>${result}</var>
</assign>
<msg timestamp="20190927 00:41:24.668" level="INFO">${result} = [[{'type': 'ui', 'ip': '192.168.100.3', 'health': '1'}, {'type': 'api', 'ip': '192.168.100.2', 'health': '1'}], [{'type': 'api', 'ip': '192.168.100.1', 'health': '1'}, {'type': 'ui', 'ip': '192.168.10...</msg>
<status status="PASS" starttime="20190927 00:41:24.666" endtime="20190927 00:41:24.668"></status>
</kw>
<kw name="Run Keyword If" library="BuiltIn">
<doc>Runs the given keyword with the given arguments, if ``condition`` is true.</doc>
<arguments>
<arg>${result}==${False}</arg>
<arg>Release Lock</arg>
<arg>'DeviceLock'</arg>
</arguments>
<status status="PASS" starttime="20190927 00:41:24.669" endtime="20190927 00:41:24.670"></status>
</kw>
<kw name="Run Keyword If" library="BuiltIn">
<doc>Runs the given keyword with the given arguments, if ``condition`` is true.</doc>
<arguments>
<arg>${result}==${False}</arg>
<arg>Should Be True</arg>
<arg>${1} == ${0}</arg>
</arguments>
<status status="PASS" starttime="20190927 00:41:24.671" endtime="20190927 00:41:24.672"></status>
</kw>
<kw name="Set Suite Variable" library="BuiltIn">
<doc>Makes a variable available everywhere within the scope of the current suite.</doc>
<arguments>
<arg>${suite_devices}</arg>
<arg>${result}[0]</arg>
</arguments>
<msg timestamp="20190927 00:41:24.675" level="INFO">${suite_devices} = [{'type': 'ui', 'ip': '192.168.100.3', 'health': '1'}, {'type': 'api', 'ip': '192.168.100.2', 'health': '1'}]</msg>
<status status="PASS" starttime="20190927 00:41:24.672" endtime="20190927 00:41:24.676"></status>
</kw>
<kw name="Set Parallel Value For Key" library="pabot.PabotLib">
<doc>Set a globally available key and value that can be accessed
from all the pabot processes.
[https://pabot.org/PabotLib.html?ref=log#set-parallel-value-for-key|Open online docs.]</doc>
<arguments>
<arg>'avialable_devices'</arg>
<arg>${result}[1]</arg>
</arguments>
<status status="PASS" starttime="20190927 00:41:24.677" endtime="20190927 00:41:24.683"></status>
</kw>
<kw name="Release Lock" library="pabot.PabotLib">
<doc>Release a lock with name.
[https://pabot.org/PabotLib.html?ref=log#release-lock|Open online docs.]</doc>
<arguments>
<arg>'DeviceLock'</arg>
</arguments>
<status status="PASS" starttime="20190927 00:41:24.684" endtime="20190927 00:41:24.690"></status>
</kw>
<status status="PASS" starttime="20190927 00:41:24.651" endtime="20190927 00:41:24.691"></status>
</kw>
<status status="PASS" starttime="20190927 00:41:24.650" endtime="20190927 00:41:24.691"></status>
</kw>
<kw name="Log" library="BuiltIn">
<doc>Logs the given message with the given level.</doc>
<arguments>
<arg>${suite_devices}</arg>
</arguments>
<msg timestamp="20190927 00:41:24.693" level="INFO">[{'type': 'ui', 'ip': '192.168.100.3', 'health': '1'}, {'type': 'api', 'ip': '192.168.100.2', 'health': '1'}]</msg>
<msg timestamp="20190927 00:41:24.693" level="INFO">#############in log_message
{'timestamp': '20190927 00:41:24.693', 'message': "[{'type': 'ui', 'ip': '192.168.100.3', 'health': '1'}, {'type': 'api', 'ip': '192.168.100.2', 'health': '1'}]", 'level': 'INFO', 'html': 'no'}
xxxxxxxxxxxxxxxx</msg>
<status status="PASS" starttime="20190927 00:41:24.692" endtime="20190927 00:41:24.693"></status>
</kw>
<status status="PASS" starttime="20190927 00:41:24.555" endtime="20190927 00:41:24.694"></status>
</kw>
<test id="s1-s1-s1-t1" name="Test_001">
<kw name="Ui Test Setup" library="autotest" type="setup">
<kw name="Log" library="BuiltIn">
<doc>Logs the given message with the given level.</doc>
<arguments>
<arg>1</arg>
</arguments>
<msg timestamp="20190927 00:41:24.699" level="INFO">1</msg>
<msg timestamp="20190927 00:41:24.700" level="INFO">#############in log_message
{'timestamp': '20190927 00:41:24.699', 'message': '1', 'level': 'INFO', 'html': 'no'}
xxxxxxxxxxxxxxxx</msg>
<status status="PASS" starttime="20190927 00:41:24.697" endtime="20190927 00:41:24.700"></status>
</kw>
<status status="PASS" starttime="20190927 00:41:24.696" endtime="20190927 00:41:24.700"></status>
</kw>
<kw name="Log" library="BuiltIn">
<doc>Logs the given message with the given level.</doc>
<arguments>
<arg>123</arg>
</arguments>
<msg timestamp="20190927 00:41:24.703" level="INFO">123</msg>
<msg timestamp="20190927 00:41:24.703" level="INFO">#############in log_message
{'timestamp': '20190927 00:41:24.703', 'message': '123', 'level': 'INFO', 'html': 'no'}
xxxxxxxxxxxxxxxx</msg>
<status status="PASS" starttime="20190927 00:41:24.701" endtime="20190927 00:41:24.703"></status>
</kw>
<kw name="Sleep" library="BuiltIn">
<doc>Pauses the test executed for the given time.</doc>
<arguments>
<arg>15s</arg>
</arguments>
<msg timestamp="20190927 00:41:39.707" level="INFO">Slept 15 seconds</msg>
<msg timestamp="20190927 00:41:39.708" level="INFO">#############in log_message
{'timestamp': '20190927 00:41:39.707', 'message': 'Slept 15 seconds', 'level': 'INFO', 'html': 'no'}
xxxxxxxxxxxxxxxx</msg>
<status status="PASS" starttime="20190927 00:41:24.704" endtime="20190927 00:41:39.708"></status>
</kw>
<kw name="Log" library="BuiltIn">
<doc>Logs the given message with the given level.</doc>
<arguments>
<arg>${name}</arg>
</arguments>
<msg timestamp="20190927 00:41:39.713" level="INFO">yangjian</msg>
<msg timestamp="20190927 00:41:39.714" level="INFO">#############in log_message
{'timestamp': '20190927 00:41:39.713', 'message': 'yangjian', 'level': 'INFO', 'html': 'no'}
xxxxxxxxxxxxxxxx</msg>
<status status="PASS" starttime="20190927 00:41:39.710" endtime="20190927 00:41:39.714"></status>
</kw>
<kw name="Ui Test Teardown" library="autotest" type="teardown">
<kw name="Log" library="BuiltIn">
<doc>Logs the given message with the given level.</doc>
<arguments>
<arg>1</arg>
</arguments>
<msg timestamp="20190927 00:41:39.720" level="INFO">1</msg>
<msg timestamp="20190927 00:41:39.720" level="INFO">#############in log_message
{'timestamp': '20190927 00:41:39.720', 'message': '1', 'level': 'INFO', 'html': 'no'}
xxxxxxxxxxxxxxxx</msg>
<status status="PASS" starttime="20190927 00:41:39.718" endtime="20190927 00:41:39.721"></status>
</kw>
<status status="PASS" starttime="20190927 00:41:39.716" endtime="20190927 00:41:39.722"></status>
</kw>
<tags>
<tag>para-test</tag>
<tag>test-tag1</tag>
<tag>test-tag2</tag>
</tags>
<timeout value="20 seconds"></timeout>
<status status="PASS" starttime="20190927 00:41:24.694" endtime="20190927 00:41:39.723" critical="yes"></status>
</test>
<kw name="Ui Suite Teardown" library="autotest" type="teardown">
<kw name="Release Device" library="ResourcesSyn">
<kw name="Get Parallel Value For Key" library="pabot.PabotLib">
<doc>Get the value for a key. If there is no value for the key then empty
string is returned.
[https://pabot.org/PabotLib.html?ref=log#get-parallel-value-for-key|Open online docs.]</doc>
<arguments>
<arg>'avialable_devices'</arg>
</arguments>
<assign>
<var>${avialable}</var>
</assign>
<msg timestamp="20190927 00:41:39.746" level="INFO">${avialable} = [{'type': 'api', 'ip': '192.168.100.1', 'health': '1'}, {'type': 'ui', 'ip': '192.168.100.4', 'health': '1'}]</msg>
<status status="PASS" starttime="20190927 00:41:39.735" endtime="20190927 00:41:39.746"></status>
</kw>
<kw name="${device} IN [ @{suite_devices} ]" type="for">
<kw name="${device} = {'type': 'ui', 'ip': '192.168.100.3', 'health': '1'}" type="foritem">
<kw name="Append To List" library="Collections">
<doc>Adds ``values`` to the end of ``list``.</doc>
<arguments>
<arg>${avialable}</arg>
<arg>${device}</arg>
</arguments>
<status status="PASS" starttime="20190927 00:41:39.750" endtime="20190927 00:41:39.751"></status>
</kw>
<status status="PASS" starttime="20190927 00:41:39.749" endtime="20190927 00:41:39.752"></status>
</kw>
<kw name="${device} = {'type': 'api', 'ip': '192.168.100.2', 'health': '1'}" type="foritem">
<kw name="Append To List" library="Collections">
<doc>Adds ``values`` to the end of ``list``.</doc>
<arguments>
<arg>${avialable}</arg>
<arg>${device}</arg>
</arguments>
<status status="PASS" starttime="20190927 00:41:39.753" endtime="20190927 00:41:39.754"></status>
</kw>
<status status="PASS" starttime="20190927 00:41:39.753" endtime="20190927 00:41:39.755"></status>
</kw>
<status status="PASS" starttime="20190927 00:41:39.748" endtime="20190927 00:41:39.755"></status>
</kw>
<kw name="Log" library="BuiltIn">
<doc>Logs the given message with the given level.</doc>
<arguments>
<arg>${avialable}</arg>
</arguments>
<msg timestamp="20190927 00:41:39.756" level="INFO">[{'type': 'api', 'ip': '192.168.100.1', 'health': '1'}, {'type': 'ui', 'ip': '192.168.100.4', 'health': '1'}, {'type': 'ui', 'ip': '192.168.100.3', 'health': '1'}, {'type': 'api', 'ip': '192.168.100.2', 'health': '1'}]</msg>
<msg timestamp="20190927 00:41:39.757" level="INFO">#############in log_message
{'timestamp': '20190927 00:41:39.756', 'message': "[{'type': 'api', 'ip': '192.168.100.1', 'health': '1'}, {'type': 'ui', 'ip': '192.168.100.4', 'health': '1'}, {'type': 'ui', 'ip': '192.168.100.3', 'health': '1'}, {'type': 'api', 'ip': '192.168.100.2', 'health': '1'}]", 'level': 'INFO', 'html': 'no'}
xxxxxxxxxxxxxxxx</msg>
<status status="PASS" starttime="20190927 00:41:39.756" endtime="20190927 00:41:39.757"></status>
</kw>
<kw name="Set Parallel Value For Key" library="pabot.PabotLib">
<doc>Set a globally available key and value that can be accessed
from all the pabot processes.
[https://pabot.org/PabotLib.html?ref=log#set-parallel-value-for-key|Open online docs.]</doc>
<arguments>
<arg>'avialable_devices'</arg>
<arg>${avialable}</arg>
</arguments>
<status status="PASS" starttime="20190927 00:41:39.758" endtime="20190927 00:41:39.765"></status>
</kw>
<status status="PASS" starttime="20190927 00:41:39.733" endtime="20190927 00:41:39.766"></status>
</kw>
<status status="PASS" starttime="20190927 00:41:39.732" endtime="20190927 00:41:39.766"></status>
</kw>
<status status="PASS" starttime="20190927 00:41:23.101" endtime="20190927 00:41:39.767"></status>
</suite>
<status status="PASS" starttime="20190927 00:41:23.093" endtime="20190927 00:41:39.773"></status>
</suite>
<status status="PASS" starttime="20190927 00:41:23.020" endtime="20190927 00:41:39.778"></status>
</suite>
<statistics>
<total>
<stat pass="1" fail="0">Critical Tests</stat>
<stat pass="1" fail="0">All Tests</stat>
</total>
<tag>
<stat pass="1" fail="0">para-test</stat>
<stat pass="1" fail="0">test-tag1</stat>
<stat pass="1" fail="0">test-tag2</stat>
</tag>
<suite>
<stat pass="1" fail="0" id="s1" name="robotbase">robotbase</stat>
<stat pass="1" fail="0" id="s1-s1" name="Parallel Test">robotbase.Parallel Test</stat>
<stat pass="1" fail="0" id="s1-s1-s1" name="Suite2">robotbase.Parallel Test.Suite2</stat>
</suite>
</statistics>
<errors>
</errors>
</robot>
