<?xml version="1.0" encoding="UTF-8"?>
<robot generator="Robot 3.1.2 (Python 3.7.2 on win32)" generated="20190927 00:36:36.964" rpa="false">
<suite id="s1" name="robotbase" source="F:\work\project\ui-api-robotframework\uitest_base">
<suite id="s1-s1" name="Parallel Test" source="F:\work\project\ui-api-robotframework\uitest_base\parallel_test">
<suite id="s1-s1-s1" name="Suite311" source="F:\work\project\ui-api-robotframework\uitest_base\parallel_test\suite311.robot">
<kw name="Ui Suite Setup" type="setup">
<msg timestamp="20190927 00:36:37.083" level="FAIL">No keyword with name 'Ui Suite Setup' found.</msg>
<status status="FAIL" starttime="20190927 00:36:37.083" endtime="20190927 00:36:37.083"></status>
</kw>
<test id="s1-s1-s1-t1" name="Test_001">
<tags>
<tag>para-test</tag>
<tag>test-tag1</tag>
<tag>test-tag2</tag>
</tags>
<timeout value="15 seconds"></timeout>
<status status="FAIL" starttime="20190927 00:36:37.083" endtime="20190927 00:36:37.085" critical="yes">Parent suite setup failed:
No keyword with name 'Ui Suite Setup' found.</status>
</test>
<kw name="Ui Suite Teardown" type="teardown">
<msg timestamp="20190927 00:36:37.091" level="FAIL">No keyword with name 'Ui Suite Teardown' found.</msg>
<status status="FAIL" starttime="20190927 00:36:37.091" endtime="20190927 00:36:37.091">No keyword with name 'Ui Suite Teardown' found.</status>
</kw>
<status status="FAIL" starttime="20190927 00:36:37.065" endtime="20190927 00:36:37.091">Suite setup failed:
No keyword with name 'Ui Suite Setup' found.

Also suite teardown failed:
No keyword with name 'Ui Suite Teardown' found.</status>
</suite>
<status status="FAIL" starttime="20190927 00:36:37.059" endtime="20190927 00:36:37.094"></status>
</suite>
<status status="FAIL" starttime="20190927 00:36:36.979" endtime="20190927 00:36:37.095"></status>
</suite>
<statistics>
<total>
<stat pass="0" fail="1">Critical Tests</stat>
<stat pass="0" fail="1">All Tests</stat>
</total>
<tag>
<stat pass="0" fail="1">para-test</stat>
<stat pass="0" fail="1">test-tag1</stat>
<stat pass="0" fail="1">test-tag2</stat>
</tag>
<suite>
<stat pass="0" fail="1" id="s1" name="robotbase">robotbase</stat>
<stat pass="0" fail="1" id="s1-s1" name="Parallel Test">robotbase.Parallel Test</stat>
<stat pass="0" fail="1" id="s1-s1-s1" name="Suite311">robotbase.Parallel Test.Suite311</stat>
</suite>
</statistics>
<errors>
<msg timestamp="20190927 00:36:36.972" level="ERROR">Taking listener 'Listener' into use failed: Importing listener 'Listener' failed: ModuleNotFoundError: No module named 'Listener'
Traceback (most recent call last):
  None
PYTHONPATH:
  F:\work\project\ui-api-robotframework\config
  C:\Python3\Scripts\robot.exe
  c:\python3\python37.zip
  c:\python3\DLLs
  c:\python3\lib
  c:\python3
  C:\Users\Administrator\AppData\Roaming\Python\Python37\site-packages
  c:\python3\lib\site-packages
  c:\python3\lib\site-packages\django-2.2.2-py3.7.egg
  c:\python3\lib\site-packages\sqlparse-0.3.0-py3.7.egg</msg>
<msg timestamp="20190927 00:36:37.076" level="ERROR">Error in file 'F:\work\project\ui-api-robotframework\uitest_base\parallel_test\suite311.robot': Resource file 'autotest.robot' does not exist.</msg>
</errors>
</robot>
