<?xml version="1.0" encoding="UTF-8"?>
<robot generator="Robot 3.1.2 (Python 3.7.4 on win32)" generated="20190924 17:12:09.107" rpa="false">
<suite id="s1" name="robotbase" source="D:\yangjian\project\ui-api-robotframework\uitest_base">
<suite id="s1-s1" name="Parallel Test" source="D:\yangjian\project\ui-api-robotframework\uitest_base\parallel_test">
<suite id="s1-s1-s1" name="Suite1" source="D:\yangjian\project\ui-api-robotframework\uitest_base\parallel_test\suite1.robot">
<kw name="Ui Suite Setup" library="autotest" type="setup">
<kw name="Run Only Once" library="pabot.PabotLib">
<doc>Runs a keyword only once in one of the parallel processes.
[https://pabot.org/PabotLib.html?ref=log#run-only-once|Open online docs.]</doc>
<arguments>
<arg>Init Resource</arg>
</arguments>
<msg timestamp="20190924 17:12:10.270" level="INFO">Skipped in this item</msg>
<msg timestamp="20190924 17:12:10.276" level="INFO">#############in log_message
{'timestamp': '20190924 17:12:10.270', 'message': 'Skipped in this item', 'level': 'INFO', 'html': 'no'}
xxxxxxxxxxxxxxxx</msg>
<status status="PASS" starttime="20190924 17:12:10.131" endtime="20190924 17:12:10.276"></status>
</kw>
<kw name="Log" library="BuiltIn">
<doc>Logs the given message with the given level.</doc>
<arguments>
<arg>${SLAVE_LIST}</arg>
</arguments>
<msg timestamp="20190924 17:12:10.278" level="INFO">['ui', 'ui']</msg>
<msg timestamp="20190924 17:12:10.278" level="INFO">#############in log_message
{'timestamp': '20190924 17:12:10.278', 'message': "['ui', 'ui']", 'level': 'INFO', 'html': 'no'}
xxxxxxxxxxxxxxxx</msg>
<status status="PASS" starttime="20190924 17:12:10.277" endtime="20190924 17:12:10.278"></status>
</kw>
<kw name="Wait Until Keyword Succeeds" library="BuiltIn">
<doc>Runs the specified keyword and retries if it fails.</doc>
<arguments>
<arg>2min</arg>
<arg>5s</arg>
<arg>Acquire Slave</arg>
<arg>${SLAVE_LIST}</arg>
</arguments>
<kw name="Acquire Slave" library="ResourcesSyn">
<arguments>
<arg>${SLAVE_LIST}</arg>
</arguments>
<kw name="Acquire Lock" library="pabot.PabotLib">
<doc>Wait for a lock with name.
[https://pabot.org/PabotLib.html?ref=log#acquire-lock|Open online docs.]</doc>
<arguments>
<arg>'SlaveLock'</arg>
</arguments>
<status status="PASS" starttime="20190924 17:12:10.281" endtime="20190924 17:12:10.286"></status>
</kw>
<kw name="Get Parallel Value For Key" library="pabot.PabotLib">
<doc>Get the value for a key. If there is no value for the key then empty
string is returned.
[https://pabot.org/PabotLib.html?ref=log#get-parallel-value-for-key|Open online docs.]</doc>
<arguments>
<arg>'avialable_salves'</arg>
</arguments>
<assign>
<var>${avialable}</var>
</assign>
<msg timestamp="20190924 17:12:10.291" level="INFO">${avialable} = [{'type': 'api', 'ip': '192.168.100.3', 'health': '1'}, {'type': 'ui', 'ip': '192.168.100.4', 'health': '1'}]</msg>
<status status="PASS" starttime="20190924 17:12:10.286" endtime="20190924 17:12:10.292"></status>
</kw>
<kw name="Log" library="BuiltIn">
<doc>Logs the given message with the given level.</doc>
<arguments>
<arg>${avialable}</arg>
</arguments>
<msg timestamp="20190924 17:12:10.293" level="INFO">[{'type': 'api', 'ip': '192.168.100.3', 'health': '1'}, {'type': 'ui', 'ip': '192.168.100.4', 'health': '1'}]</msg>
<msg timestamp="20190924 17:12:10.294" level="INFO">#############in log_message
{'timestamp': '20190924 17:12:10.293', 'message': "[{'type': 'api', 'ip': '192.168.100.3', 'health': '1'}, {'type': 'ui', 'ip': '192.168.100.4', 'health': '1'}]", 'level': 'INFO', 'html': 'no'}
xxxxxxxxxxxxxxxx</msg>
<status status="PASS" starttime="20190924 17:12:10.293" endtime="20190924 17:12:10.294"></status>
</kw>
<kw name="Search Slave" library="ResourcesSyn">
<arguments>
<arg>${typelist}</arg>
<arg>${avialable}</arg>
</arguments>
<assign>
<var>${result}</var>
</assign>
<msg timestamp="20190924 17:12:10.296" level="INFO">['ui', 'ui']
[{'type': 'api', 'ip': '192.168.100.3', 'health': '1'}, {'type': 'ui', 'ip': '192.168.100.4', 'health': '1'}]
111111111
ui
api
111111111
ui
ui
111111111
ui
api</msg>
<msg timestamp="20190924 17:12:10.297" level="INFO">${result} = False</msg>
<status status="PASS" starttime="20190924 17:12:10.295" endtime="20190924 17:12:10.297"></status>
</kw>
<kw name="Run Keyword If" library="BuiltIn">
<doc>Runs the given keyword with the given arguments, if ``condition`` is true.</doc>
<arguments>
<arg>${result}==${False}</arg>
<arg>Release Lock</arg>
<arg>'SlaveLock'</arg>
</arguments>
<kw name="Release Lock" library="pabot.PabotLib">
<doc>Release a lock with name.
[https://pabot.org/PabotLib.html?ref=log#release-lock|Open online docs.]</doc>
<arguments>
<arg>'SlaveLock'</arg>
</arguments>
<status status="PASS" starttime="20190924 17:12:10.298" endtime="20190924 17:12:10.302"></status>
</kw>
<status status="PASS" starttime="20190924 17:12:10.297" endtime="20190924 17:12:10.302"></status>
</kw>
<kw name="Run Keyword If" library="BuiltIn">
<doc>Runs the given keyword with the given arguments, if ``condition`` is true.</doc>
<arguments>
<arg>${result}==${False}</arg>
<arg>Should Be True</arg>
<arg>${1} == ${0}</arg>
</arguments>
<kw name="Should Be True" library="BuiltIn">
<doc>Fails if the given condition is not true.</doc>
<arguments>
<arg>${1} == ${0}</arg>
</arguments>
<msg timestamp="20190924 17:12:10.305" level="FAIL">'1 == 0' should be true.</msg>
<status status="FAIL" starttime="20190924 17:12:10.304" endtime="20190924 17:12:10.305"></status>
</kw>
<status status="FAIL" starttime="20190924 17:12:10.303" endtime="20190924 17:12:10.305"></status>
</kw>
<status status="FAIL" starttime="20190924 17:12:10.279" endtime="20190924 17:12:10.306"></status>
</kw>
<kw name="Acquire Slave" library="ResourcesSyn">
<arguments>
<arg>${SLAVE_LIST}</arg>
</arguments>
<kw name="Acquire Lock" library="pabot.PabotLib">
<doc>Wait for a lock with name.
[https://pabot.org/PabotLib.html?ref=log#acquire-lock|Open online docs.]</doc>
<arguments>
<arg>'SlaveLock'</arg>
</arguments>
<status status="PASS" starttime="20190924 17:12:15.308" endtime="20190924 17:12:15.312"></status>
</kw>
<kw name="Get Parallel Value For Key" library="pabot.PabotLib">
<doc>Get the value for a key. If there is no value for the key then empty
string is returned.
[https://pabot.org/PabotLib.html?ref=log#get-parallel-value-for-key|Open online docs.]</doc>
<arguments>
<arg>'avialable_salves'</arg>
</arguments>
<assign>
<var>${avialable}</var>
</assign>
<msg timestamp="20190924 17:12:15.318" level="INFO">${avialable} = [{'type': 'api', 'ip': '192.168.100.3', 'health': '1'}, {'type': 'ui', 'ip': '192.168.100.4', 'health': '1'}, [{'type': 'ui', 'ip': '192.168.100.3', 'health': '1'}, {'type': 'api', 'ip': '192.168.100....</msg>
<status status="PASS" starttime="20190924 17:12:15.313" endtime="20190924 17:12:15.318"></status>
</kw>
<kw name="Log" library="BuiltIn">
<doc>Logs the given message with the given level.</doc>
<arguments>
<arg>${avialable}</arg>
</arguments>
<msg timestamp="20190924 17:12:15.319" level="INFO">[{'type': 'api', 'ip': '192.168.100.3', 'health': '1'}, {'type': 'ui', 'ip': '192.168.100.4', 'health': '1'}, [{'type': 'ui', 'ip': '192.168.100.3', 'health': '1'}, {'type': 'api', 'ip': '192.168.100.2', 'health': '1'}]]</msg>
<msg timestamp="20190924 17:12:15.319" level="INFO">#############in log_message
{'timestamp': '20190924 17:12:15.319', 'message': "[{'type': 'api', 'ip': '192.168.100.3', 'health': '1'}, {'type': 'ui', 'ip': '192.168.100.4', 'health': '1'}, [{'type': 'ui', 'ip': '192.168.100.3', 'health': '1'}, {'type': 'api', 'ip': '192.168.100.2', 'health': '1'}]]", 'level': 'INFO', 'html': 'no'}
xxxxxxxxxxxxxxxx</msg>
<status status="PASS" starttime="20190924 17:12:15.319" endtime="20190924 17:12:15.320"></status>
</kw>
<kw name="Search Slave" library="ResourcesSyn">
<arguments>
<arg>${typelist}</arg>
<arg>${avialable}</arg>
</arguments>
<assign>
<var>${result}</var>
</assign>
<msg timestamp="20190924 17:12:15.321" level="INFO">['ui', 'ui']
[{'type': 'api', 'ip': '192.168.100.3', 'health': '1'}, {'type': 'ui', 'ip': '192.168.100.4', 'health': '1'}, [{'type': 'ui', 'ip': '192.168.100.3', 'health': '1'}, {'type': 'api', 'ip': '192.168.100.2', 'health': '1'}]]
111111111
ui
api
111111111
ui
ui
111111111
ui
api
111111111
ui</msg>
<msg timestamp="20190924 17:12:15.323" level="FAIL">TypeError: list indices must be integers or slices, not str</msg>
<status status="FAIL" starttime="20190924 17:12:15.320" endtime="20190924 17:12:15.323"></status>
</kw>
<status status="FAIL" starttime="20190924 17:12:15.306" endtime="20190924 17:12:15.323"></status>
</kw>
<kw name="Acquire Slave" library="ResourcesSyn">
<arguments>
<arg>${SLAVE_LIST}</arg>
</arguments>
<kw name="Acquire Lock" library="pabot.PabotLib">
<doc>Wait for a lock with name.
[https://pabot.org/PabotLib.html?ref=log#acquire-lock|Open online docs.]</doc>
<arguments>
<arg>'SlaveLock'</arg>
</arguments>
<status status="PASS" starttime="20190924 17:12:20.326" endtime="20190924 17:12:20.332"></status>
</kw>
<kw name="Get Parallel Value For Key" library="pabot.PabotLib">
<doc>Get the value for a key. If there is no value for the key then empty
string is returned.
[https://pabot.org/PabotLib.html?ref=log#get-parallel-value-for-key|Open online docs.]</doc>
<arguments>
<arg>'avialable_salves'</arg>
</arguments>
<assign>
<var>${avialable}</var>
</assign>
<msg timestamp="20190924 17:12:20.341" level="INFO">${avialable} = [{'type': 'api', 'ip': '192.168.100.3', 'health': '1'}, {'type': 'ui', 'ip': '192.168.100.4', 'health': '1'}, [{'type': 'ui', 'ip': '192.168.100.3', 'health': '1'}, {'type': 'api', 'ip': '192.168.100....</msg>
<status status="PASS" starttime="20190924 17:12:20.333" endtime="20190924 17:12:20.341"></status>
</kw>
<kw name="Log" library="BuiltIn">
<doc>Logs the given message with the given level.</doc>
<arguments>
<arg>${avialable}</arg>
</arguments>
<msg timestamp="20190924 17:12:20.343" level="INFO">[{'type': 'api', 'ip': '192.168.100.3', 'health': '1'}, {'type': 'ui', 'ip': '192.168.100.4', 'health': '1'}, [{'type': 'ui', 'ip': '192.168.100.3', 'health': '1'}, {'type': 'api', 'ip': '192.168.100.2', 'health': '1'}]]</msg>
<msg timestamp="20190924 17:12:20.343" level="INFO">#############in log_message
{'timestamp': '20190924 17:12:20.343', 'message': "[{'type': 'api', 'ip': '192.168.100.3', 'health': '1'}, {'type': 'ui', 'ip': '192.168.100.4', 'health': '1'}, [{'type': 'ui', 'ip': '192.168.100.3', 'health': '1'}, {'type': 'api', 'ip': '192.168.100.2', 'health': '1'}]]", 'level': 'INFO', 'html': 'no'}
xxxxxxxxxxxxxxxx</msg>
<status status="PASS" starttime="20190924 17:12:20.342" endtime="20190924 17:12:20.344"></status>
</kw>
<kw name="Search Slave" library="ResourcesSyn">
<arguments>
<arg>${typelist}</arg>
<arg>${avialable}</arg>
</arguments>
<assign>
<var>${result}</var>
</assign>
<msg timestamp="20190924 17:12:20.346" level="INFO">['ui', 'ui']
[{'type': 'api', 'ip': '192.168.100.3', 'health': '1'}, {'type': 'ui', 'ip': '192.168.100.4', 'health': '1'}, [{'type': 'ui', 'ip': '192.168.100.3', 'health': '1'}, {'type': 'api', 'ip': '192.168.100.2', 'health': '1'}]]
111111111
ui
api
111111111
ui
ui
111111111
ui
api
111111111
ui</msg>
<msg timestamp="20190924 17:12:20.348" level="FAIL">TypeError: list indices must be integers or slices, not str</msg>
<status status="FAIL" starttime="20190924 17:12:20.345" endtime="20190924 17:12:20.348"></status>
</kw>
<status status="FAIL" starttime="20190924 17:12:20.324" endtime="20190924 17:12:20.349"></status>
</kw>
<kw name="Acquire Slave" library="ResourcesSyn">
<arguments>
<arg>${SLAVE_LIST}</arg>
</arguments>
<kw name="Acquire Lock" library="pabot.PabotLib">
<doc>Wait for a lock with name.
[https://pabot.org/PabotLib.html?ref=log#acquire-lock|Open online docs.]</doc>
<arguments>
<arg>'SlaveLock'</arg>
</arguments>
<status status="PASS" starttime="20190924 17:12:25.353" endtime="20190924 17:12:25.359"></status>
</kw>
<kw name="Get Parallel Value For Key" library="pabot.PabotLib">
<doc>Get the value for a key. If there is no value for the key then empty
string is returned.
[https://pabot.org/PabotLib.html?ref=log#get-parallel-value-for-key|Open online docs.]</doc>
<arguments>
<arg>'avialable_salves'</arg>
</arguments>
<assign>
<var>${avialable}</var>
</assign>
<msg timestamp="20190924 17:12:25.368" level="INFO">${avialable} = [{'type': 'api', 'ip': '192.168.100.3', 'health': '1'}, {'type': 'ui', 'ip': '192.168.100.4', 'health': '1'}, [{'type': 'ui', 'ip': '192.168.100.3', 'health': '1'}, {'type': 'api', 'ip': '192.168.100....</msg>
<status status="PASS" starttime="20190924 17:12:25.360" endtime="20190924 17:12:25.368"></status>
</kw>
<kw name="Log" library="BuiltIn">
<doc>Logs the given message with the given level.</doc>
<arguments>
<arg>${avialable}</arg>
</arguments>
<msg timestamp="20190924 17:12:25.370" level="INFO">[{'type': 'api', 'ip': '192.168.100.3', 'health': '1'}, {'type': 'ui', 'ip': '192.168.100.4', 'health': '1'}, [{'type': 'ui', 'ip': '192.168.100.3', 'health': '1'}, {'type': 'api', 'ip': '192.168.100.2', 'health': '1'}]]</msg>
<msg timestamp="20190924 17:12:25.370" level="INFO">#############in log_message
{'timestamp': '20190924 17:12:25.370', 'message': "[{'type': 'api', 'ip': '192.168.100.3', 'health': '1'}, {'type': 'ui', 'ip': '192.168.100.4', 'health': '1'}, [{'type': 'ui', 'ip': '192.168.100.3', 'health': '1'}, {'type': 'api', 'ip': '192.168.100.2', 'health': '1'}]]", 'level': 'INFO', 'html': 'no'}
xxxxxxxxxxxxxxxx</msg>
<status status="PASS" starttime="20190924 17:12:25.369" endtime="20190924 17:12:25.371"></status>
</kw>
<kw name="Search Slave" library="ResourcesSyn">
<arguments>
<arg>${typelist}</arg>
<arg>${avialable}</arg>
</arguments>
<assign>
<var>${result}</var>
</assign>
<msg timestamp="20190924 17:12:25.374" level="INFO">['ui', 'ui']
[{'type': 'api', 'ip': '192.168.100.3', 'health': '1'}, {'type': 'ui', 'ip': '192.168.100.4', 'health': '1'}, [{'type': 'ui', 'ip': '192.168.100.3', 'health': '1'}, {'type': 'api', 'ip': '192.168.100.2', 'health': '1'}]]
111111111
ui
api
111111111
ui
ui
111111111
ui
api
111111111
ui</msg>
<msg timestamp="20190924 17:12:25.375" level="FAIL">TypeError: list indices must be integers or slices, not str</msg>
<status status="FAIL" starttime="20190924 17:12:25.372" endtime="20190924 17:12:25.375"></status>
</kw>
<status status="FAIL" starttime="20190924 17:12:25.351" endtime="20190924 17:12:25.376"></status>
</kw>
<kw name="Acquire Slave" library="ResourcesSyn">
<arguments>
<arg>${SLAVE_LIST}</arg>
</arguments>
<kw name="Acquire Lock" library="pabot.PabotLib">
<doc>Wait for a lock with name.
[https://pabot.org/PabotLib.html?ref=log#acquire-lock|Open online docs.]</doc>
<arguments>
<arg>'SlaveLock'</arg>
</arguments>
<status status="PASS" starttime="20190924 17:12:30.379" endtime="20190924 17:12:30.385"></status>
</kw>
<kw name="Get Parallel Value For Key" library="pabot.PabotLib">
<doc>Get the value for a key. If there is no value for the key then empty
string is returned.
[https://pabot.org/PabotLib.html?ref=log#get-parallel-value-for-key|Open online docs.]</doc>
<arguments>
<arg>'avialable_salves'</arg>
</arguments>
<assign>
<var>${avialable}</var>
</assign>
<msg timestamp="20190924 17:12:30.394" level="INFO">${avialable} = [{'type': 'api', 'ip': '192.168.100.3', 'health': '1'}, {'type': 'ui', 'ip': '192.168.100.4', 'health': '1'}, [{'type': 'ui', 'ip': '192.168.100.3', 'health': '1'}, {'type': 'api', 'ip': '192.168.100....</msg>
<status status="PASS" starttime="20190924 17:12:30.386" endtime="20190924 17:12:30.394"></status>
</kw>
<kw name="Log" library="BuiltIn">
<doc>Logs the given message with the given level.</doc>
<arguments>
<arg>${avialable}</arg>
</arguments>
<msg timestamp="20190924 17:12:30.396" level="INFO">[{'type': 'api', 'ip': '192.168.100.3', 'health': '1'}, {'type': 'ui', 'ip': '192.168.100.4', 'health': '1'}, [{'type': 'ui', 'ip': '192.168.100.3', 'health': '1'}, {'type': 'api', 'ip': '192.168.100.2', 'health': '1'}]]</msg>
<msg timestamp="20190924 17:12:30.396" level="INFO">#############in log_message
{'timestamp': '20190924 17:12:30.396', 'message': "[{'type': 'api', 'ip': '192.168.100.3', 'health': '1'}, {'type': 'ui', 'ip': '192.168.100.4', 'health': '1'}, [{'type': 'ui', 'ip': '192.168.100.3', 'health': '1'}, {'type': 'api', 'ip': '192.168.100.2', 'health': '1'}]]", 'level': 'INFO', 'html': 'no'}
xxxxxxxxxxxxxxxx</msg>
<status status="PASS" starttime="20190924 17:12:30.395" endtime="20190924 17:12:30.397"></status>
</kw>
<kw name="Search Slave" library="ResourcesSyn">
<arguments>
<arg>${typelist}</arg>
<arg>${avialable}</arg>
</arguments>
<assign>
<var>${result}</var>
</assign>
<msg timestamp="20190924 17:12:30.400" level="INFO">['ui', 'ui']
[{'type': 'api', 'ip': '192.168.100.3', 'health': '1'}, {'type': 'ui', 'ip': '192.168.100.4', 'health': '1'}, [{'type': 'ui', 'ip': '192.168.100.3', 'health': '1'}, {'type': 'api', 'ip': '192.168.100.2', 'health': '1'}]]
111111111
ui
api
111111111
ui
ui
111111111
ui
api
111111111
ui</msg>
<msg timestamp="20190924 17:12:30.401" level="FAIL">TypeError: list indices must be integers or slices, not str</msg>
<status status="FAIL" starttime="20190924 17:12:30.398" endtime="20190924 17:12:30.402"></status>
</kw>
<status status="FAIL" starttime="20190924 17:12:30.377" endtime="20190924 17:12:30.403"></status>
</kw>
<kw name="Acquire Slave" library="ResourcesSyn">
<arguments>
<arg>${SLAVE_LIST}</arg>
</arguments>
<kw name="Acquire Lock" library="pabot.PabotLib">
<doc>Wait for a lock with name.
[https://pabot.org/PabotLib.html?ref=log#acquire-lock|Open online docs.]</doc>
<arguments>
<arg>'SlaveLock'</arg>
</arguments>
<status status="PASS" starttime="20190924 17:12:35.405" endtime="20190924 17:12:35.411"></status>
</kw>
<kw name="Get Parallel Value For Key" library="pabot.PabotLib">
<doc>Get the value for a key. If there is no value for the key then empty
string is returned.
[https://pabot.org/PabotLib.html?ref=log#get-parallel-value-for-key|Open online docs.]</doc>
<arguments>
<arg>'avialable_salves'</arg>
</arguments>
<assign>
<var>${avialable}</var>
</assign>
<msg timestamp="20190924 17:12:35.420" level="INFO">${avialable} = [{'type': 'api', 'ip': '192.168.100.3', 'health': '1'}, {'type': 'ui', 'ip': '192.168.100.4', 'health': '1'}, [{'type': 'ui', 'ip': '192.168.100.3', 'health': '1'}, {'type': 'api', 'ip': '192.168.100....</msg>
<status status="PASS" starttime="20190924 17:12:35.412" endtime="20190924 17:12:35.421"></status>
</kw>
<kw name="Log" library="BuiltIn">
<doc>Logs the given message with the given level.</doc>
<arguments>
<arg>${avialable}</arg>
</arguments>
<msg timestamp="20190924 17:12:35.423" level="INFO">[{'type': 'api', 'ip': '192.168.100.3', 'health': '1'}, {'type': 'ui', 'ip': '192.168.100.4', 'health': '1'}, [{'type': 'ui', 'ip': '192.168.100.3', 'health': '1'}, {'type': 'api', 'ip': '192.168.100.2', 'health': '1'}]]</msg>
<msg timestamp="20190924 17:12:35.423" level="INFO">#############in log_message
{'timestamp': '20190924 17:12:35.423', 'message': "[{'type': 'api', 'ip': '192.168.100.3', 'health': '1'}, {'type': 'ui', 'ip': '192.168.100.4', 'health': '1'}, [{'type': 'ui', 'ip': '192.168.100.3', 'health': '1'}, {'type': 'api', 'ip': '192.168.100.2', 'health': '1'}]]", 'level': 'INFO', 'html': 'no'}
xxxxxxxxxxxxxxxx</msg>
<status status="PASS" starttime="20190924 17:12:35.422" endtime="20190924 17:12:35.424"></status>
</kw>
<kw name="Search Slave" library="ResourcesSyn">
<arguments>
<arg>${typelist}</arg>
<arg>${avialable}</arg>
</arguments>
<assign>
<var>${result}</var>
</assign>
<msg timestamp="20190924 17:12:35.426" level="INFO">['ui', 'ui']
[{'type': 'api', 'ip': '192.168.100.3', 'health': '1'}, {'type': 'ui', 'ip': '192.168.100.4', 'health': '1'}, [{'type': 'ui', 'ip': '192.168.100.3', 'health': '1'}, {'type': 'api', 'ip': '192.168.100.2', 'health': '1'}]]
111111111
ui
api
111111111
ui
ui
111111111
ui
api
111111111
ui</msg>
<msg timestamp="20190924 17:12:35.427" level="FAIL">TypeError: list indices must be integers or slices, not str</msg>
<status status="FAIL" starttime="20190924 17:12:35.424" endtime="20190924 17:12:35.428"></status>
</kw>
<status status="FAIL" starttime="20190924 17:12:35.403" endtime="20190924 17:12:35.429"></status>
</kw>
<kw name="Acquire Slave" library="ResourcesSyn">
<arguments>
<arg>${SLAVE_LIST}</arg>
</arguments>
<kw name="Acquire Lock" library="pabot.PabotLib">
<doc>Wait for a lock with name.
[https://pabot.org/PabotLib.html?ref=log#acquire-lock|Open online docs.]</doc>
<arguments>
<arg>'SlaveLock'</arg>
</arguments>
<status status="PASS" starttime="20190924 17:12:40.431" endtime="20190924 17:12:40.436"></status>
</kw>
<kw name="Get Parallel Value For Key" library="pabot.PabotLib">
<doc>Get the value for a key. If there is no value for the key then empty
string is returned.
[https://pabot.org/PabotLib.html?ref=log#get-parallel-value-for-key|Open online docs.]</doc>
<arguments>
<arg>'avialable_salves'</arg>
</arguments>
<assign>
<var>${avialable}</var>
</assign>
<msg timestamp="20190924 17:12:40.445" level="INFO">${avialable} = [{'type': 'api', 'ip': '192.168.100.3', 'health': '1'}, {'type': 'ui', 'ip': '192.168.100.4', 'health': '1'}, [{'type': 'ui', 'ip': '192.168.100.3', 'health': '1'}, {'type': 'api', 'ip': '192.168.100....</msg>
<status status="PASS" starttime="20190924 17:12:40.438" endtime="20190924 17:12:40.446"></status>
</kw>
<kw name="Log" library="BuiltIn">
<doc>Logs the given message with the given level.</doc>
<arguments>
<arg>${avialable}</arg>
</arguments>
<msg timestamp="20190924 17:12:40.448" level="INFO">[{'type': 'api', 'ip': '192.168.100.3', 'health': '1'}, {'type': 'ui', 'ip': '192.168.100.4', 'health': '1'}, [{'type': 'ui', 'ip': '192.168.100.3', 'health': '1'}, {'type': 'api', 'ip': '192.168.100.2', 'health': '1'}]]</msg>
<msg timestamp="20190924 17:12:40.448" level="INFO">#############in log_message
{'timestamp': '20190924 17:12:40.448', 'message': "[{'type': 'api', 'ip': '192.168.100.3', 'health': '1'}, {'type': 'ui', 'ip': '192.168.100.4', 'health': '1'}, [{'type': 'ui', 'ip': '192.168.100.3', 'health': '1'}, {'type': 'api', 'ip': '192.168.100.2', 'health': '1'}]]", 'level': 'INFO', 'html': 'no'}
xxxxxxxxxxxxxxxx</msg>
<status status="PASS" starttime="20190924 17:12:40.447" endtime="20190924 17:12:40.448"></status>
</kw>
<kw name="Search Slave" library="ResourcesSyn">
<arguments>
<arg>${typelist}</arg>
<arg>${avialable}</arg>
</arguments>
<assign>
<var>${result}</var>
</assign>
<msg timestamp="20190924 17:12:40.451" level="INFO">['ui', 'ui']
[{'type': 'api', 'ip': '192.168.100.3', 'health': '1'}, {'type': 'ui', 'ip': '192.168.100.4', 'health': '1'}, [{'type': 'ui', 'ip': '192.168.100.3', 'health': '1'}, {'type': 'api', 'ip': '192.168.100.2', 'health': '1'}]]
111111111
ui
api
111111111
ui
ui
111111111
ui
api
111111111
ui</msg>
<msg timestamp="20190924 17:12:40.452" level="FAIL">TypeError: list indices must be integers or slices, not str</msg>
<status status="FAIL" starttime="20190924 17:12:40.449" endtime="20190924 17:12:40.452"></status>
</kw>
<status status="FAIL" starttime="20190924 17:12:40.429" endtime="20190924 17:12:40.453"></status>
</kw>
<kw name="Acquire Slave" library="ResourcesSyn">
<arguments>
<arg>${SLAVE_LIST}</arg>
</arguments>
<kw name="Acquire Lock" library="pabot.PabotLib">
<doc>Wait for a lock with name.
[https://pabot.org/PabotLib.html?ref=log#acquire-lock|Open online docs.]</doc>
<arguments>
<arg>'SlaveLock'</arg>
</arguments>
<status status="PASS" starttime="20190924 17:12:45.457" endtime="20190924 17:12:45.463"></status>
</kw>
<kw name="Get Parallel Value For Key" library="pabot.PabotLib">
<doc>Get the value for a key. If there is no value for the key then empty
string is returned.
[https://pabot.org/PabotLib.html?ref=log#get-parallel-value-for-key|Open online docs.]</doc>
<arguments>
<arg>'avialable_salves'</arg>
</arguments>
<assign>
<var>${avialable}</var>
</assign>
<msg timestamp="20190924 17:12:45.472" level="INFO">${avialable} = [{'type': 'api', 'ip': '192.168.100.3', 'health': '1'}, {'type': 'ui', 'ip': '192.168.100.4', 'health': '1'}, [{'type': 'ui', 'ip': '192.168.100.3', 'health': '1'}, {'type': 'api', 'ip': '192.168.100....</msg>
<status status="PASS" starttime="20190924 17:12:45.464" endtime="20190924 17:12:45.472"></status>
</kw>
<kw name="Log" library="BuiltIn">
<doc>Logs the given message with the given level.</doc>
<arguments>
<arg>${avialable}</arg>
</arguments>
<msg timestamp="20190924 17:12:45.474" level="INFO">[{'type': 'api', 'ip': '192.168.100.3', 'health': '1'}, {'type': 'ui', 'ip': '192.168.100.4', 'health': '1'}, [{'type': 'ui', 'ip': '192.168.100.3', 'health': '1'}, {'type': 'api', 'ip': '192.168.100.2', 'health': '1'}]]</msg>
<msg timestamp="20190924 17:12:45.474" level="INFO">#############in log_message
{'timestamp': '20190924 17:12:45.474', 'message': "[{'type': 'api', 'ip': '192.168.100.3', 'health': '1'}, {'type': 'ui', 'ip': '192.168.100.4', 'health': '1'}, [{'type': 'ui', 'ip': '192.168.100.3', 'health': '1'}, {'type': 'api', 'ip': '192.168.100.2', 'health': '1'}]]", 'level': 'INFO', 'html': 'no'}
xxxxxxxxxxxxxxxx</msg>
<status status="PASS" starttime="20190924 17:12:45.473" endtime="20190924 17:12:45.475"></status>
</kw>
<kw name="Search Slave" library="ResourcesSyn">
<arguments>
<arg>${typelist}</arg>
<arg>${avialable}</arg>
</arguments>
<assign>
<var>${result}</var>
</assign>
<msg timestamp="20190924 17:12:45.477" level="INFO">['ui', 'ui']
[{'type': 'api', 'ip': '192.168.100.3', 'health': '1'}, {'type': 'ui', 'ip': '192.168.100.4', 'health': '1'}, [{'type': 'ui', 'ip': '192.168.100.3', 'health': '1'}, {'type': 'api', 'ip': '192.168.100.2', 'health': '1'}]]
111111111
ui
api
111111111
ui
ui
111111111
ui
api
111111111
ui</msg>
<msg timestamp="20190924 17:12:45.479" level="FAIL">TypeError: list indices must be integers or slices, not str</msg>
<status status="FAIL" starttime="20190924 17:12:45.476" endtime="20190924 17:12:45.479"></status>
</kw>
<status status="FAIL" starttime="20190924 17:12:45.455" endtime="20190924 17:12:45.480"></status>
</kw>
<kw name="Acquire Slave" library="ResourcesSyn">
<arguments>
<arg>${SLAVE_LIST}</arg>
</arguments>
<kw name="Acquire Lock" library="pabot.PabotLib">
<doc>Wait for a lock with name.
[https://pabot.org/PabotLib.html?ref=log#acquire-lock|Open online docs.]</doc>
<arguments>
<arg>'SlaveLock'</arg>
</arguments>
<status status="PASS" starttime="20190924 17:12:50.483" endtime="20190924 17:12:50.489"></status>
</kw>
<kw name="Get Parallel Value For Key" library="pabot.PabotLib">
<doc>Get the value for a key. If there is no value for the key then empty
string is returned.
[https://pabot.org/PabotLib.html?ref=log#get-parallel-value-for-key|Open online docs.]</doc>
<arguments>
<arg>'avialable_salves'</arg>
</arguments>
<assign>
<var>${avialable}</var>
</assign>
<msg timestamp="20190924 17:12:50.499" level="INFO">${avialable} = [{'type': 'api', 'ip': '192.168.100.3', 'health': '1'}, {'type': 'ui', 'ip': '192.168.100.4', 'health': '1'}, [{'type': 'ui', 'ip': '192.168.100.3', 'health': '1'}, {'type': 'api', 'ip': '192.168.100....</msg>
<status status="PASS" starttime="20190924 17:12:50.490" endtime="20190924 17:12:50.499"></status>
</kw>
<kw name="Log" library="BuiltIn">
<doc>Logs the given message with the given level.</doc>
<arguments>
<arg>${avialable}</arg>
</arguments>
<msg timestamp="20190924 17:12:50.501" level="INFO">[{'type': 'api', 'ip': '192.168.100.3', 'health': '1'}, {'type': 'ui', 'ip': '192.168.100.4', 'health': '1'}, [{'type': 'ui', 'ip': '192.168.100.3', 'health': '1'}, {'type': 'api', 'ip': '192.168.100.2', 'health': '1'}]]</msg>
<msg timestamp="20190924 17:12:50.501" level="INFO">#############in log_message
{'timestamp': '20190924 17:12:50.501', 'message': "[{'type': 'api', 'ip': '192.168.100.3', 'health': '1'}, {'type': 'ui', 'ip': '192.168.100.4', 'health': '1'}, [{'type': 'ui', 'ip': '192.168.100.3', 'health': '1'}, {'type': 'api', 'ip': '192.168.100.2', 'health': '1'}]]", 'level': 'INFO', 'html': 'no'}
xxxxxxxxxxxxxxxx</msg>
<status status="PASS" starttime="20190924 17:12:50.500" endtime="20190924 17:12:50.502"></status>
</kw>
<kw name="Search Slave" library="ResourcesSyn">
<arguments>
<arg>${typelist}</arg>
<arg>${avialable}</arg>
</arguments>
<assign>
<var>${result}</var>
</assign>
<msg timestamp="20190924 17:12:50.504" level="INFO">['ui', 'ui']
[{'type': 'api', 'ip': '192.168.100.3', 'health': '1'}, {'type': 'ui', 'ip': '192.168.100.4', 'health': '1'}, [{'type': 'ui', 'ip': '192.168.100.3', 'health': '1'}, {'type': 'api', 'ip': '192.168.100.2', 'health': '1'}]]
111111111
ui
api
111111111
ui
ui
111111111
ui
api
111111111
ui</msg>
<msg timestamp="20190924 17:12:50.505" level="FAIL">TypeError: list indices must be integers or slices, not str</msg>
<status status="FAIL" starttime="20190924 17:12:50.503" endtime="20190924 17:12:50.506"></status>
</kw>
<status status="FAIL" starttime="20190924 17:12:50.481" endtime="20190924 17:12:50.507"></status>
</kw>
<kw name="Acquire Slave" library="ResourcesSyn">
<arguments>
<arg>${SLAVE_LIST}</arg>
</arguments>
<kw name="Acquire Lock" library="pabot.PabotLib">
<doc>Wait for a lock with name.
[https://pabot.org/PabotLib.html?ref=log#acquire-lock|Open online docs.]</doc>
<arguments>
<arg>'SlaveLock'</arg>
</arguments>
<status status="PASS" starttime="20190924 17:12:55.511" endtime="20190924 17:12:55.517"></status>
</kw>
<kw name="Get Parallel Value For Key" library="pabot.PabotLib">
<doc>Get the value for a key. If there is no value for the key then empty
string is returned.
[https://pabot.org/PabotLib.html?ref=log#get-parallel-value-for-key|Open online docs.]</doc>
<arguments>
<arg>'avialable_salves'</arg>
</arguments>
<assign>
<var>${avialable}</var>
</assign>
<msg timestamp="20190924 17:12:55.525" level="INFO">${avialable} = [{'type': 'api', 'ip': '192.168.100.3', 'health': '1'}, {'type': 'ui', 'ip': '192.168.100.4', 'health': '1'}, [{'type': 'ui', 'ip': '192.168.100.3', 'health': '1'}, {'type': 'api', 'ip': '192.168.100....</msg>
<status status="PASS" starttime="20190924 17:12:55.518" endtime="20190924 17:12:55.526"></status>
</kw>
<kw name="Log" library="BuiltIn">
<doc>Logs the given message with the given level.</doc>
<arguments>
<arg>${avialable}</arg>
</arguments>
<msg timestamp="20190924 17:12:55.528" level="INFO">[{'type': 'api', 'ip': '192.168.100.3', 'health': '1'}, {'type': 'ui', 'ip': '192.168.100.4', 'health': '1'}, [{'type': 'ui', 'ip': '192.168.100.3', 'health': '1'}, {'type': 'api', 'ip': '192.168.100.2', 'health': '1'}]]</msg>
<msg timestamp="20190924 17:12:55.529" level="INFO">#############in log_message
{'timestamp': '20190924 17:12:55.528', 'message': "[{'type': 'api', 'ip': '192.168.100.3', 'health': '1'}, {'type': 'ui', 'ip': '192.168.100.4', 'health': '1'}, [{'type': 'ui', 'ip': '192.168.100.3', 'health': '1'}, {'type': 'api', 'ip': '192.168.100.2', 'health': '1'}]]", 'level': 'INFO', 'html': 'no'}
xxxxxxxxxxxxxxxx</msg>
<status status="PASS" starttime="20190924 17:12:55.527" endtime="20190924 17:12:55.529"></status>
</kw>
<kw name="Search Slave" library="ResourcesSyn">
<arguments>
<arg>${typelist}</arg>
<arg>${avialable}</arg>
</arguments>
<assign>
<var>${result}</var>
</assign>
<msg timestamp="20190924 17:12:55.532" level="INFO">['ui', 'ui']
[{'type': 'api', 'ip': '192.168.100.3', 'health': '1'}, {'type': 'ui', 'ip': '192.168.100.4', 'health': '1'}, [{'type': 'ui', 'ip': '192.168.100.3', 'health': '1'}, {'type': 'api', 'ip': '192.168.100.2', 'health': '1'}]]
111111111
ui
api
111111111
ui
ui
111111111
ui
api
111111111
ui</msg>
<msg timestamp="20190924 17:12:55.533" level="FAIL">TypeError: list indices must be integers or slices, not str</msg>
<status status="FAIL" starttime="20190924 17:12:55.530" endtime="20190924 17:12:55.533"></status>
</kw>
<status status="FAIL" starttime="20190924 17:12:55.508" endtime="20190924 17:12:55.534"></status>
</kw>
<kw name="Acquire Slave" library="ResourcesSyn">
<arguments>
<arg>${SLAVE_LIST}</arg>
</arguments>
<kw name="Acquire Lock" library="pabot.PabotLib">
<doc>Wait for a lock with name.
[https://pabot.org/PabotLib.html?ref=log#acquire-lock|Open online docs.]</doc>
<arguments>
<arg>'SlaveLock'</arg>
</arguments>
<status status="PASS" starttime="20190924 17:13:00.538" endtime="20190924 17:13:00.544"></status>
</kw>
<kw name="Get Parallel Value For Key" library="pabot.PabotLib">
<doc>Get the value for a key. If there is no value for the key then empty
string is returned.
[https://pabot.org/PabotLib.html?ref=log#get-parallel-value-for-key|Open online docs.]</doc>
<arguments>
<arg>'avialable_salves'</arg>
</arguments>
<assign>
<var>${avialable}</var>
</assign>
<msg timestamp="20190924 17:13:00.553" level="INFO">${avialable} = [{'type': 'api', 'ip': '192.168.100.3', 'health': '1'}, {'type': 'ui', 'ip': '192.168.100.4', 'health': '1'}, [{'type': 'ui', 'ip': '192.168.100.3', 'health': '1'}, {'type': 'api', 'ip': '192.168.100....</msg>
<status status="PASS" starttime="20190924 17:13:00.545" endtime="20190924 17:13:00.553"></status>
</kw>
<kw name="Log" library="BuiltIn">
<doc>Logs the given message with the given level.</doc>
<arguments>
<arg>${avialable}</arg>
</arguments>
<msg timestamp="20190924 17:13:00.555" level="INFO">[{'type': 'api', 'ip': '192.168.100.3', 'health': '1'}, {'type': 'ui', 'ip': '192.168.100.4', 'health': '1'}, [{'type': 'ui', 'ip': '192.168.100.3', 'health': '1'}, {'type': 'api', 'ip': '192.168.100.2', 'health': '1'}]]</msg>
<msg timestamp="20190924 17:13:00.556" level="INFO">#############in log_message
{'timestamp': '20190924 17:13:00.555', 'message': "[{'type': 'api', 'ip': '192.168.100.3', 'health': '1'}, {'type': 'ui', 'ip': '192.168.100.4', 'health': '1'}, [{'type': 'ui', 'ip': '192.168.100.3', 'health': '1'}, {'type': 'api', 'ip': '192.168.100.2', 'health': '1'}]]", 'level': 'INFO', 'html': 'no'}
xxxxxxxxxxxxxxxx</msg>
<status status="PASS" starttime="20190924 17:13:00.554" endtime="20190924 17:13:00.556"></status>
</kw>
<kw name="Search Slave" library="ResourcesSyn">
<arguments>
<arg>${typelist}</arg>
<arg>${avialable}</arg>
</arguments>
<assign>
<var>${result}</var>
</assign>
<msg timestamp="20190924 17:13:00.559" level="INFO">['ui', 'ui']
[{'type': 'api', 'ip': '192.168.100.3', 'health': '1'}, {'type': 'ui', 'ip': '192.168.100.4', 'health': '1'}, [{'type': 'ui', 'ip': '192.168.100.3', 'health': '1'}, {'type': 'api', 'ip': '192.168.100.2', 'health': '1'}]]
111111111
ui
api
111111111
ui
ui
111111111
ui
api
111111111
ui</msg>
<msg timestamp="20190924 17:13:00.560" level="FAIL">TypeError: list indices must be integers or slices, not str</msg>
<status status="FAIL" starttime="20190924 17:13:00.557" endtime="20190924 17:13:00.560"></status>
</kw>
<status status="FAIL" starttime="20190924 17:13:00.536" endtime="20190924 17:13:00.561"></status>
</kw>
<kw name="Acquire Slave" library="ResourcesSyn">
<arguments>
<arg>${SLAVE_LIST}</arg>
</arguments>
<kw name="Acquire Lock" library="pabot.PabotLib">
<doc>Wait for a lock with name.
[https://pabot.org/PabotLib.html?ref=log#acquire-lock|Open online docs.]</doc>
<arguments>
<arg>'SlaveLock'</arg>
</arguments>
<status status="PASS" starttime="20190924 17:13:05.564" endtime="20190924 17:13:05.570"></status>
</kw>
<kw name="Get Parallel Value For Key" library="pabot.PabotLib">
<doc>Get the value for a key. If there is no value for the key then empty
string is returned.
[https://pabot.org/PabotLib.html?ref=log#get-parallel-value-for-key|Open online docs.]</doc>
<arguments>
<arg>'avialable_salves'</arg>
</arguments>
<assign>
<var>${avialable}</var>
</assign>
<msg timestamp="20190924 17:13:05.579" level="INFO">${avialable} = [{'type': 'api', 'ip': '192.168.100.3', 'health': '1'}, {'type': 'ui', 'ip': '192.168.100.4', 'health': '1'}, [{'type': 'ui', 'ip': '192.168.100.3', 'health': '1'}, {'type': 'api', 'ip': '192.168.100....</msg>
<status status="PASS" starttime="20190924 17:13:05.571" endtime="20190924 17:13:05.579"></status>
</kw>
<kw name="Log" library="BuiltIn">
<doc>Logs the given message with the given level.</doc>
<arguments>
<arg>${avialable}</arg>
</arguments>
<msg timestamp="20190924 17:13:05.581" level="INFO">[{'type': 'api', 'ip': '192.168.100.3', 'health': '1'}, {'type': 'ui', 'ip': '192.168.100.4', 'health': '1'}, [{'type': 'ui', 'ip': '192.168.100.3', 'health': '1'}, {'type': 'api', 'ip': '192.168.100.2', 'health': '1'}]]</msg>
<msg timestamp="20190924 17:13:05.582" level="INFO">#############in log_message
{'timestamp': '20190924 17:13:05.581', 'message': "[{'type': 'api', 'ip': '192.168.100.3', 'health': '1'}, {'type': 'ui', 'ip': '192.168.100.4', 'health': '1'}, [{'type': 'ui', 'ip': '192.168.100.3', 'health': '1'}, {'type': 'api', 'ip': '192.168.100.2', 'health': '1'}]]", 'level': 'INFO', 'html': 'no'}
xxxxxxxxxxxxxxxx</msg>
<status status="PASS" starttime="20190924 17:13:05.580" endtime="20190924 17:13:05.582"></status>
</kw>
<kw name="Search Slave" library="ResourcesSyn">
<arguments>
<arg>${typelist}</arg>
<arg>${avialable}</arg>
</arguments>
<assign>
<var>${result}</var>
</assign>
<msg timestamp="20190924 17:13:05.585" level="INFO">['ui', 'ui']
[{'type': 'api', 'ip': '192.168.100.3', 'health': '1'}, {'type': 'ui', 'ip': '192.168.100.4', 'health': '1'}, [{'type': 'ui', 'ip': '192.168.100.3', 'health': '1'}, {'type': 'api', 'ip': '192.168.100.2', 'health': '1'}]]
111111111
ui
api
111111111
ui
ui
111111111
ui
api
111111111
ui</msg>
<msg timestamp="20190924 17:13:05.586" level="FAIL">TypeError: list indices must be integers or slices, not str</msg>
<status status="FAIL" starttime="20190924 17:13:05.583" endtime="20190924 17:13:05.586"></status>
</kw>
<status status="FAIL" starttime="20190924 17:13:05.562" endtime="20190924 17:13:05.587"></status>
</kw>
<kw name="Acquire Slave" library="ResourcesSyn">
<arguments>
<arg>${SLAVE_LIST}</arg>
</arguments>
<kw name="Acquire Lock" library="pabot.PabotLib">
<doc>Wait for a lock with name.
[https://pabot.org/PabotLib.html?ref=log#acquire-lock|Open online docs.]</doc>
<arguments>
<arg>'SlaveLock'</arg>
</arguments>
<status status="PASS" starttime="20190924 17:13:10.590" endtime="20190924 17:13:10.595"></status>
</kw>
<kw name="Get Parallel Value For Key" library="pabot.PabotLib">
<doc>Get the value for a key. If there is no value for the key then empty
string is returned.
[https://pabot.org/PabotLib.html?ref=log#get-parallel-value-for-key|Open online docs.]</doc>
<arguments>
<arg>'avialable_salves'</arg>
</arguments>
<assign>
<var>${avialable}</var>
</assign>
<msg timestamp="20190924 17:13:10.604" level="INFO">${avialable} = [{'type': 'api', 'ip': '192.168.100.3', 'health': '1'}, {'type': 'ui', 'ip': '192.168.100.4', 'health': '1'}, [{'type': 'ui', 'ip': '192.168.100.3', 'health': '1'}, {'type': 'api', 'ip': '192.168.100....</msg>
<status status="PASS" starttime="20190924 17:13:10.596" endtime="20190924 17:13:10.605"></status>
</kw>
<kw name="Log" library="BuiltIn">
<doc>Logs the given message with the given level.</doc>
<arguments>
<arg>${avialable}</arg>
</arguments>
<msg timestamp="20190924 17:13:10.607" level="INFO">[{'type': 'api', 'ip': '192.168.100.3', 'health': '1'}, {'type': 'ui', 'ip': '192.168.100.4', 'health': '1'}, [{'type': 'ui', 'ip': '192.168.100.3', 'health': '1'}, {'type': 'api', 'ip': '192.168.100.2', 'health': '1'}]]</msg>
<msg timestamp="20190924 17:13:10.607" level="INFO">#############in log_message
{'timestamp': '20190924 17:13:10.607', 'message': "[{'type': 'api', 'ip': '192.168.100.3', 'health': '1'}, {'type': 'ui', 'ip': '192.168.100.4', 'health': '1'}, [{'type': 'ui', 'ip': '192.168.100.3', 'health': '1'}, {'type': 'api', 'ip': '192.168.100.2', 'health': '1'}]]", 'level': 'INFO', 'html': 'no'}
xxxxxxxxxxxxxxxx</msg>
<status status="PASS" starttime="20190924 17:13:10.605" endtime="20190924 17:13:10.608"></status>
</kw>
<kw name="Search Slave" library="ResourcesSyn">
<arguments>
<arg>${typelist}</arg>
<arg>${avialable}</arg>
</arguments>
<assign>
<var>${result}</var>
</assign>
<msg timestamp="20190924 17:13:10.610" level="INFO">['ui', 'ui']
[{'type': 'api', 'ip': '192.168.100.3', 'health': '1'}, {'type': 'ui', 'ip': '192.168.100.4', 'health': '1'}, [{'type': 'ui', 'ip': '192.168.100.3', 'health': '1'}, {'type': 'api', 'ip': '192.168.100.2', 'health': '1'}]]
111111111
ui
api
111111111
ui
ui
111111111
ui
api
111111111
ui</msg>
<msg timestamp="20190924 17:13:10.611" level="FAIL">TypeError: list indices must be integers or slices, not str</msg>
<status status="FAIL" starttime="20190924 17:13:10.609" endtime="20190924 17:13:10.612"></status>
</kw>
<status status="FAIL" starttime="20190924 17:13:10.588" endtime="20190924 17:13:10.613"></status>
</kw>
<kw name="Acquire Slave" library="ResourcesSyn">
<arguments>
<arg>${SLAVE_LIST}</arg>
</arguments>
<kw name="Acquire Lock" library="pabot.PabotLib">
<doc>Wait for a lock with name.
[https://pabot.org/PabotLib.html?ref=log#acquire-lock|Open online docs.]</doc>
<arguments>
<arg>'SlaveLock'</arg>
</arguments>
<status status="PASS" starttime="20190924 17:13:15.616" endtime="20190924 17:13:15.622"></status>
</kw>
<kw name="Get Parallel Value For Key" library="pabot.PabotLib">
<doc>Get the value for a key. If there is no value for the key then empty
string is returned.
[https://pabot.org/PabotLib.html?ref=log#get-parallel-value-for-key|Open online docs.]</doc>
<arguments>
<arg>'avialable_salves'</arg>
</arguments>
<assign>
<var>${avialable}</var>
</assign>
<msg timestamp="20190924 17:13:15.631" level="INFO">${avialable} = [{'type': 'api', 'ip': '192.168.100.3', 'health': '1'}, {'type': 'ui', 'ip': '192.168.100.4', 'health': '1'}, [{'type': 'ui', 'ip': '192.168.100.3', 'health': '1'}, {'type': 'api', 'ip': '192.168.100....</msg>
<status status="PASS" starttime="20190924 17:13:15.623" endtime="20190924 17:13:15.631"></status>
</kw>
<kw name="Log" library="BuiltIn">
<doc>Logs the given message with the given level.</doc>
<arguments>
<arg>${avialable}</arg>
</arguments>
<msg timestamp="20190924 17:13:15.633" level="INFO">[{'type': 'api', 'ip': '192.168.100.3', 'health': '1'}, {'type': 'ui', 'ip': '192.168.100.4', 'health': '1'}, [{'type': 'ui', 'ip': '192.168.100.3', 'health': '1'}, {'type': 'api', 'ip': '192.168.100.2', 'health': '1'}]]</msg>
<msg timestamp="20190924 17:13:15.633" level="INFO">#############in log_message
{'timestamp': '20190924 17:13:15.633', 'message': "[{'type': 'api', 'ip': '192.168.100.3', 'health': '1'}, {'type': 'ui', 'ip': '192.168.100.4', 'health': '1'}, [{'type': 'ui', 'ip': '192.168.100.3', 'health': '1'}, {'type': 'api', 'ip': '192.168.100.2', 'health': '1'}]]", 'level': 'INFO', 'html': 'no'}
xxxxxxxxxxxxxxxx</msg>
<status status="PASS" starttime="20190924 17:13:15.632" endtime="20190924 17:13:15.634"></status>
</kw>
<kw name="Search Slave" library="ResourcesSyn">
<arguments>
<arg>${typelist}</arg>
<arg>${avialable}</arg>
</arguments>
<assign>
<var>${result}</var>
</assign>
<msg timestamp="20190924 17:13:15.637" level="INFO">['ui', 'ui']
[{'type': 'api', 'ip': '192.168.100.3', 'health': '1'}, {'type': 'ui', 'ip': '192.168.100.4', 'health': '1'}, [{'type': 'ui', 'ip': '192.168.100.3', 'health': '1'}, {'type': 'api', 'ip': '192.168.100.2', 'health': '1'}]]
111111111
ui
api
111111111
ui
ui
111111111
ui
api
111111111
ui</msg>
<msg timestamp="20190924 17:13:15.638" level="FAIL">TypeError: list indices must be integers or slices, not str</msg>
<status status="FAIL" starttime="20190924 17:13:15.635" endtime="20190924 17:13:15.638"></status>
</kw>
<status status="FAIL" starttime="20190924 17:13:15.614" endtime="20190924 17:13:15.639"></status>
</kw>
<kw name="Acquire Slave" library="ResourcesSyn">
<arguments>
<arg>${SLAVE_LIST}</arg>
</arguments>
<kw name="Acquire Lock" library="pabot.PabotLib">
<doc>Wait for a lock with name.
[https://pabot.org/PabotLib.html?ref=log#acquire-lock|Open online docs.]</doc>
<arguments>
<arg>'SlaveLock'</arg>
</arguments>
<status status="PASS" starttime="20190924 17:13:20.643" endtime="20190924 17:13:20.649"></status>
</kw>
<kw name="Get Parallel Value For Key" library="pabot.PabotLib">
<doc>Get the value for a key. If there is no value for the key then empty
string is returned.
[https://pabot.org/PabotLib.html?ref=log#get-parallel-value-for-key|Open online docs.]</doc>
<arguments>
<arg>'avialable_salves'</arg>
</arguments>
<assign>
<var>${avialable}</var>
</assign>
<msg timestamp="20190924 17:13:20.657" level="INFO">${avialable} = [{'type': 'api', 'ip': '192.168.100.3', 'health': '1'}, {'type': 'ui', 'ip': '192.168.100.4', 'health': '1'}, [{'type': 'ui', 'ip': '192.168.100.3', 'health': '1'}, {'type': 'api', 'ip': '192.168.100....</msg>
<status status="PASS" starttime="20190924 17:13:20.650" endtime="20190924 17:13:20.658"></status>
</kw>
<kw name="Log" library="BuiltIn">
<doc>Logs the given message with the given level.</doc>
<arguments>
<arg>${avialable}</arg>
</arguments>
<msg timestamp="20190924 17:13:20.660" level="INFO">[{'type': 'api', 'ip': '192.168.100.3', 'health': '1'}, {'type': 'ui', 'ip': '192.168.100.4', 'health': '1'}, [{'type': 'ui', 'ip': '192.168.100.3', 'health': '1'}, {'type': 'api', 'ip': '192.168.100.2', 'health': '1'}]]</msg>
<msg timestamp="20190924 17:13:20.660" level="INFO">#############in log_message
{'timestamp': '20190924 17:13:20.660', 'message': "[{'type': 'api', 'ip': '192.168.100.3', 'health': '1'}, {'type': 'ui', 'ip': '192.168.100.4', 'health': '1'}, [{'type': 'ui', 'ip': '192.168.100.3', 'health': '1'}, {'type': 'api', 'ip': '192.168.100.2', 'health': '1'}]]", 'level': 'INFO', 'html': 'no'}
xxxxxxxxxxxxxxxx</msg>
<status status="PASS" starttime="20190924 17:13:20.659" endtime="20190924 17:13:20.660"></status>
</kw>
<kw name="Search Slave" library="ResourcesSyn">
<arguments>
<arg>${typelist}</arg>
<arg>${avialable}</arg>
</arguments>
<assign>
<var>${result}</var>
</assign>
<msg timestamp="20190924 17:13:20.663" level="INFO">['ui', 'ui']
[{'type': 'api', 'ip': '192.168.100.3', 'health': '1'}, {'type': 'ui', 'ip': '192.168.100.4', 'health': '1'}, [{'type': 'ui', 'ip': '192.168.100.3', 'health': '1'}, {'type': 'api', 'ip': '192.168.100.2', 'health': '1'}]]
111111111
ui
api
111111111
ui
ui
111111111
ui
api
111111111
ui</msg>
<msg timestamp="20190924 17:13:20.665" level="FAIL">TypeError: list indices must be integers or slices, not str</msg>
<status status="FAIL" starttime="20190924 17:13:20.662" endtime="20190924 17:13:20.665"></status>
</kw>
<status status="FAIL" starttime="20190924 17:13:20.641" endtime="20190924 17:13:20.666"></status>
</kw>
<kw name="Acquire Slave" library="ResourcesSyn">
<arguments>
<arg>${SLAVE_LIST}</arg>
</arguments>
<kw name="Acquire Lock" library="pabot.PabotLib">
<doc>Wait for a lock with name.
[https://pabot.org/PabotLib.html?ref=log#acquire-lock|Open online docs.]</doc>
<arguments>
<arg>'SlaveLock'</arg>
</arguments>
<status status="PASS" starttime="20190924 17:13:25.669" endtime="20190924 17:13:25.675"></status>
</kw>
<kw name="Get Parallel Value For Key" library="pabot.PabotLib">
<doc>Get the value for a key. If there is no value for the key then empty
string is returned.
[https://pabot.org/PabotLib.html?ref=log#get-parallel-value-for-key|Open online docs.]</doc>
<arguments>
<arg>'avialable_salves'</arg>
</arguments>
<assign>
<var>${avialable}</var>
</assign>
<msg timestamp="20190924 17:13:25.684" level="INFO">${avialable} = [{'type': 'api', 'ip': '192.168.100.3', 'health': '1'}, {'type': 'ui', 'ip': '192.168.100.4', 'health': '1'}, [{'type': 'ui', 'ip': '192.168.100.3', 'health': '1'}, {'type': 'api', 'ip': '192.168.100....</msg>
<status status="PASS" starttime="20190924 17:13:25.676" endtime="20190924 17:13:25.684"></status>
</kw>
<kw name="Log" library="BuiltIn">
<doc>Logs the given message with the given level.</doc>
<arguments>
<arg>${avialable}</arg>
</arguments>
<msg timestamp="20190924 17:13:25.686" level="INFO">[{'type': 'api', 'ip': '192.168.100.3', 'health': '1'}, {'type': 'ui', 'ip': '192.168.100.4', 'health': '1'}, [{'type': 'ui', 'ip': '192.168.100.3', 'health': '1'}, {'type': 'api', 'ip': '192.168.100.2', 'health': '1'}]]</msg>
<msg timestamp="20190924 17:13:25.687" level="INFO">#############in log_message
{'timestamp': '20190924 17:13:25.686', 'message': "[{'type': 'api', 'ip': '192.168.100.3', 'health': '1'}, {'type': 'ui', 'ip': '192.168.100.4', 'health': '1'}, [{'type': 'ui', 'ip': '192.168.100.3', 'health': '1'}, {'type': 'api', 'ip': '192.168.100.2', 'health': '1'}]]", 'level': 'INFO', 'html': 'no'}
xxxxxxxxxxxxxxxx</msg>
<status status="PASS" starttime="20190924 17:13:25.685" endtime="20190924 17:13:25.687"></status>
</kw>
<kw name="Search Slave" library="ResourcesSyn">
<arguments>
<arg>${typelist}</arg>
<arg>${avialable}</arg>
</arguments>
<assign>
<var>${result}</var>
</assign>
<msg timestamp="20190924 17:13:25.690" level="INFO">['ui', 'ui']
[{'type': 'api', 'ip': '192.168.100.3', 'health': '1'}, {'type': 'ui', 'ip': '192.168.100.4', 'health': '1'}, [{'type': 'ui', 'ip': '192.168.100.3', 'health': '1'}, {'type': 'api', 'ip': '192.168.100.2', 'health': '1'}]]
111111111
ui
api
111111111
ui
ui
111111111
ui
api
111111111
ui</msg>
<msg timestamp="20190924 17:13:25.691" level="FAIL">TypeError: list indices must be integers or slices, not str</msg>
<status status="FAIL" starttime="20190924 17:13:25.688" endtime="20190924 17:13:25.692"></status>
</kw>
<status status="FAIL" starttime="20190924 17:13:25.667" endtime="20190924 17:13:25.692"></status>
</kw>
<kw name="Acquire Slave" library="ResourcesSyn">
<arguments>
<arg>${SLAVE_LIST}</arg>
</arguments>
<kw name="Acquire Lock" library="pabot.PabotLib">
<doc>Wait for a lock with name.
[https://pabot.org/PabotLib.html?ref=log#acquire-lock|Open online docs.]</doc>
<arguments>
<arg>'SlaveLock'</arg>
</arguments>
<status status="PASS" starttime="20190924 17:13:30.694" endtime="20190924 17:13:30.698"></status>
</kw>
<kw name="Get Parallel Value For Key" library="pabot.PabotLib">
<doc>Get the value for a key. If there is no value for the key then empty
string is returned.
[https://pabot.org/PabotLib.html?ref=log#get-parallel-value-for-key|Open online docs.]</doc>
<arguments>
<arg>'avialable_salves'</arg>
</arguments>
<assign>
<var>${avialable}</var>
</assign>
<msg timestamp="20190924 17:13:30.703" level="INFO">${avialable} = [{'type': 'api', 'ip': '192.168.100.3', 'health': '1'}, {'type': 'ui', 'ip': '192.168.100.4', 'health': '1'}, [{'type': 'ui', 'ip': '192.168.100.3', 'health': '1'}, {'type': 'api', 'ip': '192.168.100....</msg>
<status status="PASS" starttime="20190924 17:13:30.698" endtime="20190924 17:13:30.703"></status>
</kw>
<kw name="Log" library="BuiltIn">
<doc>Logs the given message with the given level.</doc>
<arguments>
<arg>${avialable}</arg>
</arguments>
<msg timestamp="20190924 17:13:30.704" level="INFO">[{'type': 'api', 'ip': '192.168.100.3', 'health': '1'}, {'type': 'ui', 'ip': '192.168.100.4', 'health': '1'}, [{'type': 'ui', 'ip': '192.168.100.3', 'health': '1'}, {'type': 'api', 'ip': '192.168.100.2', 'health': '1'}]]</msg>
<msg timestamp="20190924 17:13:30.704" level="INFO">#############in log_message
{'timestamp': '20190924 17:13:30.704', 'message': "[{'type': 'api', 'ip': '192.168.100.3', 'health': '1'}, {'type': 'ui', 'ip': '192.168.100.4', 'health': '1'}, [{'type': 'ui', 'ip': '192.168.100.3', 'health': '1'}, {'type': 'api', 'ip': '192.168.100.2', 'health': '1'}]]", 'level': 'INFO', 'html': 'no'}
xxxxxxxxxxxxxxxx</msg>
<status status="PASS" starttime="20190924 17:13:30.703" endtime="20190924 17:13:30.704"></status>
</kw>
<kw name="Search Slave" library="ResourcesSyn">
<arguments>
<arg>${typelist}</arg>
<arg>${avialable}</arg>
</arguments>
<assign>
<var>${result}</var>
</assign>
<msg timestamp="20190924 17:13:30.706" level="INFO">['ui', 'ui']
[{'type': 'api', 'ip': '192.168.100.3', 'health': '1'}, {'type': 'ui', 'ip': '192.168.100.4', 'health': '1'}, [{'type': 'ui', 'ip': '192.168.100.3', 'health': '1'}, {'type': 'api', 'ip': '192.168.100.2', 'health': '1'}]]
111111111
ui
api
111111111
ui
ui
111111111
ui
api
111111111
ui</msg>
<msg timestamp="20190924 17:13:30.706" level="FAIL">TypeError: list indices must be integers or slices, not str</msg>
<status status="FAIL" starttime="20190924 17:13:30.705" endtime="20190924 17:13:30.706"></status>
</kw>
<status status="FAIL" starttime="20190924 17:13:30.693" endtime="20190924 17:13:30.707"></status>
</kw>
<kw name="Acquire Slave" library="ResourcesSyn">
<arguments>
<arg>${SLAVE_LIST}</arg>
</arguments>
<kw name="Acquire Lock" library="pabot.PabotLib">
<doc>Wait for a lock with name.
[https://pabot.org/PabotLib.html?ref=log#acquire-lock|Open online docs.]</doc>
<arguments>
<arg>'SlaveLock'</arg>
</arguments>
<status status="PASS" starttime="20190924 17:13:35.710" endtime="20190924 17:13:35.716"></status>
</kw>
<kw name="Get Parallel Value For Key" library="pabot.PabotLib">
<doc>Get the value for a key. If there is no value for the key then empty
string is returned.
[https://pabot.org/PabotLib.html?ref=log#get-parallel-value-for-key|Open online docs.]</doc>
<arguments>
<arg>'avialable_salves'</arg>
</arguments>
<assign>
<var>${avialable}</var>
</assign>
<msg timestamp="20190924 17:13:35.725" level="INFO">${avialable} = [{'type': 'api', 'ip': '192.168.100.3', 'health': '1'}, {'type': 'ui', 'ip': '192.168.100.4', 'health': '1'}, [{'type': 'ui', 'ip': '192.168.100.3', 'health': '1'}, {'type': 'api', 'ip': '192.168.100....</msg>
<status status="PASS" starttime="20190924 17:13:35.717" endtime="20190924 17:13:35.725"></status>
</kw>
<kw name="Log" library="BuiltIn">
<doc>Logs the given message with the given level.</doc>
<arguments>
<arg>${avialable}</arg>
</arguments>
<msg timestamp="20190924 17:13:35.727" level="INFO">[{'type': 'api', 'ip': '192.168.100.3', 'health': '1'}, {'type': 'ui', 'ip': '192.168.100.4', 'health': '1'}, [{'type': 'ui', 'ip': '192.168.100.3', 'health': '1'}, {'type': 'api', 'ip': '192.168.100.2', 'health': '1'}]]</msg>
<msg timestamp="20190924 17:13:35.728" level="INFO">#############in log_message
{'timestamp': '20190924 17:13:35.727', 'message': "[{'type': 'api', 'ip': '192.168.100.3', 'health': '1'}, {'type': 'ui', 'ip': '192.168.100.4', 'health': '1'}, [{'type': 'ui', 'ip': '192.168.100.3', 'health': '1'}, {'type': 'api', 'ip': '192.168.100.2', 'health': '1'}]]", 'level': 'INFO', 'html': 'no'}
xxxxxxxxxxxxxxxx</msg>
<status status="PASS" starttime="20190924 17:13:35.726" endtime="20190924 17:13:35.728"></status>
</kw>
<kw name="Search Slave" library="ResourcesSyn">
<arguments>
<arg>${typelist}</arg>
<arg>${avialable}</arg>
</arguments>
<assign>
<var>${result}</var>
</assign>
<msg timestamp="20190924 17:13:35.730" level="INFO">['ui', 'ui']
[{'type': 'api', 'ip': '192.168.100.3', 'health': '1'}, {'type': 'ui', 'ip': '192.168.100.4', 'health': '1'}, [{'type': 'ui', 'ip': '192.168.100.3', 'health': '1'}, {'type': 'api', 'ip': '192.168.100.2', 'health': '1'}]]
111111111
ui
api
111111111
ui
ui
111111111
ui
api
111111111
ui</msg>
<msg timestamp="20190924 17:13:35.732" level="FAIL">TypeError: list indices must be integers or slices, not str</msg>
<status status="FAIL" starttime="20190924 17:13:35.729" endtime="20190924 17:13:35.732"></status>
</kw>
<status status="FAIL" starttime="20190924 17:13:35.708" endtime="20190924 17:13:35.733"></status>
</kw>
<kw name="Acquire Slave" library="ResourcesSyn">
<arguments>
<arg>${SLAVE_LIST}</arg>
</arguments>
<kw name="Acquire Lock" library="pabot.PabotLib">
<doc>Wait for a lock with name.
[https://pabot.org/PabotLib.html?ref=log#acquire-lock|Open online docs.]</doc>
<arguments>
<arg>'SlaveLock'</arg>
</arguments>
<status status="PASS" starttime="20190924 17:13:40.735" endtime="20190924 17:13:40.739"></status>
</kw>
<kw name="Get Parallel Value For Key" library="pabot.PabotLib">
<doc>Get the value for a key. If there is no value for the key then empty
string is returned.
[https://pabot.org/PabotLib.html?ref=log#get-parallel-value-for-key|Open online docs.]</doc>
<arguments>
<arg>'avialable_salves'</arg>
</arguments>
<assign>
<var>${avialable}</var>
</assign>
<msg timestamp="20190924 17:13:40.744" level="INFO">${avialable} = [{'type': 'api', 'ip': '192.168.100.3', 'health': '1'}, {'type': 'ui', 'ip': '192.168.100.4', 'health': '1'}, [{'type': 'ui', 'ip': '192.168.100.3', 'health': '1'}, {'type': 'api', 'ip': '192.168.100....</msg>
<status status="PASS" starttime="20190924 17:13:40.739" endtime="20190924 17:13:40.744"></status>
</kw>
<kw name="Log" library="BuiltIn">
<doc>Logs the given message with the given level.</doc>
<arguments>
<arg>${avialable}</arg>
</arguments>
<msg timestamp="20190924 17:13:40.745" level="INFO">[{'type': 'api', 'ip': '192.168.100.3', 'health': '1'}, {'type': 'ui', 'ip': '192.168.100.4', 'health': '1'}, [{'type': 'ui', 'ip': '192.168.100.3', 'health': '1'}, {'type': 'api', 'ip': '192.168.100.2', 'health': '1'}]]</msg>
<msg timestamp="20190924 17:13:40.746" level="INFO">#############in log_message
{'timestamp': '20190924 17:13:40.745', 'message': "[{'type': 'api', 'ip': '192.168.100.3', 'health': '1'}, {'type': 'ui', 'ip': '192.168.100.4', 'health': '1'}, [{'type': 'ui', 'ip': '192.168.100.3', 'health': '1'}, {'type': 'api', 'ip': '192.168.100.2', 'health': '1'}]]", 'level': 'INFO', 'html': 'no'}
xxxxxxxxxxxxxxxx</msg>
<status status="PASS" starttime="20190924 17:13:40.745" endtime="20190924 17:13:40.746"></status>
</kw>
<kw name="Search Slave" library="ResourcesSyn">
<arguments>
<arg>${typelist}</arg>
<arg>${avialable}</arg>
</arguments>
<assign>
<var>${result}</var>
</assign>
<msg timestamp="20190924 17:13:40.747" level="INFO">['ui', 'ui']
[{'type': 'api', 'ip': '192.168.100.3', 'health': '1'}, {'type': 'ui', 'ip': '192.168.100.4', 'health': '1'}, [{'type': 'ui', 'ip': '192.168.100.3', 'health': '1'}, {'type': 'api', 'ip': '192.168.100.2', 'health': '1'}]]
111111111
ui
api
111111111
ui
ui
111111111
ui
api
111111111
ui</msg>
<msg timestamp="20190924 17:13:40.748" level="FAIL">TypeError: list indices must be integers or slices, not str</msg>
<status status="FAIL" starttime="20190924 17:13:40.746" endtime="20190924 17:13:40.748"></status>
</kw>
<status status="FAIL" starttime="20190924 17:13:40.734" endtime="20190924 17:13:40.749"></status>
</kw>
<kw name="Acquire Slave" library="ResourcesSyn">
<arguments>
<arg>${SLAVE_LIST}</arg>
</arguments>
<kw name="Acquire Lock" library="pabot.PabotLib">
<doc>Wait for a lock with name.
[https://pabot.org/PabotLib.html?ref=log#acquire-lock|Open online docs.]</doc>
<arguments>
<arg>'SlaveLock'</arg>
</arguments>
<status status="PASS" starttime="20190924 17:13:45.751" endtime="20190924 17:13:45.757"></status>
</kw>
<kw name="Get Parallel Value For Key" library="pabot.PabotLib">
<doc>Get the value for a key. If there is no value for the key then empty
string is returned.
[https://pabot.org/PabotLib.html?ref=log#get-parallel-value-for-key|Open online docs.]</doc>
<arguments>
<arg>'avialable_salves'</arg>
</arguments>
<assign>
<var>${avialable}</var>
</assign>
<msg timestamp="20190924 17:13:45.766" level="INFO">${avialable} = [{'type': 'api', 'ip': '192.168.100.3', 'health': '1'}, {'type': 'ui', 'ip': '192.168.100.4', 'health': '1'}, [{'type': 'ui', 'ip': '192.168.100.3', 'health': '1'}, {'type': 'api', 'ip': '192.168.100....</msg>
<status status="PASS" starttime="20190924 17:13:45.758" endtime="20190924 17:13:45.766"></status>
</kw>
<kw name="Log" library="BuiltIn">
<doc>Logs the given message with the given level.</doc>
<arguments>
<arg>${avialable}</arg>
</arguments>
<msg timestamp="20190924 17:13:45.769" level="INFO">[{'type': 'api', 'ip': '192.168.100.3', 'health': '1'}, {'type': 'ui', 'ip': '192.168.100.4', 'health': '1'}, [{'type': 'ui', 'ip': '192.168.100.3', 'health': '1'}, {'type': 'api', 'ip': '192.168.100.2', 'health': '1'}]]</msg>
<msg timestamp="20190924 17:13:45.769" level="INFO">#############in log_message
{'timestamp': '20190924 17:13:45.769', 'message': "[{'type': 'api', 'ip': '192.168.100.3', 'health': '1'}, {'type': 'ui', 'ip': '192.168.100.4', 'health': '1'}, [{'type': 'ui', 'ip': '192.168.100.3', 'health': '1'}, {'type': 'api', 'ip': '192.168.100.2', 'health': '1'}]]", 'level': 'INFO', 'html': 'no'}
xxxxxxxxxxxxxxxx</msg>
<status status="PASS" starttime="20190924 17:13:45.768" endtime="20190924 17:13:45.770"></status>
</kw>
<kw name="Search Slave" library="ResourcesSyn">
<arguments>
<arg>${typelist}</arg>
<arg>${avialable}</arg>
</arguments>
<assign>
<var>${result}</var>
</assign>
<msg timestamp="20190924 17:13:45.772" level="INFO">['ui', 'ui']
[{'type': 'api', 'ip': '192.168.100.3', 'health': '1'}, {'type': 'ui', 'ip': '192.168.100.4', 'health': '1'}, [{'type': 'ui', 'ip': '192.168.100.3', 'health': '1'}, {'type': 'api', 'ip': '192.168.100.2', 'health': '1'}]]
111111111
ui
api
111111111
ui
ui
111111111
ui
api
111111111
ui</msg>
<msg timestamp="20190924 17:13:45.773" level="FAIL">TypeError: list indices must be integers or slices, not str</msg>
<status status="FAIL" starttime="20190924 17:13:45.771" endtime="20190924 17:13:45.773"></status>
</kw>
<status status="FAIL" starttime="20190924 17:13:45.749" endtime="20190924 17:13:45.774"></status>
</kw>
<kw name="Acquire Slave" library="ResourcesSyn">
<arguments>
<arg>${SLAVE_LIST}</arg>
</arguments>
<kw name="Acquire Lock" library="pabot.PabotLib">
<doc>Wait for a lock with name.
[https://pabot.org/PabotLib.html?ref=log#acquire-lock|Open online docs.]</doc>
<arguments>
<arg>'SlaveLock'</arg>
</arguments>
<status status="PASS" starttime="20190924 17:13:50.777" endtime="20190924 17:13:50.783"></status>
</kw>
<kw name="Get Parallel Value For Key" library="pabot.PabotLib">
<doc>Get the value for a key. If there is no value for the key then empty
string is returned.
[https://pabot.org/PabotLib.html?ref=log#get-parallel-value-for-key|Open online docs.]</doc>
<arguments>
<arg>'avialable_salves'</arg>
</arguments>
<assign>
<var>${avialable}</var>
</assign>
<msg timestamp="20190924 17:13:50.793" level="INFO">${avialable} = [{'type': 'api', 'ip': '192.168.100.3', 'health': '1'}, {'type': 'ui', 'ip': '192.168.100.4', 'health': '1'}, [{'type': 'ui', 'ip': '192.168.100.3', 'health': '1'}, {'type': 'api', 'ip': '192.168.100....</msg>
<status status="PASS" starttime="20190924 17:13:50.784" endtime="20190924 17:13:50.793"></status>
</kw>
<kw name="Log" library="BuiltIn">
<doc>Logs the given message with the given level.</doc>
<arguments>
<arg>${avialable}</arg>
</arguments>
<msg timestamp="20190924 17:13:50.795" level="INFO">[{'type': 'api', 'ip': '192.168.100.3', 'health': '1'}, {'type': 'ui', 'ip': '192.168.100.4', 'health': '1'}, [{'type': 'ui', 'ip': '192.168.100.3', 'health': '1'}, {'type': 'api', 'ip': '192.168.100.2', 'health': '1'}]]</msg>
<msg timestamp="20190924 17:13:50.796" level="INFO">#############in log_message
{'timestamp': '20190924 17:13:50.795', 'message': "[{'type': 'api', 'ip': '192.168.100.3', 'health': '1'}, {'type': 'ui', 'ip': '192.168.100.4', 'health': '1'}, [{'type': 'ui', 'ip': '192.168.100.3', 'health': '1'}, {'type': 'api', 'ip': '192.168.100.2', 'health': '1'}]]", 'level': 'INFO', 'html': 'no'}
xxxxxxxxxxxxxxxx</msg>
<status status="PASS" starttime="20190924 17:13:50.794" endtime="20190924 17:13:50.796"></status>
</kw>
<kw name="Search Slave" library="ResourcesSyn">
<arguments>
<arg>${typelist}</arg>
<arg>${avialable}</arg>
</arguments>
<assign>
<var>${result}</var>
</assign>
<msg timestamp="20190924 17:13:50.799" level="INFO">['ui', 'ui']
[{'type': 'api', 'ip': '192.168.100.3', 'health': '1'}, {'type': 'ui', 'ip': '192.168.100.4', 'health': '1'}, [{'type': 'ui', 'ip': '192.168.100.3', 'health': '1'}, {'type': 'api', 'ip': '192.168.100.2', 'health': '1'}]]
111111111
ui
api
111111111
ui
ui
111111111
ui
api
111111111
ui</msg>
<msg timestamp="20190924 17:13:50.800" level="FAIL">TypeError: list indices must be integers or slices, not str</msg>
<status status="FAIL" starttime="20190924 17:13:50.797" endtime="20190924 17:13:50.801"></status>
</kw>
<status status="FAIL" starttime="20190924 17:13:50.775" endtime="20190924 17:13:50.802"></status>
</kw>
<kw name="Acquire Slave" library="ResourcesSyn">
<arguments>
<arg>${SLAVE_LIST}</arg>
</arguments>
<kw name="Acquire Lock" library="pabot.PabotLib">
<doc>Wait for a lock with name.
[https://pabot.org/PabotLib.html?ref=log#acquire-lock|Open online docs.]</doc>
<arguments>
<arg>'SlaveLock'</arg>
</arguments>
<status status="PASS" starttime="20190924 17:13:55.805" endtime="20190924 17:13:55.811"></status>
</kw>
<kw name="Get Parallel Value For Key" library="pabot.PabotLib">
<doc>Get the value for a key. If there is no value for the key then empty
string is returned.
[https://pabot.org/PabotLib.html?ref=log#get-parallel-value-for-key|Open online docs.]</doc>
<arguments>
<arg>'avialable_salves'</arg>
</arguments>
<assign>
<var>${avialable}</var>
</assign>
<msg timestamp="20190924 17:13:55.820" level="INFO">${avialable} = [{'type': 'api', 'ip': '192.168.100.3', 'health': '1'}, {'type': 'ui', 'ip': '192.168.100.4', 'health': '1'}, [{'type': 'ui', 'ip': '192.168.100.3', 'health': '1'}, {'type': 'api', 'ip': '192.168.100....</msg>
<status status="PASS" starttime="20190924 17:13:55.812" endtime="20190924 17:13:55.820"></status>
</kw>
<kw name="Log" library="BuiltIn">
<doc>Logs the given message with the given level.</doc>
<arguments>
<arg>${avialable}</arg>
</arguments>
<msg timestamp="20190924 17:13:55.823" level="INFO">[{'type': 'api', 'ip': '192.168.100.3', 'health': '1'}, {'type': 'ui', 'ip': '192.168.100.4', 'health': '1'}, [{'type': 'ui', 'ip': '192.168.100.3', 'health': '1'}, {'type': 'api', 'ip': '192.168.100.2', 'health': '1'}]]</msg>
<msg timestamp="20190924 17:13:55.823" level="INFO">#############in log_message
{'timestamp': '20190924 17:13:55.823', 'message': "[{'type': 'api', 'ip': '192.168.100.3', 'health': '1'}, {'type': 'ui', 'ip': '192.168.100.4', 'health': '1'}, [{'type': 'ui', 'ip': '192.168.100.3', 'health': '1'}, {'type': 'api', 'ip': '192.168.100.2', 'health': '1'}]]", 'level': 'INFO', 'html': 'no'}
xxxxxxxxxxxxxxxx</msg>
<status status="PASS" starttime="20190924 17:13:55.821" endtime="20190924 17:13:55.824"></status>
</kw>
<kw name="Search Slave" library="ResourcesSyn">
<arguments>
<arg>${typelist}</arg>
<arg>${avialable}</arg>
</arguments>
<assign>
<var>${result}</var>
</assign>
<msg timestamp="20190924 17:13:55.827" level="INFO">['ui', 'ui']
[{'type': 'api', 'ip': '192.168.100.3', 'health': '1'}, {'type': 'ui', 'ip': '192.168.100.4', 'health': '1'}, [{'type': 'ui', 'ip': '192.168.100.3', 'health': '1'}, {'type': 'api', 'ip': '192.168.100.2', 'health': '1'}]]
111111111
ui
api
111111111
ui
ui
111111111
ui
api
111111111
ui</msg>
<msg timestamp="20190924 17:13:55.828" level="FAIL">TypeError: list indices must be integers or slices, not str</msg>
<status status="FAIL" starttime="20190924 17:13:55.825" endtime="20190924 17:13:55.829"></status>
</kw>
<status status="FAIL" starttime="20190924 17:13:55.803" endtime="20190924 17:13:55.830"></status>
</kw>
<kw name="Acquire Slave" library="ResourcesSyn">
<arguments>
<arg>${SLAVE_LIST}</arg>
</arguments>
<kw name="Acquire Lock" library="pabot.PabotLib">
<doc>Wait for a lock with name.
[https://pabot.org/PabotLib.html?ref=log#acquire-lock|Open online docs.]</doc>
<arguments>
<arg>'SlaveLock'</arg>
</arguments>
<status status="PASS" starttime="20190924 17:14:00.832" endtime="20190924 17:14:00.838"></status>
</kw>
<kw name="Get Parallel Value For Key" library="pabot.PabotLib">
<doc>Get the value for a key. If there is no value for the key then empty
string is returned.
[https://pabot.org/PabotLib.html?ref=log#get-parallel-value-for-key|Open online docs.]</doc>
<arguments>
<arg>'avialable_salves'</arg>
</arguments>
<assign>
<var>${avialable}</var>
</assign>
<msg timestamp="20190924 17:14:00.847" level="INFO">${avialable} = [{'type': 'api', 'ip': '192.168.100.3', 'health': '1'}, {'type': 'ui', 'ip': '192.168.100.4', 'health': '1'}, [{'type': 'ui', 'ip': '192.168.100.3', 'health': '1'}, {'type': 'api', 'ip': '192.168.100....</msg>
<status status="PASS" starttime="20190924 17:14:00.839" endtime="20190924 17:14:00.847"></status>
</kw>
<kw name="Log" library="BuiltIn">
<doc>Logs the given message with the given level.</doc>
<arguments>
<arg>${avialable}</arg>
</arguments>
<msg timestamp="20190924 17:14:00.849" level="INFO">[{'type': 'api', 'ip': '192.168.100.3', 'health': '1'}, {'type': 'ui', 'ip': '192.168.100.4', 'health': '1'}, [{'type': 'ui', 'ip': '192.168.100.3', 'health': '1'}, {'type': 'api', 'ip': '192.168.100.2', 'health': '1'}]]</msg>
<msg timestamp="20190924 17:14:00.850" level="INFO">#############in log_message
{'timestamp': '20190924 17:14:00.849', 'message': "[{'type': 'api', 'ip': '192.168.100.3', 'health': '1'}, {'type': 'ui', 'ip': '192.168.100.4', 'health': '1'}, [{'type': 'ui', 'ip': '192.168.100.3', 'health': '1'}, {'type': 'api', 'ip': '192.168.100.2', 'health': '1'}]]", 'level': 'INFO', 'html': 'no'}
xxxxxxxxxxxxxxxx</msg>
<status status="PASS" starttime="20190924 17:14:00.848" endtime="20190924 17:14:00.850"></status>
</kw>
<kw name="Search Slave" library="ResourcesSyn">
<arguments>
<arg>${typelist}</arg>
<arg>${avialable}</arg>
</arguments>
<assign>
<var>${result}</var>
</assign>
<msg timestamp="20190924 17:14:00.853" level="INFO">['ui', 'ui']
[{'type': 'api', 'ip': '192.168.100.3', 'health': '1'}, {'type': 'ui', 'ip': '192.168.100.4', 'health': '1'}, [{'type': 'ui', 'ip': '192.168.100.3', 'health': '1'}, {'type': 'api', 'ip': '192.168.100.2', 'health': '1'}]]
111111111
ui
api
111111111
ui
ui
111111111
ui
api
111111111
ui</msg>
<msg timestamp="20190924 17:14:00.854" level="FAIL">TypeError: list indices must be integers or slices, not str</msg>
<status status="FAIL" starttime="20190924 17:14:00.851" endtime="20190924 17:14:00.854"></status>
</kw>
<status status="FAIL" starttime="20190924 17:14:00.830" endtime="20190924 17:14:00.855"></status>
</kw>
<kw name="Acquire Slave" library="ResourcesSyn">
<arguments>
<arg>${SLAVE_LIST}</arg>
</arguments>
<kw name="Acquire Lock" library="pabot.PabotLib">
<doc>Wait for a lock with name.
[https://pabot.org/PabotLib.html?ref=log#acquire-lock|Open online docs.]</doc>
<arguments>
<arg>'SlaveLock'</arg>
</arguments>
<status status="PASS" starttime="20190924 17:14:05.858" endtime="20190924 17:14:05.864"></status>
</kw>
<kw name="Get Parallel Value For Key" library="pabot.PabotLib">
<doc>Get the value for a key. If there is no value for the key then empty
string is returned.
[https://pabot.org/PabotLib.html?ref=log#get-parallel-value-for-key|Open online docs.]</doc>
<arguments>
<arg>'avialable_salves'</arg>
</arguments>
<assign>
<var>${avialable}</var>
</assign>
<msg timestamp="20190924 17:14:05.873" level="INFO">${avialable} = [{'type': 'api', 'ip': '192.168.100.3', 'health': '1'}, {'type': 'ui', 'ip': '192.168.100.4', 'health': '1'}, [{'type': 'ui', 'ip': '192.168.100.3', 'health': '1'}, {'type': 'api', 'ip': '192.168.100....</msg>
<status status="PASS" starttime="20190924 17:14:05.865" endtime="20190924 17:14:05.874"></status>
</kw>
<kw name="Log" library="BuiltIn">
<doc>Logs the given message with the given level.</doc>
<arguments>
<arg>${avialable}</arg>
</arguments>
<msg timestamp="20190924 17:14:05.876" level="INFO">[{'type': 'api', 'ip': '192.168.100.3', 'health': '1'}, {'type': 'ui', 'ip': '192.168.100.4', 'health': '1'}, [{'type': 'ui', 'ip': '192.168.100.3', 'health': '1'}, {'type': 'api', 'ip': '192.168.100.2', 'health': '1'}]]</msg>
<msg timestamp="20190924 17:14:05.877" level="INFO">#############in log_message
{'timestamp': '20190924 17:14:05.876', 'message': "[{'type': 'api', 'ip': '192.168.100.3', 'health': '1'}, {'type': 'ui', 'ip': '192.168.100.4', 'health': '1'}, [{'type': 'ui', 'ip': '192.168.100.3', 'health': '1'}, {'type': 'api', 'ip': '192.168.100.2', 'health': '1'}]]", 'level': 'INFO', 'html': 'no'}
xxxxxxxxxxxxxxxx</msg>
<status status="PASS" starttime="20190924 17:14:05.875" endtime="20190924 17:14:05.877"></status>
</kw>
<kw name="Search Slave" library="ResourcesSyn">
<arguments>
<arg>${typelist}</arg>
<arg>${avialable}</arg>
</arguments>
<assign>
<var>${result}</var>
</assign>
<msg timestamp="20190924 17:14:05.880" level="INFO">['ui', 'ui']
[{'type': 'api', 'ip': '192.168.100.3', 'health': '1'}, {'type': 'ui', 'ip': '192.168.100.4', 'health': '1'}, [{'type': 'ui', 'ip': '192.168.100.3', 'health': '1'}, {'type': 'api', 'ip': '192.168.100.2', 'health': '1'}]]
111111111
ui
api
111111111
ui
ui
111111111
ui
api
111111111
ui</msg>
<msg timestamp="20190924 17:14:05.881" level="FAIL">TypeError: list indices must be integers or slices, not str</msg>
<status status="FAIL" starttime="20190924 17:14:05.878" endtime="20190924 17:14:05.881"></status>
</kw>
<status status="FAIL" starttime="20190924 17:14:05.856" endtime="20190924 17:14:05.882"></status>
</kw>
<kw name="Acquire Slave" library="ResourcesSyn">
<arguments>
<arg>${SLAVE_LIST}</arg>
</arguments>
<kw name="Acquire Lock" library="pabot.PabotLib">
<doc>Wait for a lock with name.
[https://pabot.org/PabotLib.html?ref=log#acquire-lock|Open online docs.]</doc>
<arguments>
<arg>'SlaveLock'</arg>
</arguments>
<status status="PASS" starttime="20190924 17:14:10.886" endtime="20190924 17:14:10.892"></status>
</kw>
<kw name="Get Parallel Value For Key" library="pabot.PabotLib">
<doc>Get the value for a key. If there is no value for the key then empty
string is returned.
[https://pabot.org/PabotLib.html?ref=log#get-parallel-value-for-key|Open online docs.]</doc>
<arguments>
<arg>'avialable_salves'</arg>
</arguments>
<assign>
<var>${avialable}</var>
</assign>
<msg timestamp="20190924 17:14:10.902" level="INFO">${avialable} = [{'type': 'api', 'ip': '192.168.100.3', 'health': '1'}, {'type': 'ui', 'ip': '192.168.100.4', 'health': '1'}, [{'type': 'ui', 'ip': '192.168.100.3', 'health': '1'}, {'type': 'api', 'ip': '192.168.100....</msg>
<status status="PASS" starttime="20190924 17:14:10.893" endtime="20190924 17:14:10.902"></status>
</kw>
<kw name="Log" library="BuiltIn">
<doc>Logs the given message with the given level.</doc>
<arguments>
<arg>${avialable}</arg>
</arguments>
<msg timestamp="20190924 17:14:10.905" level="INFO">[{'type': 'api', 'ip': '192.168.100.3', 'health': '1'}, {'type': 'ui', 'ip': '192.168.100.4', 'health': '1'}, [{'type': 'ui', 'ip': '192.168.100.3', 'health': '1'}, {'type': 'api', 'ip': '192.168.100.2', 'health': '1'}]]</msg>
<msg timestamp="20190924 17:14:10.905" level="INFO">#############in log_message
{'timestamp': '20190924 17:14:10.905', 'message': "[{'type': 'api', 'ip': '192.168.100.3', 'health': '1'}, {'type': 'ui', 'ip': '192.168.100.4', 'health': '1'}, [{'type': 'ui', 'ip': '192.168.100.3', 'health': '1'}, {'type': 'api', 'ip': '192.168.100.2', 'health': '1'}]]", 'level': 'INFO', 'html': 'no'}
xxxxxxxxxxxxxxxx</msg>
<status status="PASS" starttime="20190924 17:14:10.903" endtime="20190924 17:14:10.905"></status>
</kw>
<kw name="Search Slave" library="ResourcesSyn">
<arguments>
<arg>${typelist}</arg>
<arg>${avialable}</arg>
</arguments>
<assign>
<var>${result}</var>
</assign>
<msg timestamp="20190924 17:14:10.908" level="INFO">['ui', 'ui']
[{'type': 'api', 'ip': '192.168.100.3', 'health': '1'}, {'type': 'ui', 'ip': '192.168.100.4', 'health': '1'}, [{'type': 'ui', 'ip': '192.168.100.3', 'health': '1'}, {'type': 'api', 'ip': '192.168.100.2', 'health': '1'}]]
111111111
ui
api
111111111
ui
ui
111111111
ui
api
111111111
ui</msg>
<msg timestamp="20190924 17:14:10.909" level="FAIL">TypeError: list indices must be integers or slices, not str</msg>
<status status="FAIL" starttime="20190924 17:14:10.906" endtime="20190924 17:14:10.910"></status>
</kw>
<status status="FAIL" starttime="20190924 17:14:10.884" endtime="20190924 17:14:10.911"></status>
</kw>
<msg timestamp="20190924 17:14:10.912" level="FAIL">Keyword 'Acquire Slave' failed after retrying for 2 minutes. The last error was: TypeError: list indices must be integers or slices, not str</msg>
<status status="FAIL" starttime="20190924 17:12:10.278" endtime="20190924 17:14:10.912"></status>
</kw>
<status status="FAIL" starttime="20190924 17:12:10.130" endtime="20190924 17:14:10.913"></status>
</kw>
<test id="s1-s1-s1-t1" name="Test_001">
<tags>
<tag>para-test</tag>
<tag>test-tag1</tag>
<tag>test-tag2</tag>
</tags>
<timeout value="10 seconds"></timeout>
<status status="FAIL" starttime="20190924 17:14:10.913" endtime="20190924 17:14:10.914" critical="yes">Parent suite setup failed:
Keyword 'Acquire Slave' failed after retrying for 2 minutes. The last error was: TypeError: list indices must be integers or slices, not str</status>
</test>
<kw name="Ui Suite Teardown" library="autotest" type="teardown">
<kw name="Release Slave" library="ResourcesSyn">
<kw name="Get Parallel Value For Key" library="pabot.PabotLib">
<doc>Get the value for a key. If there is no value for the key then empty
string is returned.
[https://pabot.org/PabotLib.html?ref=log#get-parallel-value-for-key|Open online docs.]</doc>
<arguments>
<arg>'avialable_salves'</arg>
</arguments>
<assign>
<var>${avialable}</var>
</assign>
<msg timestamp="20190924 17:14:10.923" level="INFO">${avialable} = [{'type': 'api', 'ip': '192.168.100.3', 'health': '1'}, {'type': 'ui', 'ip': '192.168.100.4', 'health': '1'}, [{'type': 'ui', 'ip': '192.168.100.3', 'health': '1'}, {'type': 'api', 'ip': '192.168.100....</msg>
<status status="PASS" starttime="20190924 17:14:10.918" endtime="20190924 17:14:10.923"></status>
</kw>
<kw name="${slave} IN [ ${suite_salves} ]" type="for">
<msg timestamp="20190924 17:14:10.925" level="FAIL">Variable '${suite_salves}' not found.</msg>
<status status="FAIL" starttime="20190924 17:14:10.923" endtime="20190924 17:14:10.925"></status>
</kw>
<kw name="Set Parallel Value For Key" library="pabot.PabotLib">
<doc>Set a globally available key and value that can be accessed
from all the pabot processes.
[https://pabot.org/PabotLib.html?ref=log#set-parallel-value-for-key|Open online docs.]</doc>
<arguments>
<arg>'avialable_salves'</arg>
<arg>${avialable}</arg>
</arguments>
<status status="PASS" starttime="20190924 17:14:10.925" endtime="20190924 17:14:10.930"></status>
</kw>
<kw name="Log" library="BuiltIn">
<doc>Logs the given message with the given level.</doc>
<arguments>
<arg>${avialable}</arg>
</arguments>
<msg timestamp="20190924 17:14:10.931" level="INFO">[{'type': 'api', 'ip': '192.168.100.3', 'health': '1'}, {'type': 'ui', 'ip': '192.168.100.4', 'health': '1'}, [{'type': 'ui', 'ip': '192.168.100.3', 'health': '1'}, {'type': 'api', 'ip': '192.168.100.2', 'health': '1'}]]</msg>
<msg timestamp="20190924 17:14:10.931" level="INFO">#############in log_message
{'timestamp': '20190924 17:14:10.931', 'message': "[{'type': 'api', 'ip': '192.168.100.3', 'health': '1'}, {'type': 'ui', 'ip': '192.168.100.4', 'health': '1'}, [{'type': 'ui', 'ip': '192.168.100.3', 'health': '1'}, {'type': 'api', 'ip': '192.168.100.2', 'health': '1'}]]", 'level': 'INFO', 'html': 'no'}
xxxxxxxxxxxxxxxx</msg>
<status status="PASS" starttime="20190924 17:14:10.930" endtime="20190924 17:14:10.931"></status>
</kw>
<status status="FAIL" starttime="20190924 17:14:10.918" endtime="20190924 17:14:10.931"></status>
</kw>
<status status="FAIL" starttime="20190924 17:14:10.917" endtime="20190924 17:14:10.932">Variable '${suite_salves}' not found.</status>
</kw>
<status status="FAIL" starttime="20190924 17:12:09.187" endtime="20190924 17:14:10.932">Suite setup failed:
Keyword 'Acquire Slave' failed after retrying for 2 minutes. The last error was: TypeError: list indices must be integers or slices, not str

Also suite teardown failed:
Variable '${suite_salves}' not found.</status>
</suite>
<status status="FAIL" starttime="20190924 17:12:09.182" endtime="20190924 17:14:10.935"></status>
</suite>
<status status="FAIL" starttime="20190924 17:12:09.134" endtime="20190924 17:14:10.937"></status>
</suite>
<statistics>
<total>
<stat pass="0" fail="1">Critical Tests</stat>
<stat pass="0" fail="1">All Tests</stat>
</total>
<tag>
<stat pass="0" fail="1">para-test</stat>
<stat pass="0" fail="1">test-tag1</stat>
<stat pass="0" fail="1">test-tag2</stat>
</tag>
<suite>
<stat pass="0" fail="1" id="s1" name="robotbase">robotbase</stat>
<stat pass="0" fail="1" id="s1-s1" name="Parallel Test">robotbase.Parallel Test</stat>
<stat pass="0" fail="1" id="s1-s1-s1" name="Suite1">robotbase.Parallel Test.Suite1</stat>
</suite>
</statistics>
<errors>
</errors>
</robot>
