<?xml version="1.0" encoding="UTF-8"?>
<robot generator="Robot 3.1.2 (Python 3.7.4 on win32)" generated="20190927 15:43:09.458" rpa="false">
<suite id="s1" name="robotbase" source="D:\yangjian\project\ui-api-robotframework\uitest_base">
<suite id="s1-s1" name="Parallel Test" source="D:\yangjian\project\ui-api-robotframework\uitest_base\parallel_test">
<suite id="s1-s1-s1" name="Suite111" source="D:\yangjian\project\ui-api-robotframework\uitest_base\parallel_test\suite111.robot">
<kw name="Ui Suite Setup" library="autotest" type="setup">
<kw name="Run Only Once" library="pabot.PabotLib">
<doc>Runs a keyword only once in one of the parallel processes.
[https://pabot.org/PabotLib.html?ref=log#run-only-once|Open online docs.]</doc>
<arguments>
<arg>Init Resource</arg>
</arguments>
<msg timestamp="20190927 15:43:10.299" level="INFO">Skipped in this item</msg>
<msg timestamp="20190927 15:43:10.302" level="INFO">#############in log_message
{'timestamp': '20190927 15:43:10.299', 'message': 'Skipped in this item', 'level': 'INFO', 'html': 'no'}
xxxxxxxxxxxxxxxx</msg>
<status status="PASS" starttime="20190927 15:43:10.284" endtime="20190927 15:43:10.303"></status>
</kw>
<kw name="Log" library="BuiltIn">
<doc>Logs the given message with the given level.</doc>
<arguments>
<arg>${DEVICE_LIST}</arg>
</arguments>
<msg timestamp="20190927 15:43:10.304" level="INFO">['ui', 'ui']</msg>
<msg timestamp="20190927 15:43:10.304" level="INFO">#############in log_message
{'timestamp': '20190927 15:43:10.304', 'message': "['ui', 'ui']", 'level': 'INFO', 'html': 'no'}
xxxxxxxxxxxxxxxx</msg>
<status status="PASS" starttime="20190927 15:43:10.303" endtime="20190927 15:43:10.304"></status>
</kw>
<kw name="Return Randint" library="Compute">
<arguments>
<arg>3</arg>
<arg>10</arg>
</arguments>
<assign>
<var>${interval}</var>
</assign>
<msg timestamp="20190927 15:43:10.305" level="INFO">${interval} = 8</msg>
<status status="PASS" starttime="20190927 15:43:10.304" endtime="20190927 15:43:10.305"></status>
</kw>
<kw name="Wait Until Keyword Succeeds" library="BuiltIn">
<doc>Runs the specified keyword and retries if it fails.</doc>
<arguments>
<arg>2min</arg>
<arg>${interval}s</arg>
<arg>Acquire Device</arg>
</arguments>
<kw name="Acquire Device" library="ResourcesSyn">
<kw name="Acquire Lock" library="pabot.PabotLib">
<doc>Wait for a lock with name.
[https://pabot.org/PabotLib.html?ref=log#acquire-lock|Open online docs.]</doc>
<arguments>
<arg>'DeviceLock'</arg>
</arguments>
<status status="PASS" starttime="20190927 15:43:10.307" endtime="20190927 15:43:10.310"></status>
</kw>
<kw name="Get Parallel Value For Key" library="pabot.PabotLib">
<doc>Get the value for a key. If there is no value for the key then empty
string is returned.
[https://pabot.org/PabotLib.html?ref=log#get-parallel-value-for-key|Open online docs.]</doc>
<arguments>
<arg>'avialable_devices'</arg>
</arguments>
<assign>
<var>${avialable}</var>
</assign>
<msg timestamp="20190927 15:43:10.315" level="INFO">${avialable} = [{'type': 'ui', 'ip': '192.168.100.4', 'health': '1'}, {'type': 'api', 'ip': '192.168.100.1', 'health': '1'}]</msg>
<status status="PASS" starttime="20190927 15:43:10.311" endtime="20190927 15:43:10.315"></status>
</kw>
<kw name="Log" library="BuiltIn">
<doc>Logs the given message with the given level.</doc>
<arguments>
<arg>${avialable}</arg>
</arguments>
<msg timestamp="20190927 15:43:10.316" level="INFO">[{'type': 'ui', 'ip': '192.168.100.4', 'health': '1'}, {'type': 'api', 'ip': '192.168.100.1', 'health': '1'}]</msg>
<msg timestamp="20190927 15:43:10.316" level="INFO">#############in log_message
{'timestamp': '20190927 15:43:10.316', 'message': "[{'type': 'ui', 'ip': '192.168.100.4', 'health': '1'}, {'type': 'api', 'ip': '192.168.100.1', 'health': '1'}]", 'level': 'INFO', 'html': 'no'}
xxxxxxxxxxxxxxxx</msg>
<status status="PASS" starttime="20190927 15:43:10.315" endtime="20190927 15:43:10.316"></status>
</kw>
<kw name="Search Device" library="ResourcesSyn">
<arguments>
<arg>${DEVICE_LIST}</arg>
<arg>${avialable}</arg>
</arguments>
<assign>
<var>${result}</var>
</assign>
<msg timestamp="20190927 15:43:10.318" level="INFO">${result} = False</msg>
<status status="PASS" starttime="20190927 15:43:10.317" endtime="20190927 15:43:10.318"></status>
</kw>
<kw name="Run Keyword If" library="BuiltIn">
<doc>Runs the given keyword with the given arguments, if ``condition`` is true.</doc>
<arguments>
<arg>${result}==${False}</arg>
<arg>Release Lock</arg>
<arg>'DeviceLock'</arg>
</arguments>
<kw name="Release Lock" library="pabot.PabotLib">
<doc>Release a lock with name.
[https://pabot.org/PabotLib.html?ref=log#release-lock|Open online docs.]</doc>
<arguments>
<arg>'DeviceLock'</arg>
</arguments>
<status status="PASS" starttime="20190927 15:43:10.319" endtime="20190927 15:43:10.323"></status>
</kw>
<status status="PASS" starttime="20190927 15:43:10.318" endtime="20190927 15:43:10.323"></status>
</kw>
<kw name="Run Keyword If" library="BuiltIn">
<doc>Runs the given keyword with the given arguments, if ``condition`` is true.</doc>
<arguments>
<arg>${result}==${False}</arg>
<arg>Should Be True</arg>
<arg>${1} == ${0}</arg>
</arguments>
<kw name="Should Be True" library="BuiltIn">
<doc>Fails if the given condition is not true.</doc>
<arguments>
<arg>${1} == ${0}</arg>
</arguments>
<msg timestamp="20190927 15:43:10.325" level="FAIL">'1 == 0' should be true.</msg>
<status status="FAIL" starttime="20190927 15:43:10.324" endtime="20190927 15:43:10.325"></status>
</kw>
<status status="FAIL" starttime="20190927 15:43:10.323" endtime="20190927 15:43:10.325"></status>
</kw>
<status status="FAIL" starttime="20190927 15:43:10.306" endtime="20190927 15:43:10.326"></status>
</kw>
<kw name="Acquire Device" library="ResourcesSyn">
<kw name="Acquire Lock" library="pabot.PabotLib">
<doc>Wait for a lock with name.
[https://pabot.org/PabotLib.html?ref=log#acquire-lock|Open online docs.]</doc>
<arguments>
<arg>'DeviceLock'</arg>
</arguments>
<status status="PASS" starttime="20190927 15:43:18.328" endtime="20190927 15:43:18.334"></status>
</kw>
<kw name="Get Parallel Value For Key" library="pabot.PabotLib">
<doc>Get the value for a key. If there is no value for the key then empty
string is returned.
[https://pabot.org/PabotLib.html?ref=log#get-parallel-value-for-key|Open online docs.]</doc>
<arguments>
<arg>'avialable_devices'</arg>
</arguments>
<assign>
<var>${avialable}</var>
</assign>
<msg timestamp="20190927 15:43:18.342" level="INFO">${avialable} = [{'type': 'ui', 'ip': '192.168.100.3', 'health': '1'}, {'type': 'api', 'ip': '192.168.100.2', 'health': '1'}]</msg>
<status status="PASS" starttime="20190927 15:43:18.335" endtime="20190927 15:43:18.343"></status>
</kw>
<kw name="Log" library="BuiltIn">
<doc>Logs the given message with the given level.</doc>
<arguments>
<arg>${avialable}</arg>
</arguments>
<msg timestamp="20190927 15:43:18.345" level="INFO">[{'type': 'ui', 'ip': '192.168.100.3', 'health': '1'}, {'type': 'api', 'ip': '192.168.100.2', 'health': '1'}]</msg>
<msg timestamp="20190927 15:43:18.345" level="INFO">#############in log_message
{'timestamp': '20190927 15:43:18.345', 'message': "[{'type': 'ui', 'ip': '192.168.100.3', 'health': '1'}, {'type': 'api', 'ip': '192.168.100.2', 'health': '1'}]", 'level': 'INFO', 'html': 'no'}
xxxxxxxxxxxxxxxx</msg>
<status status="PASS" starttime="20190927 15:43:18.344" endtime="20190927 15:43:18.345"></status>
</kw>
<kw name="Search Device" library="ResourcesSyn">
<arguments>
<arg>${DEVICE_LIST}</arg>
<arg>${avialable}</arg>
</arguments>
<assign>
<var>${result}</var>
</assign>
<msg timestamp="20190927 15:43:18.348" level="INFO">${result} = False</msg>
<status status="PASS" starttime="20190927 15:43:18.347" endtime="20190927 15:43:18.349"></status>
</kw>
<kw name="Run Keyword If" library="BuiltIn">
<doc>Runs the given keyword with the given arguments, if ``condition`` is true.</doc>
<arguments>
<arg>${result}==${False}</arg>
<arg>Release Lock</arg>
<arg>'DeviceLock'</arg>
</arguments>
<kw name="Release Lock" library="pabot.PabotLib">
<doc>Release a lock with name.
[https://pabot.org/PabotLib.html?ref=log#release-lock|Open online docs.]</doc>
<arguments>
<arg>'DeviceLock'</arg>
</arguments>
<status status="PASS" starttime="20190927 15:43:18.351" endtime="20190927 15:43:18.357"></status>
</kw>
<status status="PASS" starttime="20190927 15:43:18.350" endtime="20190927 15:43:18.357"></status>
</kw>
<kw name="Run Keyword If" library="BuiltIn">
<doc>Runs the given keyword with the given arguments, if ``condition`` is true.</doc>
<arguments>
<arg>${result}==${False}</arg>
<arg>Should Be True</arg>
<arg>${1} == ${0}</arg>
</arguments>
<kw name="Should Be True" library="BuiltIn">
<doc>Fails if the given condition is not true.</doc>
<arguments>
<arg>${1} == ${0}</arg>
</arguments>
<msg timestamp="20190927 15:43:18.360" level="FAIL">'1 == 0' should be true.</msg>
<status status="FAIL" starttime="20190927 15:43:18.359" endtime="20190927 15:43:18.360"></status>
</kw>
<status status="FAIL" starttime="20190927 15:43:18.358" endtime="20190927 15:43:18.361"></status>
</kw>
<status status="FAIL" starttime="20190927 15:43:18.327" endtime="20190927 15:43:18.361"></status>
</kw>
<kw name="Acquire Device" library="ResourcesSyn">
<kw name="Acquire Lock" library="pabot.PabotLib">
<doc>Wait for a lock with name.
[https://pabot.org/PabotLib.html?ref=log#acquire-lock|Open online docs.]</doc>
<arguments>
<arg>'DeviceLock'</arg>
</arguments>
<status status="PASS" starttime="20190927 15:43:26.362" endtime="20190927 15:43:26.369"></status>
</kw>
<kw name="Get Parallel Value For Key" library="pabot.PabotLib">
<doc>Get the value for a key. If there is no value for the key then empty
string is returned.
[https://pabot.org/PabotLib.html?ref=log#get-parallel-value-for-key|Open online docs.]</doc>
<arguments>
<arg>'avialable_devices'</arg>
</arguments>
<assign>
<var>${avialable}</var>
</assign>
<msg timestamp="20190927 15:43:26.379" level="INFO">${avialable} = [{'type': 'ui', 'ip': '192.168.100.3', 'health': '1'}, {'type': 'api', 'ip': '192.168.100.2', 'health': '1'}]</msg>
<status status="PASS" starttime="20190927 15:43:26.370" endtime="20190927 15:43:26.379"></status>
</kw>
<kw name="Log" library="BuiltIn">
<doc>Logs the given message with the given level.</doc>
<arguments>
<arg>${avialable}</arg>
</arguments>
<msg timestamp="20190927 15:43:26.381" level="INFO">[{'type': 'ui', 'ip': '192.168.100.3', 'health': '1'}, {'type': 'api', 'ip': '192.168.100.2', 'health': '1'}]</msg>
<msg timestamp="20190927 15:43:26.382" level="INFO">#############in log_message
{'timestamp': '20190927 15:43:26.381', 'message': "[{'type': 'ui', 'ip': '192.168.100.3', 'health': '1'}, {'type': 'api', 'ip': '192.168.100.2', 'health': '1'}]", 'level': 'INFO', 'html': 'no'}
xxxxxxxxxxxxxxxx</msg>
<status status="PASS" starttime="20190927 15:43:26.380" endtime="20190927 15:43:26.382"></status>
</kw>
<kw name="Search Device" library="ResourcesSyn">
<arguments>
<arg>${DEVICE_LIST}</arg>
<arg>${avialable}</arg>
</arguments>
<assign>
<var>${result}</var>
</assign>
<msg timestamp="20190927 15:43:26.385" level="INFO">${result} = False</msg>
<status status="PASS" starttime="20190927 15:43:26.383" endtime="20190927 15:43:26.385"></status>
</kw>
<kw name="Run Keyword If" library="BuiltIn">
<doc>Runs the given keyword with the given arguments, if ``condition`` is true.</doc>
<arguments>
<arg>${result}==${False}</arg>
<arg>Release Lock</arg>
<arg>'DeviceLock'</arg>
</arguments>
<kw name="Release Lock" library="pabot.PabotLib">
<doc>Release a lock with name.
[https://pabot.org/PabotLib.html?ref=log#release-lock|Open online docs.]</doc>
<arguments>
<arg>'DeviceLock'</arg>
</arguments>
<status status="PASS" starttime="20190927 15:43:26.388" endtime="20190927 15:43:26.394"></status>
</kw>
<status status="PASS" starttime="20190927 15:43:26.386" endtime="20190927 15:43:26.395"></status>
</kw>
<kw name="Run Keyword If" library="BuiltIn">
<doc>Runs the given keyword with the given arguments, if ``condition`` is true.</doc>
<arguments>
<arg>${result}==${False}</arg>
<arg>Should Be True</arg>
<arg>${1} == ${0}</arg>
</arguments>
<kw name="Should Be True" library="BuiltIn">
<doc>Fails if the given condition is not true.</doc>
<arguments>
<arg>${1} == ${0}</arg>
</arguments>
<msg timestamp="20190927 15:43:26.398" level="FAIL">'1 == 0' should be true.</msg>
<status status="FAIL" starttime="20190927 15:43:26.396" endtime="20190927 15:43:26.398"></status>
</kw>
<status status="FAIL" starttime="20190927 15:43:26.396" endtime="20190927 15:43:26.398"></status>
</kw>
<status status="FAIL" starttime="20190927 15:43:26.361" endtime="20190927 15:43:26.399"></status>
</kw>
<kw name="Acquire Device" library="ResourcesSyn">
<kw name="Acquire Lock" library="pabot.PabotLib">
<doc>Wait for a lock with name.
[https://pabot.org/PabotLib.html?ref=log#acquire-lock|Open online docs.]</doc>
<arguments>
<arg>'DeviceLock'</arg>
</arguments>
<status status="PASS" starttime="20190927 15:43:34.401" endtime="20190927 15:43:34.405"></status>
</kw>
<kw name="Get Parallel Value For Key" library="pabot.PabotLib">
<doc>Get the value for a key. If there is no value for the key then empty
string is returned.
[https://pabot.org/PabotLib.html?ref=log#get-parallel-value-for-key|Open online docs.]</doc>
<arguments>
<arg>'avialable_devices'</arg>
</arguments>
<assign>
<var>${avialable}</var>
</assign>
<msg timestamp="20190927 15:43:34.411" level="INFO">${avialable} = [{'type': 'api', 'ip': '192.168.100.2', 'health': '1'}, {'type': 'api', 'ip': '192.168.100.1', 'health': '1'}]</msg>
<status status="PASS" starttime="20190927 15:43:34.405" endtime="20190927 15:43:34.412"></status>
</kw>
<kw name="Log" library="BuiltIn">
<doc>Logs the given message with the given level.</doc>
<arguments>
<arg>${avialable}</arg>
</arguments>
<msg timestamp="20190927 15:43:34.413" level="INFO">[{'type': 'api', 'ip': '192.168.100.2', 'health': '1'}, {'type': 'api', 'ip': '192.168.100.1', 'health': '1'}]</msg>
<msg timestamp="20190927 15:43:34.413" level="INFO">#############in log_message
{'timestamp': '20190927 15:43:34.413', 'message': "[{'type': 'api', 'ip': '192.168.100.2', 'health': '1'}, {'type': 'api', 'ip': '192.168.100.1', 'health': '1'}]", 'level': 'INFO', 'html': 'no'}
xxxxxxxxxxxxxxxx</msg>
<status status="PASS" starttime="20190927 15:43:34.412" endtime="20190927 15:43:34.413"></status>
</kw>
<kw name="Search Device" library="ResourcesSyn">
<arguments>
<arg>${DEVICE_LIST}</arg>
<arg>${avialable}</arg>
</arguments>
<assign>
<var>${result}</var>
</assign>
<msg timestamp="20190927 15:43:34.414" level="INFO">${result} = False</msg>
<status status="PASS" starttime="20190927 15:43:34.414" endtime="20190927 15:43:34.414"></status>
</kw>
<kw name="Run Keyword If" library="BuiltIn">
<doc>Runs the given keyword with the given arguments, if ``condition`` is true.</doc>
<arguments>
<arg>${result}==${False}</arg>
<arg>Release Lock</arg>
<arg>'DeviceLock'</arg>
</arguments>
<kw name="Release Lock" library="pabot.PabotLib">
<doc>Release a lock with name.
[https://pabot.org/PabotLib.html?ref=log#release-lock|Open online docs.]</doc>
<arguments>
<arg>'DeviceLock'</arg>
</arguments>
<status status="PASS" starttime="20190927 15:43:34.416" endtime="20190927 15:43:34.419"></status>
</kw>
<status status="PASS" starttime="20190927 15:43:34.415" endtime="20190927 15:43:34.420"></status>
</kw>
<kw name="Run Keyword If" library="BuiltIn">
<doc>Runs the given keyword with the given arguments, if ``condition`` is true.</doc>
<arguments>
<arg>${result}==${False}</arg>
<arg>Should Be True</arg>
<arg>${1} == ${0}</arg>
</arguments>
<kw name="Should Be True" library="BuiltIn">
<doc>Fails if the given condition is not true.</doc>
<arguments>
<arg>${1} == ${0}</arg>
</arguments>
<msg timestamp="20190927 15:43:34.422" level="FAIL">'1 == 0' should be true.</msg>
<status status="FAIL" starttime="20190927 15:43:34.421" endtime="20190927 15:43:34.422"></status>
</kw>
<status status="FAIL" starttime="20190927 15:43:34.420" endtime="20190927 15:43:34.423"></status>
</kw>
<status status="FAIL" starttime="20190927 15:43:34.400" endtime="20190927 15:43:34.423"></status>
</kw>
<kw name="Acquire Device" library="ResourcesSyn">
<kw name="Acquire Lock" library="pabot.PabotLib">
<doc>Wait for a lock with name.
[https://pabot.org/PabotLib.html?ref=log#acquire-lock|Open online docs.]</doc>
<arguments>
<arg>'DeviceLock'</arg>
</arguments>
<status status="PASS" starttime="20190927 15:43:42.425" endtime="20190927 15:43:42.430"></status>
</kw>
<kw name="Get Parallel Value For Key" library="pabot.PabotLib">
<doc>Get the value for a key. If there is no value for the key then empty
string is returned.
[https://pabot.org/PabotLib.html?ref=log#get-parallel-value-for-key|Open online docs.]</doc>
<arguments>
<arg>'avialable_devices'</arg>
</arguments>
<assign>
<var>${avialable}</var>
</assign>
<msg timestamp="20190927 15:43:42.445" level="INFO">${avialable} = [{'type': 'api', 'ip': '192.168.100.2', 'health': '1'}, {'type': 'api', 'ip': '192.168.100.1', 'health': '1'}]</msg>
<status status="PASS" starttime="20190927 15:43:42.430" endtime="20190927 15:43:42.445"></status>
</kw>
<kw name="Log" library="BuiltIn">
<doc>Logs the given message with the given level.</doc>
<arguments>
<arg>${avialable}</arg>
</arguments>
<msg timestamp="20190927 15:43:42.446" level="INFO">[{'type': 'api', 'ip': '192.168.100.2', 'health': '1'}, {'type': 'api', 'ip': '192.168.100.1', 'health': '1'}]</msg>
<msg timestamp="20190927 15:43:42.446" level="INFO">#############in log_message
{'timestamp': '20190927 15:43:42.446', 'message': "[{'type': 'api', 'ip': '192.168.100.2', 'health': '1'}, {'type': 'api', 'ip': '192.168.100.1', 'health': '1'}]", 'level': 'INFO', 'html': 'no'}
xxxxxxxxxxxxxxxx</msg>
<status status="PASS" starttime="20190927 15:43:42.445" endtime="20190927 15:43:42.446"></status>
</kw>
<kw name="Search Device" library="ResourcesSyn">
<arguments>
<arg>${DEVICE_LIST}</arg>
<arg>${avialable}</arg>
</arguments>
<assign>
<var>${result}</var>
</assign>
<msg timestamp="20190927 15:43:42.448" level="INFO">${result} = False</msg>
<status status="PASS" starttime="20190927 15:43:42.447" endtime="20190927 15:43:42.448"></status>
</kw>
<kw name="Run Keyword If" library="BuiltIn">
<doc>Runs the given keyword with the given arguments, if ``condition`` is true.</doc>
<arguments>
<arg>${result}==${False}</arg>
<arg>Release Lock</arg>
<arg>'DeviceLock'</arg>
</arguments>
<kw name="Release Lock" library="pabot.PabotLib">
<doc>Release a lock with name.
[https://pabot.org/PabotLib.html?ref=log#release-lock|Open online docs.]</doc>
<arguments>
<arg>'DeviceLock'</arg>
</arguments>
<status status="PASS" starttime="20190927 15:43:42.450" endtime="20190927 15:43:42.454"></status>
</kw>
<status status="PASS" starttime="20190927 15:43:42.449" endtime="20190927 15:43:42.454"></status>
</kw>
<kw name="Run Keyword If" library="BuiltIn">
<doc>Runs the given keyword with the given arguments, if ``condition`` is true.</doc>
<arguments>
<arg>${result}==${False}</arg>
<arg>Should Be True</arg>
<arg>${1} == ${0}</arg>
</arguments>
<kw name="Should Be True" library="BuiltIn">
<doc>Fails if the given condition is not true.</doc>
<arguments>
<arg>${1} == ${0}</arg>
</arguments>
<msg timestamp="20190927 15:43:42.457" level="FAIL">'1 == 0' should be true.</msg>
<status status="FAIL" starttime="20190927 15:43:42.456" endtime="20190927 15:43:42.457"></status>
</kw>
<status status="FAIL" starttime="20190927 15:43:42.455" endtime="20190927 15:43:42.458"></status>
</kw>
<status status="FAIL" starttime="20190927 15:43:42.424" endtime="20190927 15:43:42.458"></status>
</kw>
<kw name="Acquire Device" library="ResourcesSyn">
<kw name="Acquire Lock" library="pabot.PabotLib">
<doc>Wait for a lock with name.
[https://pabot.org/PabotLib.html?ref=log#acquire-lock|Open online docs.]</doc>
<arguments>
<arg>'DeviceLock'</arg>
</arguments>
<status status="PASS" starttime="20190927 15:43:50.460" endtime="20190927 15:43:50.467"></status>
</kw>
<kw name="Get Parallel Value For Key" library="pabot.PabotLib">
<doc>Get the value for a key. If there is no value for the key then empty
string is returned.
[https://pabot.org/PabotLib.html?ref=log#get-parallel-value-for-key|Open online docs.]</doc>
<arguments>
<arg>'avialable_devices'</arg>
</arguments>
<assign>
<var>${avialable}</var>
</assign>
<msg timestamp="20190927 15:43:50.474" level="INFO">${avialable} = [{'type': 'api', 'ip': '192.168.100.1', 'health': '1'}, {'type': 'ui', 'ip': '192.168.100.4', 'health': '1'}]</msg>
<status status="PASS" starttime="20190927 15:43:50.468" endtime="20190927 15:43:50.475"></status>
</kw>
<kw name="Log" library="BuiltIn">
<doc>Logs the given message with the given level.</doc>
<arguments>
<arg>${avialable}</arg>
</arguments>
<msg timestamp="20190927 15:43:50.477" level="INFO">[{'type': 'api', 'ip': '192.168.100.1', 'health': '1'}, {'type': 'ui', 'ip': '192.168.100.4', 'health': '1'}]</msg>
<msg timestamp="20190927 15:43:50.477" level="INFO">#############in log_message
{'timestamp': '20190927 15:43:50.477', 'message': "[{'type': 'api', 'ip': '192.168.100.1', 'health': '1'}, {'type': 'ui', 'ip': '192.168.100.4', 'health': '1'}]", 'level': 'INFO', 'html': 'no'}
xxxxxxxxxxxxxxxx</msg>
<status status="PASS" starttime="20190927 15:43:50.476" endtime="20190927 15:43:50.477"></status>
</kw>
<kw name="Search Device" library="ResourcesSyn">
<arguments>
<arg>${DEVICE_LIST}</arg>
<arg>${avialable}</arg>
</arguments>
<assign>
<var>${result}</var>
</assign>
<msg timestamp="20190927 15:43:50.480" level="INFO">${result} = False</msg>
<status status="PASS" starttime="20190927 15:43:50.478" endtime="20190927 15:43:50.480"></status>
</kw>
<kw name="Run Keyword If" library="BuiltIn">
<doc>Runs the given keyword with the given arguments, if ``condition`` is true.</doc>
<arguments>
<arg>${result}==${False}</arg>
<arg>Release Lock</arg>
<arg>'DeviceLock'</arg>
</arguments>
<kw name="Release Lock" library="pabot.PabotLib">
<doc>Release a lock with name.
[https://pabot.org/PabotLib.html?ref=log#release-lock|Open online docs.]</doc>
<arguments>
<arg>'DeviceLock'</arg>
</arguments>
<status status="PASS" starttime="20190927 15:43:50.483" endtime="20190927 15:43:50.487"></status>
</kw>
<status status="PASS" starttime="20190927 15:43:50.481" endtime="20190927 15:43:50.487"></status>
</kw>
<kw name="Run Keyword If" library="BuiltIn">
<doc>Runs the given keyword with the given arguments, if ``condition`` is true.</doc>
<arguments>
<arg>${result}==${False}</arg>
<arg>Should Be True</arg>
<arg>${1} == ${0}</arg>
</arguments>
<kw name="Should Be True" library="BuiltIn">
<doc>Fails if the given condition is not true.</doc>
<arguments>
<arg>${1} == ${0}</arg>
</arguments>
<msg timestamp="20190927 15:43:50.489" level="FAIL">'1 == 0' should be true.</msg>
<status status="FAIL" starttime="20190927 15:43:50.489" endtime="20190927 15:43:50.490"></status>
</kw>
<status status="FAIL" starttime="20190927 15:43:50.488" endtime="20190927 15:43:50.490"></status>
</kw>
<status status="FAIL" starttime="20190927 15:43:50.459" endtime="20190927 15:43:50.490"></status>
</kw>
<kw name="Acquire Device" library="ResourcesSyn">
<kw name="Acquire Lock" library="pabot.PabotLib">
<doc>Wait for a lock with name.
[https://pabot.org/PabotLib.html?ref=log#acquire-lock|Open online docs.]</doc>
<arguments>
<arg>'DeviceLock'</arg>
</arguments>
<status status="PASS" starttime="20190927 15:43:58.491" endtime="20190927 15:43:58.498"></status>
</kw>
<kw name="Get Parallel Value For Key" library="pabot.PabotLib">
<doc>Get the value for a key. If there is no value for the key then empty
string is returned.
[https://pabot.org/PabotLib.html?ref=log#get-parallel-value-for-key|Open online docs.]</doc>
<arguments>
<arg>'avialable_devices'</arg>
</arguments>
<assign>
<var>${avialable}</var>
</assign>
<msg timestamp="20190927 15:43:58.506" level="INFO">${avialable} = [{'type': 'api', 'ip': '192.168.100.1', 'health': '1'}, {'type': 'ui', 'ip': '192.168.100.4', 'health': '1'}]</msg>
<status status="PASS" starttime="20190927 15:43:58.499" endtime="20190927 15:43:58.507"></status>
</kw>
<kw name="Log" library="BuiltIn">
<doc>Logs the given message with the given level.</doc>
<arguments>
<arg>${avialable}</arg>
</arguments>
<msg timestamp="20190927 15:43:58.509" level="INFO">[{'type': 'api', 'ip': '192.168.100.1', 'health': '1'}, {'type': 'ui', 'ip': '192.168.100.4', 'health': '1'}]</msg>
<msg timestamp="20190927 15:43:58.509" level="INFO">#############in log_message
{'timestamp': '20190927 15:43:58.509', 'message': "[{'type': 'api', 'ip': '192.168.100.1', 'health': '1'}, {'type': 'ui', 'ip': '192.168.100.4', 'health': '1'}]", 'level': 'INFO', 'html': 'no'}
xxxxxxxxxxxxxxxx</msg>
<status status="PASS" starttime="20190927 15:43:58.508" endtime="20190927 15:43:58.510"></status>
</kw>
<kw name="Search Device" library="ResourcesSyn">
<arguments>
<arg>${DEVICE_LIST}</arg>
<arg>${avialable}</arg>
</arguments>
<assign>
<var>${result}</var>
</assign>
<msg timestamp="20190927 15:43:58.512" level="INFO">${result} = False</msg>
<status status="PASS" starttime="20190927 15:43:58.511" endtime="20190927 15:43:58.513"></status>
</kw>
<kw name="Run Keyword If" library="BuiltIn">
<doc>Runs the given keyword with the given arguments, if ``condition`` is true.</doc>
<arguments>
<arg>${result}==${False}</arg>
<arg>Release Lock</arg>
<arg>'DeviceLock'</arg>
</arguments>
<kw name="Release Lock" library="pabot.PabotLib">
<doc>Release a lock with name.
[https://pabot.org/PabotLib.html?ref=log#release-lock|Open online docs.]</doc>
<arguments>
<arg>'DeviceLock'</arg>
</arguments>
<status status="PASS" starttime="20190927 15:43:58.515" endtime="20190927 15:43:58.521"></status>
</kw>
<status status="PASS" starttime="20190927 15:43:58.514" endtime="20190927 15:43:58.522"></status>
</kw>
<kw name="Run Keyword If" library="BuiltIn">
<doc>Runs the given keyword with the given arguments, if ``condition`` is true.</doc>
<arguments>
<arg>${result}==${False}</arg>
<arg>Should Be True</arg>
<arg>${1} == ${0}</arg>
</arguments>
<kw name="Should Be True" library="BuiltIn">
<doc>Fails if the given condition is not true.</doc>
<arguments>
<arg>${1} == ${0}</arg>
</arguments>
<msg timestamp="20190927 15:43:58.525" level="FAIL">'1 == 0' should be true.</msg>
<status status="FAIL" starttime="20190927 15:43:58.525" endtime="20190927 15:43:58.526"></status>
</kw>
<status status="FAIL" starttime="20190927 15:43:58.523" endtime="20190927 15:43:58.526"></status>
</kw>
<status status="FAIL" starttime="20190927 15:43:58.490" endtime="20190927 15:43:58.526"></status>
</kw>
<kw name="Acquire Device" library="ResourcesSyn">
<kw name="Acquire Lock" library="pabot.PabotLib">
<doc>Wait for a lock with name.
[https://pabot.org/PabotLib.html?ref=log#acquire-lock|Open online docs.]</doc>
<arguments>
<arg>'DeviceLock'</arg>
</arguments>
<status status="PASS" starttime="20190927 15:44:06.529" endtime="20190927 15:44:06.536"></status>
</kw>
<kw name="Get Parallel Value For Key" library="pabot.PabotLib">
<doc>Get the value for a key. If there is no value for the key then empty
string is returned.
[https://pabot.org/PabotLib.html?ref=log#get-parallel-value-for-key|Open online docs.]</doc>
<arguments>
<arg>'avialable_devices'</arg>
</arguments>
<assign>
<var>${avialable}</var>
</assign>
<msg timestamp="20190927 15:44:06.544" level="INFO">${avialable} = [{'type': 'ui', 'ip': '192.168.100.3', 'health': '1'}, {'type': 'api', 'ip': '192.168.100.2', 'health': '1'}]</msg>
<status status="PASS" starttime="20190927 15:44:06.537" endtime="20190927 15:44:06.544"></status>
</kw>
<kw name="Log" library="BuiltIn">
<doc>Logs the given message with the given level.</doc>
<arguments>
<arg>${avialable}</arg>
</arguments>
<msg timestamp="20190927 15:44:06.546" level="INFO">[{'type': 'ui', 'ip': '192.168.100.3', 'health': '1'}, {'type': 'api', 'ip': '192.168.100.2', 'health': '1'}]</msg>
<msg timestamp="20190927 15:44:06.546" level="INFO">#############in log_message
{'timestamp': '20190927 15:44:06.546', 'message': "[{'type': 'ui', 'ip': '192.168.100.3', 'health': '1'}, {'type': 'api', 'ip': '192.168.100.2', 'health': '1'}]", 'level': 'INFO', 'html': 'no'}
xxxxxxxxxxxxxxxx</msg>
<status status="PASS" starttime="20190927 15:44:06.545" endtime="20190927 15:44:06.547"></status>
</kw>
<kw name="Search Device" library="ResourcesSyn">
<arguments>
<arg>${DEVICE_LIST}</arg>
<arg>${avialable}</arg>
</arguments>
<assign>
<var>${result}</var>
</assign>
<msg timestamp="20190927 15:44:06.549" level="INFO">${result} = False</msg>
<status status="PASS" starttime="20190927 15:44:06.548" endtime="20190927 15:44:06.550"></status>
</kw>
<kw name="Run Keyword If" library="BuiltIn">
<doc>Runs the given keyword with the given arguments, if ``condition`` is true.</doc>
<arguments>
<arg>${result}==${False}</arg>
<arg>Release Lock</arg>
<arg>'DeviceLock'</arg>
</arguments>
<kw name="Release Lock" library="pabot.PabotLib">
<doc>Release a lock with name.
[https://pabot.org/PabotLib.html?ref=log#release-lock|Open online docs.]</doc>
<arguments>
<arg>'DeviceLock'</arg>
</arguments>
<status status="PASS" starttime="20190927 15:44:06.552" endtime="20190927 15:44:06.558"></status>
</kw>
<status status="PASS" starttime="20190927 15:44:06.551" endtime="20190927 15:44:06.559"></status>
</kw>
<kw name="Run Keyword If" library="BuiltIn">
<doc>Runs the given keyword with the given arguments, if ``condition`` is true.</doc>
<arguments>
<arg>${result}==${False}</arg>
<arg>Should Be True</arg>
<arg>${1} == ${0}</arg>
</arguments>
<kw name="Should Be True" library="BuiltIn">
<doc>Fails if the given condition is not true.</doc>
<arguments>
<arg>${1} == ${0}</arg>
</arguments>
<msg timestamp="20190927 15:44:06.563" level="FAIL">'1 == 0' should be true.</msg>
<status status="FAIL" starttime="20190927 15:44:06.562" endtime="20190927 15:44:06.564"></status>
</kw>
<status status="FAIL" starttime="20190927 15:44:06.560" endtime="20190927 15:44:06.564"></status>
</kw>
<status status="FAIL" starttime="20190927 15:44:06.528" endtime="20190927 15:44:06.565"></status>
</kw>
<kw name="Acquire Device" library="ResourcesSyn">
<kw name="Acquire Lock" library="pabot.PabotLib">
<doc>Wait for a lock with name.
[https://pabot.org/PabotLib.html?ref=log#acquire-lock|Open online docs.]</doc>
<arguments>
<arg>'DeviceLock'</arg>
</arguments>
<status status="PASS" starttime="20190927 15:44:14.567" endtime="20190927 15:44:14.573"></status>
</kw>
<kw name="Get Parallel Value For Key" library="pabot.PabotLib">
<doc>Get the value for a key. If there is no value for the key then empty
string is returned.
[https://pabot.org/PabotLib.html?ref=log#get-parallel-value-for-key|Open online docs.]</doc>
<arguments>
<arg>'avialable_devices'</arg>
</arguments>
<assign>
<var>${avialable}</var>
</assign>
<msg timestamp="20190927 15:44:14.582" level="INFO">${avialable} = [{'type': 'ui', 'ip': '192.168.100.3', 'health': '1'}, {'type': 'api', 'ip': '192.168.100.2', 'health': '1'}, {'type': 'ui', 'ip': '192.168.100.4', 'health': '1'}, {'type': 'api', 'ip': '192.168.100.1...</msg>
<status status="PASS" starttime="20190927 15:44:14.574" endtime="20190927 15:44:14.582"></status>
</kw>
<kw name="Log" library="BuiltIn">
<doc>Logs the given message with the given level.</doc>
<arguments>
<arg>${avialable}</arg>
</arguments>
<msg timestamp="20190927 15:44:14.584" level="INFO">[{'type': 'ui', 'ip': '192.168.100.3', 'health': '1'}, {'type': 'api', 'ip': '192.168.100.2', 'health': '1'}, {'type': 'ui', 'ip': '192.168.100.4', 'health': '1'}, {'type': 'api', 'ip': '192.168.100.1', 'health': '1'}]</msg>
<msg timestamp="20190927 15:44:14.585" level="INFO">#############in log_message
{'timestamp': '20190927 15:44:14.584', 'message': "[{'type': 'ui', 'ip': '192.168.100.3', 'health': '1'}, {'type': 'api', 'ip': '192.168.100.2', 'health': '1'}, {'type': 'ui', 'ip': '192.168.100.4', 'health': '1'}, {'type': 'api', 'ip': '192.168.100.1', 'health': '1'}]", 'level': 'INFO', 'html': 'no'}
xxxxxxxxxxxxxxxx</msg>
<status status="PASS" starttime="20190927 15:44:14.583" endtime="20190927 15:44:14.585"></status>
</kw>
<kw name="Search Device" library="ResourcesSyn">
<arguments>
<arg>${DEVICE_LIST}</arg>
<arg>${avialable}</arg>
</arguments>
<assign>
<var>${result}</var>
</assign>
<msg timestamp="20190927 15:44:14.588" level="INFO">${result} = [[{'type': 'ui', 'ip': '192.168.100.3', 'health': '1'}, {'type': 'ui', 'ip': '192.168.100.4', 'health': '1'}], [{'type': 'api', 'ip': '192.168.100.2', 'health': '1'}, {'type': 'api', 'ip': '192.168.10...</msg>
<status status="PASS" starttime="20190927 15:44:14.586" endtime="20190927 15:44:14.588"></status>
</kw>
<kw name="Run Keyword If" library="BuiltIn">
<doc>Runs the given keyword with the given arguments, if ``condition`` is true.</doc>
<arguments>
<arg>${result}==${False}</arg>
<arg>Release Lock</arg>
<arg>'DeviceLock'</arg>
</arguments>
<status status="PASS" starttime="20190927 15:44:14.589" endtime="20190927 15:44:14.591"></status>
</kw>
<kw name="Run Keyword If" library="BuiltIn">
<doc>Runs the given keyword with the given arguments, if ``condition`` is true.</doc>
<arguments>
<arg>${result}==${False}</arg>
<arg>Should Be True</arg>
<arg>${1} == ${0}</arg>
</arguments>
<status status="PASS" starttime="20190927 15:44:14.592" endtime="20190927 15:44:14.594"></status>
</kw>
<kw name="Set Suite Variable" library="BuiltIn">
<doc>Makes a variable available everywhere within the scope of the current suite.</doc>
<arguments>
<arg>${suite_devices}</arg>
<arg>${result}[0]</arg>
</arguments>
<msg timestamp="20190927 15:44:14.598" level="INFO">${suite_devices} = [{'type': 'ui', 'ip': '192.168.100.3', 'health': '1'}, {'type': 'ui', 'ip': '192.168.100.4', 'health': '1'}]</msg>
<status status="PASS" starttime="20190927 15:44:14.595" endtime="20190927 15:44:14.599"></status>
</kw>
<kw name="Set Parallel Value For Key" library="pabot.PabotLib">
<doc>Set a globally available key and value that can be accessed
from all the pabot processes.
[https://pabot.org/PabotLib.html?ref=log#set-parallel-value-for-key|Open online docs.]</doc>
<arguments>
<arg>'avialable_devices'</arg>
<arg>${result}[1]</arg>
</arguments>
<status status="PASS" starttime="20190927 15:44:14.600" endtime="20190927 15:44:14.606"></status>
</kw>
<kw name="Release Lock" library="pabot.PabotLib">
<doc>Release a lock with name.
[https://pabot.org/PabotLib.html?ref=log#release-lock|Open online docs.]</doc>
<arguments>
<arg>'DeviceLock'</arg>
</arguments>
<status status="PASS" starttime="20190927 15:44:14.606" endtime="20190927 15:44:14.609"></status>
</kw>
<status status="PASS" starttime="20190927 15:44:14.566" endtime="20190927 15:44:14.610"></status>
</kw>
<status status="PASS" starttime="20190927 15:43:10.306" endtime="20190927 15:44:14.610"></status>
</kw>
<kw name="Log" library="BuiltIn">
<doc>Logs the given message with the given level.</doc>
<arguments>
<arg>${suite_devices}</arg>
</arguments>
<msg timestamp="20190927 15:44:14.611" level="INFO">[{'type': 'ui', 'ip': '192.168.100.3', 'health': '1'}, {'type': 'ui', 'ip': '192.168.100.4', 'health': '1'}]</msg>
<msg timestamp="20190927 15:44:14.611" level="INFO">#############in log_message
{'timestamp': '20190927 15:44:14.611', 'message': "[{'type': 'ui', 'ip': '192.168.100.3', 'health': '1'}, {'type': 'ui', 'ip': '192.168.100.4', 'health': '1'}]", 'level': 'INFO', 'html': 'no'}
xxxxxxxxxxxxxxxx</msg>
<status status="PASS" starttime="20190927 15:44:14.611" endtime="20190927 15:44:14.612"></status>
</kw>
<status status="PASS" starttime="20190927 15:43:10.283" endtime="20190927 15:44:14.612"></status>
</kw>
<test id="s1-s1-s1-t1" name="Test_001">
<kw name="Ui Test Setup" library="autotest" type="setup">
<kw name="Log" library="BuiltIn">
<doc>Logs the given message with the given level.</doc>
<arguments>
<arg>1</arg>
</arguments>
<msg timestamp="20190927 15:44:14.615" level="INFO">1</msg>
<msg timestamp="20190927 15:44:14.616" level="INFO">#############in log_message
{'timestamp': '20190927 15:44:14.615', 'message': '1', 'level': 'INFO', 'html': 'no'}
xxxxxxxxxxxxxxxx</msg>
<status status="PASS" starttime="20190927 15:44:14.614" endtime="20190927 15:44:14.616"></status>
</kw>
<status status="PASS" starttime="20190927 15:44:14.614" endtime="20190927 15:44:14.616"></status>
</kw>
<kw name="Log" library="BuiltIn">
<doc>Logs the given message with the given level.</doc>
<arguments>
<arg>123</arg>
</arguments>
<msg timestamp="20190927 15:44:14.618" level="INFO">123</msg>
<msg timestamp="20190927 15:44:14.618" level="INFO">#############in log_message
{'timestamp': '20190927 15:44:14.618', 'message': '123', 'level': 'INFO', 'html': 'no'}
xxxxxxxxxxxxxxxx</msg>
<status status="PASS" starttime="20190927 15:44:14.617" endtime="20190927 15:44:14.618"></status>
</kw>
<kw name="Sleep" library="BuiltIn">
<doc>Pauses the test executed for the given time.</doc>
<arguments>
<arg>130s</arg>
</arguments>
<msg timestamp="20190927 15:46:24.619" level="INFO">Slept 2 minutes 10 seconds</msg>
<msg timestamp="20190927 15:46:24.619" level="INFO">#############in log_message
{'timestamp': '20190927 15:46:24.619', 'message': 'Slept 2 minutes 10 seconds', 'level': 'INFO', 'html': 'no'}
xxxxxxxxxxxxxxxx</msg>
<status status="PASS" starttime="20190927 15:44:14.618" endtime="20190927 15:46:24.620"></status>
</kw>
<kw name="Log" library="BuiltIn">
<doc>Logs the given message with the given level.</doc>
<arguments>
<arg>${name}</arg>
</arguments>
<msg timestamp="20190927 15:46:24.623" level="INFO">yangjian</msg>
<msg timestamp="20190927 15:46:24.623" level="INFO">#############in log_message
{'timestamp': '20190927 15:46:24.623', 'message': 'yangjian', 'level': 'INFO', 'html': 'no'}
xxxxxxxxxxxxxxxx</msg>
<status status="PASS" starttime="20190927 15:46:24.621" endtime="20190927 15:46:24.624"></status>
</kw>
<kw name="Ui Test Teardown" library="autotest" type="teardown">
<kw name="Log" library="BuiltIn">
<doc>Logs the given message with the given level.</doc>
<arguments>
<arg>1</arg>
</arguments>
<msg timestamp="20190927 15:46:24.627" level="INFO">1</msg>
<msg timestamp="20190927 15:46:24.628" level="INFO">#############in log_message
{'timestamp': '20190927 15:46:24.627', 'message': '1', 'level': 'INFO', 'html': 'no'}
xxxxxxxxxxxxxxxx</msg>
<status status="PASS" starttime="20190927 15:46:24.626" endtime="20190927 15:46:24.628"></status>
</kw>
<status status="PASS" starttime="20190927 15:46:24.625" endtime="20190927 15:46:24.629"></status>
</kw>
<tags>
<tag>para-test</tag>
<tag>test-tag1</tag>
<tag>test-tag2</tag>
</tags>
<timeout value="2 minutes 30 seconds"></timeout>
<status status="PASS" starttime="20190927 15:44:14.612" endtime="20190927 15:46:24.630" critical="yes"></status>
</test>
<kw name="Ui Suite Teardown" library="autotest" type="teardown">
<kw name="Release Device" library="ResourcesSyn">
<kw name="Get Parallel Value For Key" library="pabot.PabotLib">
<doc>Get the value for a key. If there is no value for the key then empty
string is returned.
[https://pabot.org/PabotLib.html?ref=log#get-parallel-value-for-key|Open online docs.]</doc>
<arguments>
<arg>'avialable_devices'</arg>
</arguments>
<assign>
<var>${avialable}</var>
</assign>
<msg timestamp="20190927 15:46:24.646" level="INFO">${avialable} = [{'type': 'api', 'ip': '192.168.100.2', 'health': '1'}, {'type': 'api', 'ip': '192.168.100.1', 'health': '1'}, {'type': 'ui', 'ip': '192.168.100.3', 'health': '1'}, {'type': 'ui', 'ip': '192.168.100.4...</msg>
<status status="PASS" starttime="20190927 15:46:24.639" endtime="20190927 15:46:24.647"></status>
</kw>
<kw name="${device} IN [ @{suite_devices} ]" type="for">
<kw name="${device} = {'type': 'ui', 'ip': '192.168.100.3', 'health': '1'}" type="foritem">
<kw name="Append To List" library="Collections">
<doc>Adds ``values`` to the end of ``list``.</doc>
<arguments>
<arg>${avialable}</arg>
<arg>${device}</arg>
</arguments>
<status status="PASS" starttime="20190927 15:46:24.649" endtime="20190927 15:46:24.650"></status>
</kw>
<status status="PASS" starttime="20190927 15:46:24.648" endtime="20190927 15:46:24.651"></status>
</kw>
<kw name="${device} = {'type': 'ui', 'ip': '192.168.100.4', 'health': '1'}" type="foritem">
<kw name="Append To List" library="Collections">
<doc>Adds ``values`` to the end of ``list``.</doc>
<arguments>
<arg>${avialable}</arg>
<arg>${device}</arg>
</arguments>
<status status="PASS" starttime="20190927 15:46:24.652" endtime="20190927 15:46:24.654"></status>
</kw>
<status status="PASS" starttime="20190927 15:46:24.652" endtime="20190927 15:46:24.656"></status>
</kw>
<status status="PASS" starttime="20190927 15:46:24.647" endtime="20190927 15:46:24.656"></status>
</kw>
<kw name="Log" library="BuiltIn">
<doc>Logs the given message with the given level.</doc>
<arguments>
<arg>${avialable}</arg>
</arguments>
<msg timestamp="20190927 15:46:24.657" level="INFO">[{'type': 'api', 'ip': '192.168.100.2', 'health': '1'}, {'type': 'api', 'ip': '192.168.100.1', 'health': '1'}, {'type': 'ui', 'ip': '192.168.100.3', 'health': '1'}, {'type': 'ui', 'ip': '192.168.100.4', 'health': '1'}, {'type': 'ui', 'ip': '192.168.100.3', 'health': '1'}, {'type': 'ui', 'ip': '192.168.100.4', 'health': '1'}]</msg>
<msg timestamp="20190927 15:46:24.658" level="INFO">#############in log_message
{'timestamp': '20190927 15:46:24.657', 'message': "[{'type': 'api', 'ip': '192.168.100.2', 'health': '1'}, {'type': 'api', 'ip': '192.168.100.1', 'health': '1'}, {'type': 'ui', 'ip': '192.168.100.3', 'health': '1'}, {'type': 'ui', 'ip': '192.168.100.4', 'health': '1'}, {'type': 'ui', 'ip': '192.168.100.3', 'health': '1'}, {'type': 'ui', 'ip': '192.168.100.4', 'health': '1'}]", 'level': 'INFO', 'html': 'no'}
xxxxxxxxxxxxxxxx</msg>
<status status="PASS" starttime="20190927 15:46:24.657" endtime="20190927 15:46:24.658"></status>
</kw>
<kw name="Set Parallel Value For Key" library="pabot.PabotLib">
<doc>Set a globally available key and value that can be accessed
from all the pabot processes.
[https://pabot.org/PabotLib.html?ref=log#set-parallel-value-for-key|Open online docs.]</doc>
<arguments>
<arg>'avialable_devices'</arg>
<arg>${avialable}</arg>
</arguments>
<status status="PASS" starttime="20190927 15:46:24.658" endtime="20190927 15:46:24.663"></status>
</kw>
<status status="PASS" starttime="20190927 15:46:24.637" endtime="20190927 15:46:24.664"></status>
</kw>
<status status="PASS" starttime="20190927 15:46:24.636" endtime="20190927 15:46:24.664"></status>
</kw>
<status status="PASS" starttime="20190927 15:43:09.533" endtime="20190927 15:46:24.664"></status>
</suite>
<status status="PASS" starttime="20190927 15:43:09.529" endtime="20190927 15:46:24.668"></status>
</suite>
<status status="PASS" starttime="20190927 15:43:09.485" endtime="20190927 15:46:24.671"></status>
</suite>
<statistics>
<total>
<stat pass="1" fail="0">Critical Tests</stat>
<stat pass="1" fail="0">All Tests</stat>
</total>
<tag>
<stat pass="1" fail="0">para-test</stat>
<stat pass="1" fail="0">test-tag1</stat>
<stat pass="1" fail="0">test-tag2</stat>
</tag>
<suite>
<stat pass="1" fail="0" id="s1" name="robotbase">robotbase</stat>
<stat pass="1" fail="0" id="s1-s1" name="Parallel Test">robotbase.Parallel Test</stat>
<stat pass="1" fail="0" id="s1-s1-s1" name="Suite111">robotbase.Parallel Test.Suite111</stat>
</suite>
</statistics>
<errors>
</errors>
</robot>
